{"F:\\Projects\\ai-avatar-companion\\ai-avatar-companion\\components\\AvatarModeModal.tsx": {"path":"F:\\Projects\\ai-avatar-companion\\ai-avatar-companion\\components\\AvatarModeModal.tsx","statementMap":{"0":{"start":{"line":21,"column":24},"end":{"line":21,"column":40}},"1":{"start":{"line":3,"column":23},"end":{"line":3,"column":null}},"2":{"start":{"line":4,"column":18},"end":{"line":4,"column":null}},"3":{"start":{"line":5,"column":36},"end":{"line":5,"column":null}},"4":{"start":{"line":6,"column":26},"end":{"line":6,"column":null}},"5":{"start":{"line":27,"column":30},"end":{"line":27,"column":null}},"6":{"start":{"line":28,"column":38},"end":{"line":28,"column":null}},"7":{"start":{"line":30,"column":2},"end":{"line":32,"column":null}},"8":{"start":{"line":31,"column":4},"end":{"line":31,"column":null}},"9":{"start":{"line":31,"column":14},"end":{"line":31,"column":null}},"10":{"start":{"line":34,"column":2},"end":{"line":39,"column":null}},"11":{"start":{"line":35,"column":4},"end":{"line":35,"column":null}},"12":{"start":{"line":35,"column":15},"end":{"line":35,"column":null}},"13":{"start":{"line":36,"column":18},"end":{"line":36,"column":null}},"14":{"start":{"line":36,"column":40},"end":{"line":36,"column":null}},"15":{"start":{"line":37,"column":4},"end":{"line":37,"column":null}},"16":{"start":{"line":38,"column":4},"end":{"line":38,"column":null}},"17":{"start":{"line":38,"column":17},"end":{"line":38,"column":null}},"18":{"start":{"line":41,"column":15},"end":{"line":44,"column":null}},"19":{"start":{"line":42,"column":4},"end":{"line":42,"column":null}},"20":{"start":{"line":43,"column":4},"end":{"line":43,"column":null}},"21":{"start":{"line":48,"column":2},"end":{"line":48,"column":null}},"22":{"start":{"line":48,"column":13},"end":{"line":48,"column":null}},"23":{"start":{"line":65,"column":26},"end":{"line":65,"column":null}},"24":{"start":{"line":123,"column":32},"end":{"line":123,"column":null}},"25":{"start":{"line":138,"column":32},"end":{"line":138,"column":null}},"26":{"start":{"line":180,"column":31},"end":{"line":180,"column":null}},"27":{"start":{"line":180,"column":52},"end":{"line":180,"column":null}},"28":{"start":{"line":297,"column":12},"end":{"line":297,"column":28}}},"fnMap":{"0":{"name":"AvatarModeModal","decl":{"start":{"line":21,"column":24},"end":{"line":21,"column":40}},"loc":{"start":{"line":26,"column":23},"end":{"line":230,"column":null}}},"1":{"name":"(anonymous_3)","decl":{"start":{"line":30,"column":12},"end":{"line":30,"column":null}},"loc":{"start":{"line":30,"column":12},"end":{"line":32,"column":5}}},"2":{"name":"(anonymous_4)","decl":{"start":{"line":34,"column":12},"end":{"line":34,"column":null}},"loc":{"start":{"line":34,"column":12},"end":{"line":39,"column":5}}},"3":{"name":"(anonymous_5)","decl":{"start":{"line":36,"column":18},"end":{"line":36,"column":19}},"loc":{"start":{"line":36,"column":40},"end":{"line":36,"column":null}}},"4":{"name":"(anonymous_6)","decl":{"start":{"line":38,"column":11},"end":{"line":38,"column":17}},"loc":{"start":{"line":38,"column":17},"end":{"line":38,"column":null}}},"5":{"name":"(anonymous_7)","decl":{"start":{"line":41,"column":15},"end":{"line":41,"column":null}},"loc":{"start":{"line":41,"column":15},"end":{"line":44,"column":null}}},"6":{"name":"(anonymous_8)","decl":{"start":{"line":65,"column":19},"end":{"line":65,"column":20}},"loc":{"start":{"line":65,"column":26},"end":{"line":65,"column":null}}},"7":{"name":"(anonymous_9)","decl":{"start":{"line":123,"column":26},"end":{"line":123,"column":32}},"loc":{"start":{"line":123,"column":32},"end":{"line":123,"column":null}}},"8":{"name":"(anonymous_10)","decl":{"start":{"line":138,"column":26},"end":{"line":138,"column":32}},"loc":{"start":{"line":138,"column":32},"end":{"line":138,"column":null}}},"9":{"name":"(anonymous_11)","decl":{"start":{"line":180,"column":25},"end":{"line":180,"column":31}},"loc":{"start":{"line":180,"column":31},"end":{"line":180,"column":null}}},"10":{"name":"(anonymous_12)","decl":{"start":{"line":180,"column":45},"end":{"line":180,"column":46}},"loc":{"start":{"line":180,"column":52},"end":{"line":180,"column":null}}},"11":{"name":"ModeCard","decl":{"start":{"line":232,"column":9},"end":{"line":232,"column":18}},"loc":{"start":{"line":252,"column":1},"end":{"line":311,"column":null}}},"12":{"name":"(anonymous_14)","decl":{"start":{"line":296,"column":24},"end":{"line":296,"column":25}},"loc":{"start":{"line":297,"column":12},"end":{"line":297,"column":28}}},"13":{"name":"WifiIcon","decl":{"start":{"line":313,"column":9},"end":{"line":313,"column":null}},"loc":{"start":{"line":313,"column":9},"end":{"line":328,"column":null}}},"14":{"name":"ShieldIcon","decl":{"start":{"line":329,"column":9},"end":{"line":329,"column":null}},"loc":{"start":{"line":329,"column":9},"end":{"line":342,"column":null}}}},"branchMap":{"0":{"loc":{"start":{"line":27,"column":57},"end":{"line":27,"column":null}},"type":"cond-expr","locations":[{"start":{"line":27,"column":77},"end":{"line":27,"column":86}},{"start":{"line":27,"column":86},"end":{"line":27,"column":null}}]},"1":{"loc":{"start":{"line":31,"column":4},"end":{"line":31,"column":null}},"type":"if","locations":[{"start":{"line":31,"column":4},"end":{"line":31,"column":null}}]},"2":{"loc":{"start":{"line":31,"column":24},"end":{"line":31,"column":null}},"type":"cond-expr","locations":[{"start":{"line":31,"column":44},"end":{"line":31,"column":53}},{"start":{"line":31,"column":53},"end":{"line":31,"column":null}}]},"3":{"loc":{"start":{"line":35,"column":4},"end":{"line":35,"column":null}},"type":"if","locations":[{"start":{"line":35,"column":4},"end":{"line":35,"column":null}}]},"4":{"loc":{"start":{"line":36,"column":40},"end":{"line":36,"column":null}},"type":"binary-expr","locations":[{"start":{"line":36,"column":40},"end":{"line":36,"column":62}},{"start":{"line":36,"column":62},"end":{"line":36,"column":null}}]},"5":{"loc":{"start":{"line":48,"column":2},"end":{"line":48,"column":null}},"type":"if","locations":[{"start":{"line":48,"column":2},"end":{"line":48,"column":null}}]},"6":{"loc":{"start":{"line":181,"column":88},"end":{"line":181,"column":137}},"type":"cond-expr","locations":[{"start":{"line":181,"column":101},"end":{"line":181,"column":123}},{"start":{"line":181,"column":123},"end":{"line":181,"column":137}}]},"7":{"loc":{"start":{"line":187,"column":33},"end":{"line":187,"column":53}},"type":"cond-expr","locations":[{"start":{"line":187,"column":46},"end":{"line":187,"column":51}},{"start":{"line":187,"column":51},"end":{"line":187,"column":53}}]},"8":{"loc":{"start":{"line":258,"column":108},"end":{"line":258,"column":184}},"type":"cond-expr","locations":[{"start":{"line":258,"column":119},"end":{"line":258,"column":166}},{"start":{"line":258,"column":166},"end":{"line":258,"column":184}}]},"9":{"loc":{"start":{"line":260,"column":7},"end":{"line":260,"column":null}},"type":"binary-expr","locations":[{"start":{"line":260,"column":7},"end":{"line":260,"column":null}}]},"10":{"loc":{"start":{"line":282,"column":130},"end":{"line":282,"column":232}},"type":"cond-expr","locations":[{"start":{"line":282,"column":154},"end":{"line":282,"column":195}},{"start":{"line":282,"column":195},"end":{"line":282,"column":232}}]},"11":{"loc":{"start":{"line":285,"column":51},"end":{"line":285,"column":112}},"type":"cond-expr","locations":[{"start":{"line":285,"column":75},"end":{"line":285,"column":95}},{"start":{"line":285,"column":95},"end":{"line":285,"column":112}}]},"12":{"loc":{"start":{"line":304,"column":82},"end":{"line":304,"column":219}},"type":"cond-expr","locations":[{"start":{"line":304,"column":100},"end":{"line":304,"column":175}},{"start":{"line":304,"column":175},"end":{"line":304,"column":219}}]}},"s":{"0":12,"1":3,"2":3,"3":3,"4":3,"5":14,"6":14,"7":14,"8":8,"9":2,"10":14,"11":12,"12":10,"13":2,"14":0,"15":2,"16":2,"17":2,"18":14,"19":1,"20":1,"21":14,"22":10,"23":2,"24":1,"25":0,"26":0,"27":0,"28":18},"f":{"0":14,"1":8,"2":12,"3":0,"4":2,"5":1,"6":2,"7":1,"8":0,"9":0,"10":0,"11":6,"12":18,"13":3,"14":3},"b":{"0":[0,14],"1":[2],"2":[0,2],"3":[10],"4":[0,0],"5":[10],"6":[4,0],"7":[4,0],"8":[3,3],"9":[6],"10":[3,3],"11":[3,3],"12":[3,3]}}
,"F:\\Projects\\ai-avatar-companion\\ai-avatar-companion\\components\\AvatarOrb.tsx": {"path":"F:\\Projects\\ai-avatar-companion\\ai-avatar-companion\\components\\AvatarOrb.tsx","statementMap":{"0":{"start":{"line":24,"column":16},"end":{"line":24,"column":27}},"1":{"start":{"line":64,"column":24},"end":{"line":64,"column":34}},"2":{"start":{"line":3,"column":20},"end":{"line":3,"column":null}},"3":{"start":{"line":4,"column":83},"end":{"line":4,"column":null}},"4":{"start":{"line":5,"column":42},"end":{"line":5,"column":null}},"5":{"start":{"line":10,"column":32},"end":{"line":10,"column":64}},"6":{"start":{"line":25,"column":2},"end":{"line":43,"column":null}},"7":{"start":{"line":27,"column":6},"end":{"line":27,"column":null}},"8":{"start":{"line":32,"column":6},"end":{"line":32,"column":null}},"9":{"start":{"line":34,"column":6},"end":{"line":34,"column":null}},"10":{"start":{"line":36,"column":6},"end":{"line":36,"column":null}},"11":{"start":{"line":42,"column":6},"end":{"line":42,"column":null}},"12":{"start":{"line":47,"column":30},"end":{"line":47,"column":null}},"13":{"start":{"line":48,"column":2},"end":{"line":54,"column":null}},"14":{"start":{"line":49,"column":15},"end":{"line":49,"column":null}},"15":{"start":{"line":50,"column":4},"end":{"line":50,"column":null}},"16":{"start":{"line":51,"column":15},"end":{"line":51,"column":null}},"17":{"start":{"line":51,"column":21},"end":{"line":51,"column":null}},"18":{"start":{"line":52,"column":4},"end":{"line":52,"column":null}},"19":{"start":{"line":53,"column":4},"end":{"line":53,"column":null}},"20":{"start":{"line":53,"column":17},"end":{"line":53,"column":null}},"21":{"start":{"line":55,"column":2},"end":{"line":55,"column":null}},"22":{"start":{"line":71,"column":19},"end":{"line":71,"column":null}},"23":{"start":{"line":72,"column":17},"end":{"line":72,"column":null}},"24":{"start":{"line":73,"column":32},"end":{"line":73,"column":null}},"25":{"start":{"line":74,"column":40},"end":{"line":74,"column":null}},"26":{"start":{"line":75,"column":18},"end":{"line":75,"column":null}},"27":{"start":{"line":77,"column":2},"end":{"line":81,"column":null}},"28":{"start":{"line":78,"column":15},"end":{"line":78,"column":null}},"29":{"start":{"line":78,"column":21},"end":{"line":78,"column":null}},"30":{"start":{"line":79,"column":4},"end":{"line":79,"column":null}},"31":{"start":{"line":80,"column":4},"end":{"line":80,"column":null}},"32":{"start":{"line":80,"column":17},"end":{"line":80,"column":null}},"33":{"start":{"line":83,"column":18},"end":{"line":83,"column":38}},"34":{"start":{"line":85,"column":21},"end":{"line":85,"column":null}},"35":{"start":{"line":86,"column":17},"end":{"line":86,"column":null}},"36":{"start":{"line":106,"column":40},"end":{"line":106,"column":null}},"37":{"start":{"line":137,"column":2},"end":{"line":144,"column":null}},"38":{"start":{"line":138,"column":4},"end":{"line":143,"column":null}},"39":{"start":{"line":139,"column":16},"end":{"line":139,"column":null}},"40":{"start":{"line":140,"column":6},"end":{"line":140,"column":null}},"41":{"start":{"line":140,"column":61},"end":{"line":140,"column":null}},"42":{"start":{"line":142,"column":6},"end":{"line":142,"column":null}},"43":{"start":{"line":150,"column":12},"end":{"line":150,"column":29}}},"fnMap":{"0":{"name":"(anonymous_7)","decl":{"start":{"line":10,"column":26},"end":{"line":10,"column":32}},"loc":{"start":{"line":10,"column":32},"end":{"line":10,"column":64}}},"1":{"name":"(anonymous_8)","decl":{"start":{"line":10,"column":32},"end":{"line":10,"column":39}},"loc":{"start":{"line":10,"column":32},"end":{"line":10,"column":64}}},"2":{"name":"avatarToOrb","decl":{"start":{"line":24,"column":16},"end":{"line":24,"column":27}},"loc":{"start":{"line":24,"column":46},"end":{"line":44,"column":null}}},"3":{"name":"usePrefersReducedMotion","decl":{"start":{"line":46,"column":9},"end":{"line":46,"column":null}},"loc":{"start":{"line":46,"column":9},"end":{"line":56,"column":null}}},"4":{"name":"(anonymous_12)","decl":{"start":{"line":48,"column":12},"end":{"line":48,"column":null}},"loc":{"start":{"line":48,"column":12},"end":{"line":54,"column":5}}},"5":{"name":"(anonymous_13)","decl":{"start":{"line":51,"column":15},"end":{"line":51,"column":21}},"loc":{"start":{"line":51,"column":21},"end":{"line":51,"column":null}}},"6":{"name":"(anonymous_14)","decl":{"start":{"line":53,"column":11},"end":{"line":53,"column":17}},"loc":{"start":{"line":53,"column":17},"end":{"line":53,"column":null}}},"7":{"name":"AvatarOrb","decl":{"start":{"line":64,"column":24},"end":{"line":64,"column":34}},"loc":{"start":{"line":70,"column":17},"end":{"line":130,"column":1}}},"8":{"name":"(anonymous_16)","decl":{"start":{"line":77,"column":12},"end":{"line":77,"column":null}},"loc":{"start":{"line":77,"column":12},"end":{"line":81,"column":5}}},"9":{"name":"(anonymous_17)","decl":{"start":{"line":78,"column":15},"end":{"line":78,"column":21}},"loc":{"start":{"line":78,"column":21},"end":{"line":78,"column":null}}},"10":{"name":"(anonymous_18)","decl":{"start":{"line":80,"column":11},"end":{"line":80,"column":17}},"loc":{"start":{"line":80,"column":17},"end":{"line":80,"column":null}}},"11":{"name":"(anonymous_19)","decl":{"start":{"line":106,"column":34},"end":{"line":106,"column":40}},"loc":{"start":{"line":106,"column":40},"end":{"line":106,"column":null}}},"12":{"name":"OrbErrorGuard","decl":{"start":{"line":133,"column":9},"end":{"line":133,"column":23}},"loc":{"start":{"line":133,"column":90},"end":{"line":146,"column":null}}},"13":{"name":"(anonymous_21)","decl":{"start":{"line":137,"column":12},"end":{"line":137,"column":null}},"loc":{"start":{"line":137,"column":12},"end":{"line":144,"column":5}}},"14":{"name":"CssOrb","decl":{"start":{"line":149,"column":9},"end":{"line":149,"column":16}},"loc":{"start":{"line":149,"column":46},"end":{"line":162,"column":null}}}},"branchMap":{"0":{"loc":{"start":{"line":25,"column":2},"end":{"line":43,"column":null}},"type":"switch","locations":[{"start":{"line":26,"column":4},"end":{"line":27,"column":null}},{"start":{"line":28,"column":4},"end":{"line":28,"column":null}},{"start":{"line":29,"column":4},"end":{"line":29,"column":null}},{"start":{"line":30,"column":4},"end":{"line":30,"column":null}},{"start":{"line":31,"column":4},"end":{"line":32,"column":null}},{"start":{"line":33,"column":4},"end":{"line":34,"column":null}},{"start":{"line":35,"column":4},"end":{"line":36,"column":null}},{"start":{"line":37,"column":4},"end":{"line":37,"column":null}},{"start":{"line":38,"column":4},"end":{"line":38,"column":null}},{"start":{"line":39,"column":4},"end":{"line":39,"column":null}},{"start":{"line":40,"column":4},"end":{"line":40,"column":null}},{"start":{"line":41,"column":4},"end":{"line":42,"column":null}}]},"1":{"loc":{"start":{"line":67,"column":2},"end":{"line":67,"column":12}},"type":"default-arg","locations":[{"start":{"line":67,"column":9},"end":{"line":67,"column":12}}]},"2":{"loc":{"start":{"line":69,"column":2},"end":{"line":69,"column":16}},"type":"default-arg","locations":[{"start":{"line":69,"column":14},"end":{"line":69,"column":16}}]},"3":{"loc":{"start":{"line":86,"column":17},"end":{"line":86,"column":null}},"type":"binary-expr","locations":[{"start":{"line":86,"column":17},"end":{"line":86,"column":27}},{"start":{"line":86,"column":27},"end":{"line":86,"column":null}}]},"4":{"loc":{"start":{"line":104,"column":10},"end":{"line":106,"column":11}},"type":"cond-expr","locations":[{"start":{"line":104,"column":10},"end":{"line":106,"column":11}}]},"5":{"loc":{"start":{"line":140,"column":6},"end":{"line":140,"column":null}},"type":"if","locations":[{"start":{"line":140,"column":6},"end":{"line":140,"column":null}}]},"6":{"loc":{"start":{"line":140,"column":10},"end":{"line":140,"column":61}},"type":"binary-expr","locations":[{"start":{"line":140,"column":10},"end":{"line":140,"column":37}},{"start":{"line":140,"column":37},"end":{"line":140,"column":61}}]}},"s":{"0":8,"1":13,"2":2,"3":2,"4":2,"5":4,"6":22,"7":3,"8":3,"9":1,"10":1,"11":14,"12":14,"13":14,"14":5,"15":5,"16":5,"17":0,"18":5,"19":5,"20":5,"21":14,"22":14,"23":14,"24":14,"25":14,"26":14,"27":14,"28":5,"29":0,"30":5,"31":5,"32":5,"33":14,"34":14,"35":14,"36":5,"37":5,"38":5,"39":5,"40":5,"41":5,"42":0,"43":9},"f":{"0":2,"1":2,"2":22,"3":14,"4":5,"5":0,"6":5,"7":14,"8":5,"9":0,"10":5,"11":5,"12":5,"13":5,"14":9},"b":{"0":[3,1,2,3,3,1,1,1,1,14,14,14],"1":[2],"2":[14],"3":[14,14],"4":[9],"5":[5],"6":[5,5]}}
,"F:\\Projects\\ai-avatar-companion\\ai-avatar-companion\\components\\AvatarStage.tsx": {"path":"F:\\Projects\\ai-avatar-companion\\ai-avatar-companion\\components\\AvatarStage.tsx","statementMap":{"0":{"start":{"line":28,"column":24},"end":{"line":28,"column":36}},"1":{"start":{"line":3,"column":18},"end":{"line":3,"column":null}},"2":{"start":{"line":4,"column":75},"end":{"line":4,"column":null}},"3":{"start":{"line":5,"column":22},"end":{"line":5,"column":null}},"4":{"start":{"line":6,"column":21},"end":{"line":6,"column":null}},"5":{"start":{"line":35,"column":21},"end":{"line":35,"column":null}},"6":{"start":{"line":37,"column":42},"end":{"line":37,"column":null}},"7":{"start":{"line":38,"column":46},"end":{"line":38,"column":null}},"8":{"start":{"line":39,"column":2},"end":{"line":41,"column":null}},"9":{"start":{"line":40,"column":4},"end":{"line":40,"column":null}},"10":{"start":{"line":40,"column":21},"end":{"line":40,"column":null}},"11":{"start":{"line":45,"column":26},"end":{"line":45,"column":null}},"12":{"start":{"line":46,"column":2},"end":{"line":54,"column":null}},"13":{"start":{"line":47,"column":16},"end":{"line":50,"column":null}},"14":{"start":{"line":48,"column":16},"end":{"line":48,"column":33}},"15":{"start":{"line":49,"column":6},"end":{"line":49,"column":null}},"16":{"start":{"line":51,"column":4},"end":{"line":51,"column":null}},"17":{"start":{"line":52,"column":4},"end":{"line":52,"column":null}},"18":{"start":{"line":53,"column":4},"end":{"line":53,"column":null}},"19":{"start":{"line":53,"column":17},"end":{"line":53,"column":null}},"20":{"start":{"line":56,"column":20},"end":{"line":56,"column":null}},"21":{"start":{"line":57,"column":21},"end":{"line":57,"column":null}},"22":{"start":{"line":58,"column":19},"end":{"line":58,"column":null}},"23":{"start":{"line":77,"column":31},"end":{"line":77,"column":null}},"24":{"start":{"line":78,"column":34},"end":{"line":78,"column":null}},"25":{"start":{"line":81,"column":31},"end":{"line":81,"column":null}},"26":{"start":{"line":82,"column":29},"end":{"line":82,"column":null}},"27":{"start":{"line":99,"column":30},"end":{"line":99,"column":null}}},"fnMap":{"0":{"name":"AvatarStage","decl":{"start":{"line":28,"column":24},"end":{"line":28,"column":36}},"loc":{"start":{"line":34,"column":19},"end":{"line":139,"column":null}}},"1":{"name":"(anonymous_3)","decl":{"start":{"line":39,"column":12},"end":{"line":39,"column":null}},"loc":{"start":{"line":39,"column":12},"end":{"line":41,"column":5}}},"2":{"name":"(anonymous_4)","decl":{"start":{"line":46,"column":12},"end":{"line":46,"column":null}},"loc":{"start":{"line":46,"column":12},"end":{"line":54,"column":5}}},"3":{"name":"(anonymous_5)","decl":{"start":{"line":47,"column":16},"end":{"line":47,"column":null}},"loc":{"start":{"line":47,"column":16},"end":{"line":50,"column":null}}},"4":{"name":"(anonymous_6)","decl":{"start":{"line":53,"column":11},"end":{"line":53,"column":17}},"loc":{"start":{"line":53,"column":17},"end":{"line":53,"column":null}}},"5":{"name":"(anonymous_7)","decl":{"start":{"line":77,"column":25},"end":{"line":77,"column":31}},"loc":{"start":{"line":77,"column":31},"end":{"line":77,"column":null}}},"6":{"name":"(anonymous_8)","decl":{"start":{"line":78,"column":28},"end":{"line":78,"column":34}},"loc":{"start":{"line":78,"column":34},"end":{"line":78,"column":null}}},"7":{"name":"(anonymous_9)","decl":{"start":{"line":81,"column":25},"end":{"line":81,"column":31}},"loc":{"start":{"line":81,"column":31},"end":{"line":81,"column":null}}},"8":{"name":"(anonymous_10)","decl":{"start":{"line":82,"column":23},"end":{"line":82,"column":29}},"loc":{"start":{"line":82,"column":29},"end":{"line":82,"column":null}}},"9":{"name":"(anonymous_11)","decl":{"start":{"line":99,"column":24},"end":{"line":99,"column":30}},"loc":{"start":{"line":99,"column":30},"end":{"line":99,"column":null}}}},"branchMap":{"0":{"loc":{"start":{"line":32,"column":2},"end":{"line":32,"column":20}},"type":"default-arg","locations":[{"start":{"line":32,"column":15},"end":{"line":32,"column":20}}]},"1":{"loc":{"start":{"line":40,"column":4},"end":{"line":40,"column":null}},"type":"if","locations":[{"start":{"line":40,"column":4},"end":{"line":40,"column":null}}]},"2":{"loc":{"start":{"line":49,"column":14},"end":{"line":49,"column":null}},"type":"cond-expr","locations":[{"start":{"line":49,"column":24},"end":{"line":49,"column":30}},{"start":{"line":49,"column":30},"end":{"line":49,"column":null}}]},"3":{"loc":{"start":{"line":49,"column":30},"end":{"line":49,"column":null}},"type":"cond-expr","locations":[{"start":{"line":49,"column":40},"end":{"line":49,"column":46}},{"start":{"line":49,"column":46},"end":{"line":49,"column":null}}]},"4":{"loc":{"start":{"line":49,"column":46},"end":{"line":49,"column":null}},"type":"cond-expr","locations":[{"start":{"line":49,"column":57},"end":{"line":49,"column":63}},{"start":{"line":49,"column":63},"end":{"line":49,"column":null}}]},"5":{"loc":{"start":{"line":56,"column":20},"end":{"line":56,"column":null}},"type":"binary-expr","locations":[{"start":{"line":56,"column":20},"end":{"line":56,"column":34}},{"start":{"line":56,"column":34},"end":{"line":56,"column":null}}]},"6":{"loc":{"start":{"line":57,"column":21},"end":{"line":57,"column":null}},"type":"binary-expr","locations":[{"start":{"line":57,"column":21},"end":{"line":57,"column":35}},{"start":{"line":57,"column":35},"end":{"line":57,"column":null}}]},"7":{"loc":{"start":{"line":65,"column":12},"end":{"line":65,"column":null}},"type":"cond-expr","locations":[{"start":{"line":65,"column":25},"end":{"line":65,"column":43}},{"start":{"line":65,"column":43},"end":{"line":65,"column":null}}]},"8":{"loc":{"start":{"line":71,"column":11},"end":{"line":71,"column":null}},"type":"binary-expr","locations":[{"start":{"line":71,"column":11},"end":{"line":71,"column":null}}]},"9":{"loc":{"start":{"line":84,"column":16},"end":{"line":84,"column":null}},"type":"cond-expr","locations":[{"start":{"line":84,"column":28},"end":{"line":84,"column":44}},{"start":{"line":84,"column":44},"end":{"line":84,"column":null}}]},"10":{"loc":{"start":{"line":88,"column":11},"end":{"line":88,"column":23}},"type":"binary-expr","locations":[{"start":{"line":88,"column":11},"end":{"line":88,"column":23}}]},"11":{"loc":{"start":{"line":90,"column":11},"end":{"line":90,"column":null}},"type":"binary-expr","locations":[{"start":{"line":90,"column":11},"end":{"line":90,"column":null}}]},"12":{"loc":{"start":{"line":92,"column":15},"end":{"line":92,"column":34}},"type":"binary-expr","locations":[{"start":{"line":92,"column":15},"end":{"line":92,"column":34}}]},"13":{"loc":{"start":{"line":100,"column":75},"end":{"line":100,"column":120}},"type":"cond-expr","locations":[{"start":{"line":100,"column":92},"end":{"line":100,"column":108}},{"start":{"line":100,"column":108},"end":{"line":100,"column":120}}]},"14":{"loc":{"start":{"line":105,"column":11},"end":{"line":105,"column":null}},"type":"binary-expr","locations":[{"start":{"line":105,"column":11},"end":{"line":105,"column":null}}]}},"s":{"0":11,"1":2,"2":2,"3":2,"4":2,"5":12,"6":12,"7":12,"8":12,"9":4,"10":4,"11":12,"12":12,"13":4,"14":4,"15":4,"16":4,"17":4,"18":4,"19":4,"20":12,"21":12,"22":12,"23":0,"24":0,"25":0,"26":0,"27":0},"f":{"0":12,"1":4,"2":4,"3":4,"4":4,"5":0,"6":0,"7":0,"8":0,"9":0},"b":{"0":[2],"1":[4],"2":[0,4],"3":[0,4],"4":[0,4],"5":[12,0],"6":[12,0],"7":[0,12],"8":[12],"9":[0,10],"10":[12],"11":[12],"12":[12],"13":[0,12],"14":[12]}}
,"F:\\Projects\\ai-avatar-companion\\ai-avatar-companion\\components\\CameraPanel.tsx": {"path":"F:\\Projects\\ai-avatar-companion\\ai-avatar-companion\\components\\CameraPanel.tsx","statementMap":{"0":{"start":{"line":41,"column":24},"end":{"line":41,"column":36}},"1":{"start":{"line":9,"column":57},"end":{"line":9,"column":null}},"2":{"start":{"line":10,"column":22},"end":{"line":10,"column":null}},"3":{"start":{"line":11,"column":21},"end":{"line":11,"column":null}},"4":{"start":{"line":64,"column":28},"end":{"line":64,"column":null}},"5":{"start":{"line":65,"column":24},"end":{"line":65,"column":null}},"6":{"start":{"line":69,"column":40},"end":{"line":69,"column":null}},"7":{"start":{"line":71,"column":34},"end":{"line":71,"column":null}},"8":{"start":{"line":72,"column":28},"end":{"line":72,"column":null}},"9":{"start":{"line":73,"column":28},"end":{"line":73,"column":null}},"10":{"start":{"line":75,"column":32},"end":{"line":75,"column":null}},"11":{"start":{"line":76,"column":40},"end":{"line":76,"column":null}},"12":{"start":{"line":77,"column":38},"end":{"line":77,"column":null}},"13":{"start":{"line":78,"column":44},"end":{"line":78,"column":null}},"14":{"start":{"line":80,"column":17},"end":{"line":80,"column":null}},"15":{"start":{"line":81,"column":22},"end":{"line":81,"column":null}},"16":{"start":{"line":82,"column":19},"end":{"line":82,"column":null}},"17":{"start":{"line":85,"column":4},"end":{"line":91,"column":null}},"18":{"start":{"line":93,"column":21},"end":{"line":101,"column":null}},"19":{"start":{"line":94,"column":4},"end":{"line":94,"column":null}},"20":{"start":{"line":95,"column":4},"end":{"line":95,"column":null}},"21":{"start":{"line":96,"column":4},"end":{"line":96,"column":null}},"22":{"start":{"line":97,"column":4},"end":{"line":97,"column":null}},"23":{"start":{"line":98,"column":4},"end":{"line":98,"column":null}},"24":{"start":{"line":99,"column":4},"end":{"line":99,"column":null}},"25":{"start":{"line":100,"column":4},"end":{"line":100,"column":null}},"26":{"start":{"line":102,"column":15},"end":{"line":105,"column":null}},"27":{"start":{"line":103,"column":4},"end":{"line":103,"column":null}},"28":{"start":{"line":104,"column":4},"end":{"line":104,"column":null}},"29":{"start":{"line":171,"column":26},"end":{"line":171,"column":41}},"30":{"start":{"line":172,"column":16},"end":{"line":175,"column":null}},"31":{"start":{"line":173,"column":18},"end":{"line":173,"column":null}},"32":{"start":{"line":174,"column":18},"end":{"line":174,"column":null}},"33":{"start":{"line":298,"column":33},"end":{"line":298,"column":null}},"34":{"start":{"line":306,"column":33},"end":{"line":306,"column":null}},"35":{"start":{"line":336,"column":33},"end":{"line":336,"column":null}},"36":{"start":{"line":373,"column":22},"end":{"line":373,"column":null}},"37":{"start":{"line":374,"column":22},"end":{"line":374,"column":null}},"38":{"start":{"line":379,"column":62},"end":{"line":379,"column":81}},"39":{"start":{"line":416,"column":37},"end":{"line":416,"column":null}},"40":{"start":{"line":432,"column":20},"end":{"line":432,"column":33}},"41":{"start":{"line":460,"column":34},"end":{"line":460,"column":null}},"42":{"start":{"line":461,"column":24},"end":{"line":461,"column":null}},"43":{"start":{"line":461,"column":31},"end":{"line":461,"column":null}},"44":{"start":{"line":461,"column":53},"end":{"line":461,"column":null}},"45":{"start":{"line":491,"column":26},"end":{"line":491,"column":null}},"46":{"start":{"line":492,"column":26},"end":{"line":492,"column":null}},"47":{"start":{"line":497,"column":66},"end":{"line":497,"column":86}},"48":{"start":{"line":515,"column":14},"end":{"line":515,"column":null}},"49":{"start":{"line":516,"column":12},"end":{"line":516,"column":null}},"50":{"start":{"line":551,"column":4},"end":{"line":555,"column":null}},"51":{"start":{"line":657,"column":23},"end":{"line":657,"column":null}},"52":{"start":{"line":688,"column":11},"end":{"line":694,"column":null}}},"fnMap":{"0":{"name":"CameraPanel","decl":{"start":{"line":41,"column":24},"end":{"line":41,"column":36}},"loc":{"start":{"line":63,"column":19},"end":{"line":510,"column":null}}},"1":{"name":"(anonymous_3)","decl":{"start":{"line":93,"column":21},"end":{"line":93,"column":null}},"loc":{"start":{"line":93,"column":21},"end":{"line":101,"column":null}}},"2":{"name":"(anonymous_4)","decl":{"start":{"line":102,"column":15},"end":{"line":102,"column":null}},"loc":{"start":{"line":102,"column":15},"end":{"line":105,"column":null}}},"3":{"name":"(anonymous_5)","decl":{"start":{"line":170,"column":32},"end":{"line":170,"column":33}},"loc":{"start":{"line":170,"column":33},"end":{"line":176,"column":null}}},"4":{"name":"(anonymous_6)","decl":{"start":{"line":298,"column":27},"end":{"line":298,"column":33}},"loc":{"start":{"line":298,"column":33},"end":{"line":298,"column":null}}},"5":{"name":"(anonymous_7)","decl":{"start":{"line":306,"column":27},"end":{"line":306,"column":33}},"loc":{"start":{"line":306,"column":33},"end":{"line":306,"column":null}}},"6":{"name":"(anonymous_8)","decl":{"start":{"line":336,"column":27},"end":{"line":336,"column":33}},"loc":{"start":{"line":336,"column":33},"end":{"line":336,"column":null}}},"7":{"name":"(anonymous_9)","decl":{"start":{"line":372,"column":29},"end":{"line":372,"column":null}},"loc":{"start":{"line":372,"column":29},"end":{"line":375,"column":null}}},"8":{"name":"(anonymous_10)","decl":{"start":{"line":379,"column":56},"end":{"line":379,"column":62}},"loc":{"start":{"line":379,"column":62},"end":{"line":379,"column":81}}},"9":{"name":"(anonymous_11)","decl":{"start":{"line":416,"column":30},"end":{"line":416,"column":31}},"loc":{"start":{"line":416,"column":37},"end":{"line":416,"column":null}}},"10":{"name":"(anonymous_12)","decl":{"start":{"line":431,"column":66},"end":{"line":431,"column":67}},"loc":{"start":{"line":432,"column":20},"end":{"line":432,"column":33}}},"11":{"name":"(anonymous_13)","decl":{"start":{"line":459,"column":31},"end":{"line":459,"column":null}},"loc":{"start":{"line":459,"column":31},"end":{"line":462,"column":null}}},"12":{"name":"(anonymous_14)","decl":{"start":{"line":461,"column":46},"end":{"line":461,"column":47}},"loc":{"start":{"line":461,"column":53},"end":{"line":461,"column":null}}},"13":{"name":"(anonymous_15)","decl":{"start":{"line":490,"column":33},"end":{"line":490,"column":null}},"loc":{"start":{"line":490,"column":33},"end":{"line":493,"column":null}}},"14":{"name":"(anonymous_16)","decl":{"start":{"line":497,"column":60},"end":{"line":497,"column":66}},"loc":{"start":{"line":497,"column":66},"end":{"line":497,"column":86}}},"15":{"name":"Brackets","decl":{"start":{"line":514,"column":9},"end":{"line":514,"column":18}},"loc":{"start":{"line":514,"column":48},"end":{"line":533,"column":null}}},"16":{"name":"FocusCard","decl":{"start":{"line":535,"column":9},"end":{"line":535,"column":19}},"loc":{"start":{"line":549,"column":1},"end":{"line":581,"column":null}}},"17":{"name":"TeachShell","decl":{"start":{"line":583,"column":9},"end":{"line":583,"column":20}},"loc":{"start":{"line":593,"column":1},"end":{"line":622,"column":null}}},"18":{"name":"LocalMemoryNote","decl":{"start":{"line":624,"column":9},"end":{"line":624,"column":null}},"loc":{"start":{"line":624,"column":9},"end":{"line":636,"column":null}}},"19":{"name":"FieldLabel","decl":{"start":{"line":638,"column":9},"end":{"line":638,"column":20}},"loc":{"start":{"line":638,"column":57},"end":{"line":640,"column":null}}},"20":{"name":"CosmicInput","decl":{"start":{"line":642,"column":9},"end":{"line":642,"column":21}},"loc":{"start":{"line":652,"column":1},"end":{"line":663,"column":null}}},"21":{"name":"(anonymous_23)","decl":{"start":{"line":657,"column":16},"end":{"line":657,"column":17}},"loc":{"start":{"line":657,"column":23},"end":{"line":657,"column":null}}},"22":{"name":"PanelButton","decl":{"start":{"line":665,"column":9},"end":{"line":665,"column":21}},"loc":{"start":{"line":675,"column":1},"end":{"line":686,"column":null}}},"23":{"name":"ShieldIcon","decl":{"start":{"line":695,"column":9},"end":{"line":695,"column":null}},"loc":{"start":{"line":695,"column":9},"end":{"line":701,"column":null}}},"24":{"name":"EyeIcon","decl":{"start":{"line":702,"column":9},"end":{"line":702,"column":null}},"loc":{"start":{"line":702,"column":9},"end":{"line":709,"column":null}}},"25":{"name":"CubeIcon","decl":{"start":{"line":710,"column":9},"end":{"line":710,"column":null}},"loc":{"start":{"line":710,"column":9},"end":{"line":717,"column":null}}},"26":{"name":"PersonIcon","decl":{"start":{"line":718,"column":9},"end":{"line":718,"column":null}},"loc":{"start":{"line":718,"column":9},"end":{"line":725,"column":null}}},"27":{"name":"CamOffIcon","decl":{"start":{"line":726,"column":9},"end":{"line":726,"column":null}},"loc":{"start":{"line":726,"column":9},"end":{"line":733,"column":null}}},"28":{"name":"LockIcon","decl":{"start":{"line":734,"column":9},"end":{"line":734,"column":null}},"loc":{"start":{"line":734,"column":9},"end":{"line":741,"column":null}}},"29":{"name":"ChipIcon","decl":{"start":{"line":742,"column":9},"end":{"line":742,"column":null}},"loc":{"start":{"line":742,"column":9},"end":{"line":749,"column":null}}}},"branchMap":{"0":{"loc":{"start":{"line":82,"column":19},"end":{"line":82,"column":null}},"type":"binary-expr","locations":[{"start":{"line":82,"column":19},"end":{"line":82,"column":27}},{"start":{"line":82,"column":27},"end":{"line":82,"column":60}},{"start":{"line":82,"column":60},"end":{"line":82,"column":null}}]},"1":{"loc":{"start":{"line":85,"column":4},"end":{"line":91,"column":null}},"type":"cond-expr","locations":[{"start":{"line":86,"column":8},"end":{"line":86,"column":null}},{"start":{"line":87,"column":8},"end":{"line":91,"column":null}}]},"2":{"loc":{"start":{"line":87,"column":8},"end":{"line":91,"column":null}},"type":"cond-expr","locations":[{"start":{"line":88,"column":10},"end":{"line":88,"column":null}},{"start":{"line":89,"column":10},"end":{"line":91,"column":null}}]},"3":{"loc":{"start":{"line":89,"column":10},"end":{"line":91,"column":null}},"type":"cond-expr","locations":[{"start":{"line":90,"column":12},"end":{"line":90,"column":null}},{"start":{"line":91,"column":12},"end":{"line":91,"column":null}}]},"4":{"loc":{"start":{"line":125,"column":113},"end":{"line":125,"column":213}},"type":"cond-expr","locations":[{"start":{"line":125,"column":122},"end":{"line":125,"column":186}},{"start":{"line":125,"column":186},"end":{"line":125,"column":213}}]},"5":{"loc":{"start":{"line":128,"column":51},"end":{"line":128,"column":109}},"type":"cond-expr","locations":[{"start":{"line":128,"column":60},"end":{"line":128,"column":94}},{"start":{"line":128,"column":94},"end":{"line":128,"column":109}}]},"6":{"loc":{"start":{"line":130,"column":15},"end":{"line":130,"column":null}},"type":"cond-expr","locations":[{"start":{"line":130,"column":24},"end":{"line":130,"column":38}},{"start":{"line":130,"column":38},"end":{"line":130,"column":null}}]},"7":{"loc":{"start":{"line":172,"column":16},"end":{"line":175,"column":null}},"type":"if","locations":[{"start":{"line":172,"column":16},"end":{"line":175,"column":null}}]},"8":{"loc":{"start":{"line":172,"column":20},"end":{"line":172,"column":49}},"type":"binary-expr","locations":[{"start":{"line":172,"column":20},"end":{"line":172,"column":32}},{"start":{"line":172,"column":36},"end":{"line":172,"column":49}}]},"9":{"loc":{"start":{"line":180,"column":13},"end":{"line":180,"column":null}},"type":"binary-expr","locations":[{"start":{"line":180,"column":13},"end":{"line":180,"column":null}}]},"10":{"loc":{"start":{"line":183,"column":19},"end":{"line":183,"column":null}},"type":"binary-expr","locations":[{"start":{"line":183,"column":19},"end":{"line":183,"column":46}},{"start":{"line":183,"column":46},"end":{"line":183,"column":null}}]},"11":{"loc":{"start":{"line":184,"column":19},"end":{"line":184,"column":null}},"type":"binary-expr","locations":[{"start":{"line":184,"column":19},"end":{"line":184,"column":43}},{"start":{"line":184,"column":43},"end":{"line":184,"column":52}},{"start":{"line":184,"column":52},"end":{"line":184,"column":78}}]},"12":{"loc":{"start":{"line":185,"column":19},"end":{"line":185,"column":null}},"type":"binary-expr","locations":[{"start":{"line":185,"column":19},"end":{"line":185,"column":42}},{"start":{"line":185,"column":42},"end":{"line":185,"column":51}},{"start":{"line":185,"column":51},"end":{"line":185,"column":71}}]},"13":{"loc":{"start":{"line":186,"column":19},"end":{"line":186,"column":null}},"type":"binary-expr","locations":[{"start":{"line":186,"column":19},"end":{"line":186,"column":40}},{"start":{"line":186,"column":40},"end":{"line":186,"column":null}}]},"14":{"loc":{"start":{"line":194,"column":13},"end":{"line":194,"column":null}},"type":"binary-expr","locations":[{"start":{"line":194,"column":13},"end":{"line":194,"column":null}}]},"15":{"loc":{"start":{"line":202,"column":13},"end":{"line":202,"column":25}},"type":"binary-expr","locations":[{"start":{"line":202,"column":13},"end":{"line":202,"column":25}},{"start":{"line":202,"column":25},"end":{"line":202,"column":null}}]},"16":{"loc":{"start":{"line":213,"column":13},"end":{"line":213,"column":null}},"type":"binary-expr","locations":[{"start":{"line":213,"column":13},"end":{"line":213,"column":null}}]},"17":{"loc":{"start":{"line":221,"column":13},"end":{"line":221,"column":23}},"type":"binary-expr","locations":[{"start":{"line":221,"column":13},"end":{"line":221,"column":23}},{"start":{"line":221,"column":23},"end":{"line":221,"column":null}}]},"18":{"loc":{"start":{"line":226,"column":28},"end":{"line":226,"column":null}},"type":"cond-expr","locations":[{"start":{"line":226,"column":59},"end":{"line":226,"column":79}},{"start":{"line":226,"column":79},"end":{"line":226,"column":null}}]},"19":{"loc":{"start":{"line":238,"column":29},"end":{"line":238,"column":null}},"type":"cond-expr","locations":[{"start":{"line":238,"column":49},"end":{"line":238,"column":66}},{"start":{"line":238,"column":66},"end":{"line":238,"column":null}}]},"20":{"loc":{"start":{"line":243,"column":17},"end":{"line":243,"column":null}},"type":"cond-expr","locations":[{"start":{"line":243,"column":48},"end":{"line":243,"column":57}},{"start":{"line":243,"column":57},"end":{"line":243,"column":null}}]},"21":{"loc":{"start":{"line":247,"column":13},"end":{"line":247,"column":null}},"type":"binary-expr","locations":[{"start":{"line":247,"column":13},"end":{"line":247,"column":null}}]},"22":{"loc":{"start":{"line":253,"column":13},"end":{"line":253,"column":23}},"type":"binary-expr","locations":[{"start":{"line":253,"column":13},"end":{"line":253,"column":23}},{"start":{"line":253,"column":23},"end":{"line":253,"column":38}},{"start":{"line":253,"column":38},"end":{"line":253,"column":null}}]},"23":{"loc":{"start":{"line":264,"column":9},"end":{"line":264,"column":null}},"type":"binary-expr","locations":[{"start":{"line":264,"column":9},"end":{"line":264,"column":null}}]},"24":{"loc":{"start":{"line":273,"column":26},"end":{"line":273,"column":null}},"type":"binary-expr","locations":[{"start":{"line":273,"column":26},"end":{"line":273,"column":34}},{"start":{"line":273,"column":34},"end":{"line":273,"column":null}}]},"25":{"loc":{"start":{"line":276,"column":17},"end":{"line":278,"column":null}},"type":"cond-expr","locations":[{"start":{"line":277,"column":20},"end":{"line":277,"column":null}},{"start":{"line":278,"column":20},"end":{"line":278,"column":null}}]},"26":{"loc":{"start":{"line":289,"column":28},"end":{"line":289,"column":null}},"type":"binary-expr","locations":[{"start":{"line":289,"column":28},"end":{"line":289,"column":39}},{"start":{"line":289,"column":39},"end":{"line":289,"column":null}}]},"27":{"loc":{"start":{"line":297,"column":28},"end":{"line":297,"column":null}},"type":"binary-expr","locations":[{"start":{"line":297,"column":28},"end":{"line":297,"column":39}},{"start":{"line":297,"column":39},"end":{"line":297,"column":null}}]},"28":{"loc":{"start":{"line":305,"column":28},"end":{"line":305,"column":null}},"type":"binary-expr","locations":[{"start":{"line":305,"column":28},"end":{"line":305,"column":39}},{"start":{"line":305,"column":39},"end":{"line":305,"column":null}}]},"29":{"loc":{"start":{"line":325,"column":9},"end":{"line":325,"column":null}},"type":"binary-expr","locations":[{"start":{"line":325,"column":9},"end":{"line":325,"column":null}}]},"30":{"loc":{"start":{"line":332,"column":14},"end":{"line":345,"column":null}},"type":"cond-expr","locations":[{"start":{"line":332,"column":14},"end":{"line":345,"column":null}}]},"31":{"loc":{"start":{"line":335,"column":28},"end":{"line":335,"column":null}},"type":"binary-expr","locations":[{"start":{"line":335,"column":28},"end":{"line":335,"column":39}},{"start":{"line":335,"column":39},"end":{"line":335,"column":null}}]},"32":{"loc":{"start":{"line":371,"column":30},"end":{"line":371,"column":null}},"type":"binary-expr","locations":[{"start":{"line":371,"column":30},"end":{"line":371,"column":47}},{"start":{"line":371,"column":47},"end":{"line":371,"column":null}}]},"33":{"loc":{"start":{"line":392,"column":9},"end":{"line":392,"column":null}},"type":"binary-expr","locations":[{"start":{"line":392,"column":9},"end":{"line":392,"column":null}}]},"34":{"loc":{"start":{"line":399,"column":14},"end":{"line":426,"column":null}},"type":"cond-expr","locations":[{"start":{"line":399,"column":14},"end":{"line":426,"column":null}}]},"35":{"loc":{"start":{"line":436,"column":26},"end":{"line":442,"column":27}},"type":"cond-expr","locations":[{"start":{"line":436,"column":26},"end":{"line":442,"column":27}}]},"36":{"loc":{"start":{"line":455,"column":18},"end":{"line":471,"column":null}},"type":"cond-expr","locations":[{"start":{"line":455,"column":18},"end":{"line":471,"column":null}}]},"37":{"loc":{"start":{"line":458,"column":32},"end":{"line":458,"column":null}},"type":"binary-expr","locations":[{"start":{"line":458,"column":32},"end":{"line":458,"column":43}},{"start":{"line":458,"column":43},"end":{"line":458,"column":null}}]},"38":{"loc":{"start":{"line":461,"column":24},"end":{"line":461,"column":null}},"type":"if","locations":[{"start":{"line":461,"column":24},"end":{"line":461,"column":null}}]},"39":{"loc":{"start":{"line":489,"column":34},"end":{"line":489,"column":null}},"type":"binary-expr","locations":[{"start":{"line":489,"column":34},"end":{"line":489,"column":56}},{"start":{"line":489,"column":56},"end":{"line":489,"column":null}}]},"40":{"loc":{"start":{"line":515,"column":14},"end":{"line":515,"column":null}},"type":"cond-expr","locations":[{"start":{"line":515,"column":22},"end":{"line":515,"column":34}},{"start":{"line":515,"column":34},"end":{"line":515,"column":null}}]},"41":{"loc":{"start":{"line":516,"column":12},"end":{"line":516,"column":null}},"type":"cond-expr","locations":[{"start":{"line":516,"column":20},"end":{"line":516,"column":25}},{"start":{"line":516,"column":25},"end":{"line":516,"column":null}}]},"42":{"loc":{"start":{"line":551,"column":4},"end":{"line":555,"column":null}},"type":"cond-expr","locations":[{"start":{"line":552,"column":8},"end":{"line":552,"column":null}},{"start":{"line":553,"column":8},"end":{"line":555,"column":null}}]},"43":{"loc":{"start":{"line":553,"column":8},"end":{"line":555,"column":null}},"type":"cond-expr","locations":[{"start":{"line":554,"column":10},"end":{"line":554,"column":null}},{"start":{"line":555,"column":10},"end":{"line":555,"column":null}}]},"44":{"loc":{"start":{"line":561,"column":146},"end":{"line":561,"column":306}},"type":"cond-expr","locations":[{"start":{"line":561,"column":163},"end":{"line":561,"column":242}},{"start":{"line":561,"column":242},"end":{"line":561,"column":306}}]},"45":{"loc":{"start":{"line":681,"column":138},"end":{"line":681,"column":231}},"type":"cond-expr","locations":[{"start":{"line":681,"column":148},"end":{"line":681,"column":183}},{"start":{"line":681,"column":183},"end":{"line":681,"column":231}}]}},"s":{"0":4,"1":2,"2":2,"3":2,"4":5,"5":5,"6":5,"7":5,"8":5,"9":5,"10":5,"11":5,"12":5,"13":5,"14":5,"15":5,"16":5,"17":5,"18":5,"19":0,"20":0,"21":0,"22":0,"23":0,"24":0,"25":0,"26":5,"27":0,"28":0,"29":0,"30":0,"31":0,"32":0,"33":1,"34":0,"35":0,"36":0,"37":0,"38":0,"39":0,"40":0,"41":0,"42":0,"43":0,"44":0,"45":0,"46":0,"47":0,"48":5,"49":5,"50":16,"51":0,"52":2},"f":{"0":5,"1":0,"2":0,"3":0,"4":1,"5":0,"6":0,"7":0,"8":0,"9":0,"10":0,"11":0,"12":0,"13":0,"14":0,"15":5,"16":16,"17":1,"18":0,"19":0,"20":0,"21":0,"22":2,"23":5,"24":4,"25":4,"26":4,"27":4,"28":0,"29":0},"b":{"0":[5,5,5],"1":[0,5],"2":[0,5],"3":[0,5],"4":[5,0],"5":[5,0],"6":[5,0],"7":[0],"8":[0,0],"9":[5],"10":[0,0],"11":[0,0,0],"12":[0,0,0],"13":[0,0],"14":[5],"15":[5,0],"16":[5],"17":[5,5],"18":[0,0],"19":[0,0],"20":[0,0],"21":[5],"22":[5,5,0],"23":[5],"24":[4,4],"25":[4,0],"26":[4,4],"27":[4,4],"28":[4,4],"29":[5],"30":[1],"31":[1,1],"32":[0,0],"33":[5],"34":[0],"35":[0],"36":[0],"37":[0,0],"38":[0],"39":[0,0],"40":[0,5],"41":[0,5],"42":[4,12],"43":[4,8],"44":[4,12],"45":[1,1]}}
,"F:\\Projects\\ai-avatar-companion\\ai-avatar-companion\\components\\ChatTranscript.tsx": {"path":"F:\\Projects\\ai-avatar-companion\\ai-avatar-companion\\components\\ChatTranscript.tsx","statementMap":{"0":{"start":{"line":21,"column":24},"end":{"line":21,"column":39}},"1":{"start":{"line":3,"column":40},"end":{"line":3,"column":null}},"2":{"start":{"line":4,"column":53},"end":{"line":4,"column":null}},"3":{"start":{"line":5,"column":21},"end":{"line":5,"column":null}},"4":{"start":{"line":27,"column":20},"end":{"line":27,"column":null}},"5":{"start":{"line":28,"column":28},"end":{"line":28,"column":null}},"6":{"start":{"line":30,"column":2},"end":{"line":34,"column":null}},"7":{"start":{"line":31,"column":4},"end":{"line":33,"column":null}},"8":{"start":{"line":32,"column":6},"end":{"line":32,"column":null}},"9":{"start":{"line":36,"column":19},"end":{"line":39,"column":null}},"10":{"start":{"line":37,"column":14},"end":{"line":37,"column":null}},"11":{"start":{"line":38,"column":4},"end":{"line":38,"column":null}},"12":{"start":{"line":38,"column":38},"end":{"line":38,"column":77}},"13":{"start":{"line":41,"column":20},"end":{"line":48,"column":null}},"14":{"start":{"line":42,"column":16},"end":{"line":42,"column":null}},"15":{"start":{"line":43,"column":4},"end":{"line":47,"column":null}},"16":{"start":{"line":44,"column":6},"end":{"line":44,"column":null}},"17":{"start":{"line":46,"column":6},"end":{"line":46,"column":null}},"18":{"start":{"line":130,"column":18},"end":{"line":130,"column":45}},"19":{"start":{"line":153,"column":37},"end":{"line":153,"column":null}},"20":{"start":{"line":197,"column":17},"end":{"line":197,"column":null}},"21":{"start":{"line":237,"column":2},"end":{"line":241,"column":null}},"22":{"start":{"line":238,"column":4},"end":{"line":238,"column":null}},"23":{"start":{"line":240,"column":4},"end":{"line":240,"column":null}}},"fnMap":{"0":{"name":"ChatTranscript","decl":{"start":{"line":21,"column":24},"end":{"line":21,"column":39}},"loc":{"start":{"line":26,"column":22},"end":{"line":188,"column":null}}},"1":{"name":"(anonymous_3)","decl":{"start":{"line":30,"column":12},"end":{"line":30,"column":null}},"loc":{"start":{"line":30,"column":12},"end":{"line":34,"column":5}}},"2":{"name":"(anonymous_4)","decl":{"start":{"line":36,"column":27},"end":{"line":36,"column":null}},"loc":{"start":{"line":36,"column":27},"end":{"line":39,"column":5}}},"3":{"name":"(anonymous_5)","decl":{"start":{"line":38,"column":31},"end":{"line":38,"column":32}},"loc":{"start":{"line":38,"column":38},"end":{"line":38,"column":77}}},"4":{"name":"(anonymous_6)","decl":{"start":{"line":41,"column":28},"end":{"line":41,"column":null}},"loc":{"start":{"line":41,"column":28},"end":{"line":48,"column":5}}},"5":{"name":"(anonymous_7)","decl":{"start":{"line":129,"column":29},"end":{"line":129,"column":30}},"loc":{"start":{"line":130,"column":18},"end":{"line":130,"column":45}}},"6":{"name":"(anonymous_8)","decl":{"start":{"line":153,"column":30},"end":{"line":153,"column":31}},"loc":{"start":{"line":153,"column":37},"end":{"line":153,"column":null}}},"7":{"name":"TranscriptCard","decl":{"start":{"line":190,"column":9},"end":{"line":190,"column":24}},"loc":{"start":{"line":196,"column":1},"end":{"line":234,"column":null}}},"8":{"name":"formatTime","decl":{"start":{"line":236,"column":9},"end":{"line":236,"column":20}},"loc":{"start":{"line":236,"column":31},"end":{"line":242,"column":null}}}},"branchMap":{"0":{"loc":{"start":{"line":31,"column":4},"end":{"line":33,"column":null}},"type":"if","locations":[{"start":{"line":31,"column":4},"end":{"line":33,"column":null}}]},"1":{"loc":{"start":{"line":31,"column":8},"end":{"line":31,"column":37}},"type":"binary-expr","locations":[{"start":{"line":31,"column":8},"end":{"line":31,"column":20}},{"start":{"line":31,"column":20},"end":{"line":31,"column":37}}]},"2":{"loc":{"start":{"line":38,"column":11},"end":{"line":38,"column":null}},"type":"cond-expr","locations":[{"start":{"line":38,"column":15},"end":{"line":38,"column":77}},{"start":{"line":38,"column":77},"end":{"line":38,"column":null}}]},"3":{"loc":{"start":{"line":44,"column":32},"end":{"line":44,"column":51}},"type":"binary-expr","locations":[{"start":{"line":44,"column":32},"end":{"line":44,"column":39}},{"start":{"line":44,"column":39},"end":{"line":44,"column":51}}]},"4":{"loc":{"start":{"line":53,"column":9},"end":{"line":53,"column":null}},"type":"binary-expr","locations":[{"start":{"line":53,"column":9},"end":{"line":53,"column":null}}]},"5":{"loc":{"start":{"line":124,"column":15},"end":{"line":130,"column":45}},"type":"cond-expr","locations":[{"start":{"line":125,"column":16},"end":{"line":129,"column":25}},{"start":{"line":129,"column":16},"end":{"line":130,"column":45}}]},"6":{"loc":{"start":{"line":126,"column":19},"end":{"line":126,"column":null}},"type":"cond-expr","locations":[{"start":{"line":126,"column":27},"end":{"line":126,"column":53}},{"start":{"line":126,"column":53},"end":{"line":126,"column":null}}]},"7":{"loc":{"start":{"line":200,"column":68},"end":{"line":200,"column":166}},"type":"cond-expr","locations":[{"start":{"line":200,"column":77},"end":{"line":200,"column":117}},{"start":{"line":200,"column":117},"end":{"line":200,"column":166}}]},"8":{"loc":{"start":{"line":204,"column":10},"end":{"line":218,"column":11}},"type":"cond-expr","locations":[{"start":{"line":204,"column":10},"end":{"line":218,"column":11}}]},"9":{"loc":{"start":{"line":221,"column":46},"end":{"line":221,"column":97}},"type":"cond-expr","locations":[{"start":{"line":221,"column":55},"end":{"line":221,"column":78}},{"start":{"line":221,"column":78},"end":{"line":221,"column":97}}]},"10":{"loc":{"start":{"line":223,"column":11},"end":{"line":223,"column":null}},"type":"cond-expr","locations":[{"start":{"line":223,"column":20},"end":{"line":223,"column":28}},{"start":{"line":223,"column":28},"end":{"line":223,"column":null}}]}},"s":{"0":13,"1":2,"2":2,"3":2,"4":19,"5":19,"6":19,"7":9,"8":2,"9":19,"10":15,"11":15,"12":12,"13":19,"14":9,"15":9,"16":9,"17":0,"18":10,"19":6,"20":10,"21":10,"22":10,"23":0},"f":{"0":19,"1":9,"2":15,"3":12,"4":9,"5":10,"6":6,"7":10,"8":10},"b":{"0":[2],"1":[9,2],"2":[6,9],"3":[9,6],"4":[19],"5":[0,8],"6":[0,0],"7":[2,8],"8":[2],"9":[2,8],"10":[2,8]}}
,"F:\\Projects\\ai-avatar-companion\\ai-avatar-companion\\components\\ChatView.tsx": {"path":"F:\\Projects\\ai-avatar-companion\\ai-avatar-companion\\components\\ChatView.tsx","statementMap":{"0":{"start":{"line":26,"column":24},"end":{"line":26,"column":33}},"1":{"start":{"line":3,"column":23},"end":{"line":3,"column":null}},"2":{"start":{"line":4,"column":44},"end":{"line":4,"column":null}},"3":{"start":{"line":5,"column":18},"end":{"line":5,"column":null}},"4":{"start":{"line":6,"column":33},"end":{"line":6,"column":null}},"5":{"start":{"line":7,"column":21},"end":{"line":7,"column":null}},"6":{"start":{"line":33,"column":28},"end":{"line":33,"column":null}},"7":{"start":{"line":34,"column":38},"end":{"line":34,"column":null}},"8":{"start":{"line":35,"column":36},"end":{"line":35,"column":null}},"9":{"start":{"line":36,"column":36},"end":{"line":36,"column":null}},"10":{"start":{"line":37,"column":20},"end":{"line":37,"column":null}},"11":{"start":{"line":38,"column":18},"end":{"line":38,"column":null}},"12":{"start":{"line":40,"column":2},"end":{"line":43,"column":null}},"13":{"start":{"line":41,"column":15},"end":{"line":41,"column":32}},"14":{"start":{"line":42,"column":4},"end":{"line":42,"column":null}},"15":{"start":{"line":42,"column":12},"end":{"line":42,"column":null}},"16":{"start":{"line":45,"column":2},"end":{"line":56,"column":null}},"17":{"start":{"line":46,"column":15},"end":{"line":46,"column":36}},"18":{"start":{"line":47,"column":4},"end":{"line":47,"column":null}},"19":{"start":{"line":47,"column":13},"end":{"line":47,"column":null}},"20":{"start":{"line":48,"column":19},"end":{"line":48,"column":null}},"21":{"start":{"line":48,"column":25},"end":{"line":48,"column":null}},"22":{"start":{"line":49,"column":4},"end":{"line":49,"column":null}},"23":{"start":{"line":50,"column":4},"end":{"line":50,"column":null}},"24":{"start":{"line":51,"column":4},"end":{"line":51,"column":null}},"25":{"start":{"line":52,"column":4},"end":{"line":55,"column":null}},"26":{"start":{"line":53,"column":6},"end":{"line":53,"column":null}},"27":{"start":{"line":54,"column":6},"end":{"line":54,"column":null}},"28":{"start":{"line":58,"column":17},"end":{"line":64,"column":null}},"29":{"start":{"line":59,"column":17},"end":{"line":59,"column":null}},"30":{"start":{"line":60,"column":4},"end":{"line":60,"column":null}},"31":{"start":{"line":60,"column":30},"end":{"line":60,"column":null}},"32":{"start":{"line":61,"column":4},"end":{"line":61,"column":null}},"33":{"start":{"line":62,"column":4},"end":{"line":62,"column":null}},"34":{"start":{"line":63,"column":4},"end":{"line":63,"column":null}},"35":{"start":{"line":66,"column":19},"end":{"line":77,"column":null}},"36":{"start":{"line":67,"column":4},"end":{"line":67,"column":null}},"37":{"start":{"line":67,"column":50},"end":{"line":67,"column":null}},"38":{"start":{"line":68,"column":4},"end":{"line":68,"column":null}},"39":{"start":{"line":69,"column":4},"end":{"line":76,"column":null}},"40":{"start":{"line":70,"column":21},"end":{"line":70,"column":null}},"41":{"start":{"line":71,"column":6},"end":{"line":71,"column":null}},"42":{"start":{"line":71,"column":18},"end":{"line":71,"column":null}},"43":{"start":{"line":75,"column":6},"end":{"line":75,"column":null}},"44":{"start":{"line":158,"column":14},"end":{"line":158,"column":33}},"45":{"start":{"line":186,"column":31},"end":{"line":186,"column":null}},"46":{"start":{"line":207,"column":12},"end":{"line":207,"column":null}},"47":{"start":{"line":208,"column":12},"end":{"line":208,"column":null}},"48":{"start":{"line":218,"column":14},"end":{"line":218,"column":null}},"49":{"start":{"line":219,"column":14},"end":{"line":219,"column":null}},"50":{"start":{"line":225,"column":27},"end":{"line":225,"column":null}},"51":{"start":{"line":245,"column":31},"end":{"line":245,"column":null}},"52":{"start":{"line":280,"column":12},"end":{"line":280,"column":null}},"53":{"start":{"line":302,"column":17},"end":{"line":302,"column":null}},"54":{"start":{"line":358,"column":12},"end":{"line":359,"column":null}},"55":{"start":{"line":371,"column":2},"end":{"line":375,"column":null}},"56":{"start":{"line":372,"column":4},"end":{"line":372,"column":null}},"57":{"start":{"line":374,"column":4},"end":{"line":374,"column":null}}},"fnMap":{"0":{"name":"ChatView","decl":{"start":{"line":26,"column":24},"end":{"line":26,"column":33}},"loc":{"start":{"line":32,"column":16},"end":{"line":277,"column":null}}},"1":{"name":"(anonymous_3)","decl":{"start":{"line":40,"column":12},"end":{"line":40,"column":null}},"loc":{"start":{"line":40,"column":12},"end":{"line":43,"column":5}}},"2":{"name":"(anonymous_4)","decl":{"start":{"line":45,"column":12},"end":{"line":45,"column":null}},"loc":{"start":{"line":45,"column":12},"end":{"line":56,"column":5}}},"3":{"name":"(anonymous_5)","decl":{"start":{"line":48,"column":19},"end":{"line":48,"column":25}},"loc":{"start":{"line":48,"column":25},"end":{"line":48,"column":null}}},"4":{"name":"(anonymous_6)","decl":{"start":{"line":52,"column":11},"end":{"line":52,"column":null}},"loc":{"start":{"line":52,"column":11},"end":{"line":55,"column":null}}},"5":{"name":"(anonymous_7)","decl":{"start":{"line":58,"column":17},"end":{"line":58,"column":null}},"loc":{"start":{"line":58,"column":17},"end":{"line":64,"column":null}}},"6":{"name":"(anonymous_8)","decl":{"start":{"line":66,"column":19},"end":{"line":66,"column":26}},"loc":{"start":{"line":66,"column":26},"end":{"line":77,"column":null}}},"7":{"name":"(anonymous_9)","decl":{"start":{"line":157,"column":26},"end":{"line":157,"column":27}},"loc":{"start":{"line":158,"column":14},"end":{"line":158,"column":33}}},"8":{"name":"(anonymous_10)","decl":{"start":{"line":186,"column":25},"end":{"line":186,"column":31}},"loc":{"start":{"line":186,"column":31},"end":{"line":186,"column":null}}},"9":{"name":"(anonymous_11)","decl":{"start":{"line":206,"column":20},"end":{"line":206,"column":21}},"loc":{"start":{"line":206,"column":21},"end":{"line":209,"column":null}}},"10":{"name":"(anonymous_12)","decl":{"start":{"line":217,"column":22},"end":{"line":217,"column":23}},"loc":{"start":{"line":217,"column":23},"end":{"line":220,"column":null}}},"11":{"name":"(anonymous_13)","decl":{"start":{"line":225,"column":21},"end":{"line":225,"column":27}},"loc":{"start":{"line":225,"column":27},"end":{"line":225,"column":null}}},"12":{"name":"(anonymous_14)","decl":{"start":{"line":245,"column":24},"end":{"line":245,"column":25}},"loc":{"start":{"line":245,"column":31},"end":{"line":245,"column":null}}},"13":{"name":"PortraitHalo","decl":{"start":{"line":279,"column":9},"end":{"line":279,"column":22}},"loc":{"start":{"line":279,"column":80},"end":{"line":299,"column":null}}},"14":{"name":"Bubble","decl":{"start":{"line":301,"column":9},"end":{"line":301,"column":16}},"loc":{"start":{"line":301,"column":53},"end":{"line":350,"column":null}}},"15":{"name":"TypingBubble","decl":{"start":{"line":352,"column":9},"end":{"line":352,"column":null}},"loc":{"start":{"line":352,"column":9},"end":{"line":368,"column":null}}},"16":{"name":"(anonymous_18)","decl":{"start":{"line":357,"column":29},"end":{"line":357,"column":30}},"loc":{"start":{"line":358,"column":12},"end":{"line":359,"column":null}}},"17":{"name":"formatTime","decl":{"start":{"line":370,"column":9},"end":{"line":370,"column":20}},"loc":{"start":{"line":370,"column":31},"end":{"line":376,"column":null}}}},"branchMap":{"0":{"loc":{"start":{"line":42,"column":4},"end":{"line":42,"column":null}},"type":"if","locations":[{"start":{"line":42,"column":4},"end":{"line":42,"column":null}}]},"1":{"loc":{"start":{"line":47,"column":4},"end":{"line":47,"column":null}},"type":"if","locations":[{"start":{"line":47,"column":4},"end":{"line":47,"column":null}}]},"2":{"loc":{"start":{"line":60,"column":4},"end":{"line":60,"column":null}},"type":"if","locations":[{"start":{"line":60,"column":4},"end":{"line":60,"column":null}}]},"3":{"loc":{"start":{"line":60,"column":8},"end":{"line":60,"column":30}},"type":"binary-expr","locations":[{"start":{"line":60,"column":8},"end":{"line":60,"column":17}},{"start":{"line":60,"column":17},"end":{"line":60,"column":30}}]},"4":{"loc":{"start":{"line":61,"column":17},"end":{"line":61,"column":null}},"type":"binary-expr","locations":[{"start":{"line":61,"column":17},"end":{"line":61,"column":31}},{"start":{"line":61,"column":31},"end":{"line":61,"column":null}}]},"5":{"loc":{"start":{"line":67,"column":4},"end":{"line":67,"column":null}},"type":"if","locations":[{"start":{"line":67,"column":4},"end":{"line":67,"column":null}}]},"6":{"loc":{"start":{"line":67,"column":8},"end":{"line":67,"column":50}},"type":"binary-expr","locations":[{"start":{"line":67,"column":8},"end":{"line":67,"column":17}},{"start":{"line":67,"column":17},"end":{"line":67,"column":50}}]},"7":{"loc":{"start":{"line":71,"column":6},"end":{"line":71,"column":null}},"type":"if","locations":[{"start":{"line":71,"column":6},"end":{"line":71,"column":null}}]},"8":{"loc":{"start":{"line":84,"column":23},"end":{"line":84,"column":63}},"type":"cond-expr","locations":[{"start":{"line":84,"column":35},"end":{"line":84,"column":51}},{"start":{"line":84,"column":54},"end":{"line":84,"column":63}}]},"9":{"loc":{"start":{"line":116,"column":53},"end":{"line":116,"column":102}},"type":"cond-expr","locations":[{"start":{"line":116,"column":64},"end":{"line":116,"column":84}},{"start":{"line":116,"column":84},"end":{"line":116,"column":102}}]},"10":{"loc":{"start":{"line":118,"column":13},"end":{"line":118,"column":null}},"type":"cond-expr","locations":[{"start":{"line":118,"column":24},"end":{"line":118,"column":36}},{"start":{"line":118,"column":36},"end":{"line":118,"column":null}}]},"11":{"loc":{"start":{"line":143,"column":10},"end":{"line":151,"column":null}},"type":"cond-expr","locations":[{"start":{"line":143,"column":10},"end":{"line":151,"column":null}}]},"12":{"loc":{"start":{"line":142,"column":9},"end":{"line":142,"column":null}},"type":"binary-expr","locations":[{"start":{"line":142,"column":9},"end":{"line":142,"column":34}},{"start":{"line":142,"column":34},"end":{"line":142,"column":null}}]},"13":{"loc":{"start":{"line":152,"column":13},"end":{"line":152,"column":null}},"type":"binary-expr","locations":[{"start":{"line":152,"column":13},"end":{"line":152,"column":null}}]},"14":{"loc":{"start":{"line":162,"column":9},"end":{"line":162,"column":null}},"type":"binary-expr","locations":[{"start":{"line":162,"column":9},"end":{"line":162,"column":21}},{"start":{"line":162,"column":21},"end":{"line":162,"column":null}}]},"15":{"loc":{"start":{"line":168,"column":10},"end":{"line":168,"column":24}},"type":"binary-expr","locations":[{"start":{"line":168,"column":10},"end":{"line":168,"column":24}},{"start":{"line":168,"column":24},"end":{"line":168,"column":32}}]},"16":{"loc":{"start":{"line":171,"column":14},"end":{"line":173,"column":67}},"type":"cond-expr","locations":[{"start":{"line":171,"column":14},"end":{"line":173,"column":67}}]},"17":{"loc":{"start":{"line":181,"column":15},"end":{"line":181,"column":null}},"type":"cond-expr","locations":[{"start":{"line":181,"column":27},"end":{"line":181,"column":48}},{"start":{"line":181,"column":48},"end":{"line":181,"column":null}}]},"18":{"loc":{"start":{"line":183,"column":13},"end":{"line":183,"column":null}},"type":"binary-expr","locations":[{"start":{"line":183,"column":13},"end":{"line":183,"column":null}}]},"19":{"loc":{"start":{"line":246,"column":27},"end":{"line":246,"column":null}},"type":"cond-expr","locations":[{"start":{"line":246,"column":40},"end":{"line":246,"column":59}},{"start":{"line":246,"column":59},"end":{"line":246,"column":null}}]},"20":{"loc":{"start":{"line":253,"column":22},"end":{"line":253,"column":null}},"type":"binary-expr","locations":[{"start":{"line":253,"column":22},"end":{"line":253,"column":40}},{"start":{"line":253,"column":40},"end":{"line":253,"column":56}},{"start":{"line":253,"column":56},"end":{"line":253,"column":null}}]},"21":{"loc":{"start":{"line":279,"column":30},"end":{"line":279,"column":43}},"type":"default-arg","locations":[{"start":{"line":279,"column":38},"end":{"line":279,"column":43}}]},"22":{"loc":{"start":{"line":280,"column":12},"end":{"line":280,"column":null}},"type":"cond-expr","locations":[{"start":{"line":280,"column":20},"end":{"line":280,"column":25}},{"start":{"line":280,"column":25},"end":{"line":280,"column":null}}]},"23":{"loc":{"start":{"line":308,"column":25},"end":{"line":308,"column":66}},"type":"cond-expr","locations":[{"start":{"line":308,"column":34},"end":{"line":308,"column":50}},{"start":{"line":308,"column":50},"end":{"line":308,"column":66}}]},"24":{"loc":{"start":{"line":312,"column":10},"end":{"line":314,"column":null}},"type":"cond-expr","locations":[{"start":{"line":313,"column":14},"end":{"line":313,"column":null}},{"start":{"line":314,"column":14},"end":{"line":314,"column":null}}]},"25":{"loc":{"start":{"line":317,"column":9},"end":{"line":317,"column":28}},"type":"binary-expr","locations":[{"start":{"line":317,"column":9},"end":{"line":317,"column":28}}]},"26":{"loc":{"start":{"line":325,"column":9},"end":{"line":325,"column":24}},"type":"binary-expr","locations":[{"start":{"line":325,"column":9},"end":{"line":325,"column":24}}]},"27":{"loc":{"start":{"line":329,"column":90},"end":{"line":329,"column":136}},"type":"cond-expr","locations":[{"start":{"line":329,"column":99},"end":{"line":329,"column":119}},{"start":{"line":329,"column":119},"end":{"line":329,"column":136}}]},"28":{"loc":{"start":{"line":332,"column":11},"end":{"line":332,"column":null}},"type":"binary-expr","locations":[{"start":{"line":332,"column":11},"end":{"line":332,"column":null}}]}},"s":{"0":5,"1":2,"2":2,"3":2,"4":2,"5":2,"6":17,"7":17,"8":17,"9":17,"10":17,"11":17,"12":17,"13":5,"14":5,"15":5,"16":17,"17":5,"18":5,"19":5,"20":0,"21":0,"22":0,"23":0,"24":0,"25":0,"26":0,"27":0,"28":17,"29":1,"30":1,"31":0,"32":1,"33":1,"34":1,"35":17,"36":0,"37":0,"38":0,"39":0,"40":0,"41":0,"42":0,"43":0,"44":2,"45":0,"46":1,"47":1,"48":0,"49":0,"50":0,"51":11,"52":17,"53":2,"54":0,"55":2,"56":2,"57":0},"f":{"0":17,"1":5,"2":5,"3":0,"4":0,"5":1,"6":0,"7":2,"8":0,"9":1,"10":0,"11":0,"12":11,"13":17,"14":2,"15":0,"16":0,"17":2},"b":{"0":[5],"1":[5],"2":[0],"3":[1,0],"4":[1,1],"5":[0],"6":[0,0],"7":[0],"8":[0,17],"9":[0,17],"10":[0,17],"11":[15],"12":[17,15],"13":[2],"14":[17,0],"15":[17,17],"16":[0],"17":[0,0],"18":[0],"19":[0,17],"20":[17,6,11],"21":[15],"22":[2,15],"23":[2,0],"24":[2,0],"25":[2],"26":[2],"27":[2,0],"28":[2]}}
,"F:\\Projects\\ai-avatar-companion\\ai-avatar-companion\\components\\ErrorBoundary.tsx": {"path":"F:\\Projects\\ai-avatar-companion\\ai-avatar-companion\\components\\ErrorBoundary.tsx","statementMap":{"0":{"start":{"line":15,"column":21},"end":{"line":15,"column":43}},"1":{"start":{"line":3,"column":37},"end":{"line":3,"column":null}},"2":{"start":{"line":19,"column":4},"end":{"line":19,"column":null}},"3":{"start":{"line":25,"column":4},"end":{"line":25,"column":null}},"4":{"start":{"line":31,"column":4},"end":{"line":51,"column":null}},"5":{"start":{"line":52,"column":4},"end":{"line":52,"column":null}},"6":{"start":{"line":16,"column":2},"end":{"line":16,"column":null}},"7":{"start":{"line":28,"column":2},"end":{"line":28,"column":null}},"8":{"start":{"line":28,"column":16},"end":{"line":28,"column":null}}},"fnMap":{"0":{"name":"(anonymous_1)","decl":{"start":{"line":18,"column":2},"end":{"line":18,"column":9}},"loc":{"start":{"line":18,"column":55},"end":{"line":20,"column":null}}},"1":{"name":"(anonymous_2)","decl":{"start":{"line":22,"column":2},"end":{"line":22,"column":20}},"loc":{"start":{"line":22,"column":34},"end":{"line":26,"column":null}}},"2":{"name":"(anonymous_3)","decl":{"start":{"line":30,"column":2},"end":{"line":30,"column":11}},"loc":{"start":{"line":30,"column":11},"end":{"line":53,"column":null}}},"3":{"name":"(anonymous_5)","decl":{"start":{"line":28,"column":10},"end":{"line":28,"column":16}},"loc":{"start":{"line":28,"column":16},"end":{"line":28,"column":null}}}},"branchMap":{"0":{"loc":{"start":{"line":31,"column":4},"end":{"line":51,"column":null}},"type":"if","locations":[{"start":{"line":31,"column":4},"end":{"line":51,"column":null}}]},"1":{"loc":{"start":{"line":33,"column":8},"end":{"line":33,"column":27}},"type":"binary-expr","locations":[{"start":{"line":33,"column":8},"end":{"line":33,"column":27}}]},"2":{"loc":{"start":{"line":38,"column":17},"end":{"line":38,"column":null}},"type":"binary-expr","locations":[{"start":{"line":38,"column":17},"end":{"line":38,"column":35}},{"start":{"line":38,"column":39},"end":{"line":38,"column":null}}]}},"s":{"0":12,"1":2,"2":2,"3":1,"4":15,"5":13,"6":6,"7":6,"8":0},"f":{"0":2,"1":1,"2":15,"3":0},"b":{"0":[2],"1":[2],"2":[2,0]}}
,"F:\\Projects\\ai-avatar-companion\\ai-avatar-companion\\components\\InstallAppPrompt.tsx": {"path":"F:\\Projects\\ai-avatar-companion\\ai-avatar-companion\\components\\InstallAppPrompt.tsx","statementMap":{"0":{"start":{"line":19,"column":24},"end":{"line":19,"column":null}},"1":{"start":{"line":3,"column":23},"end":{"line":3,"column":null}},"2":{"start":{"line":4,"column":36},"end":{"line":4,"column":null}},"3":{"start":{"line":5,"column":21},"end":{"line":5,"column":null}},"4":{"start":{"line":6,"column":26},"end":{"line":6,"column":null}},"5":{"start":{"line":20,"column":34},"end":{"line":20,"column":null}},"6":{"start":{"line":21,"column":26},"end":{"line":21,"column":null}},"7":{"start":{"line":22,"column":36},"end":{"line":22,"column":null}},"8":{"start":{"line":23,"column":28},"end":{"line":23,"column":null}},"9":{"start":{"line":25,"column":2},"end":{"line":44,"column":null}},"10":{"start":{"line":27,"column":6},"end":{"line":28,"column":null}},"11":{"start":{"line":29,"column":4},"end":{"line":32,"column":null}},"12":{"start":{"line":30,"column":6},"end":{"line":30,"column":null}},"13":{"start":{"line":31,"column":6},"end":{"line":31,"column":null}},"14":{"start":{"line":33,"column":15},"end":{"line":33,"column":41}},"15":{"start":{"line":34,"column":16},"end":{"line":34,"column":null}},"16":{"start":{"line":35,"column":4},"end":{"line":35,"column":null}},"17":{"start":{"line":37,"column":18},"end":{"line":40,"column":null}},"18":{"start":{"line":38,"column":6},"end":{"line":38,"column":null}},"19":{"start":{"line":39,"column":6},"end":{"line":39,"column":null}},"20":{"start":{"line":41,"column":4},"end":{"line":41,"column":null}},"21":{"start":{"line":42,"column":4},"end":{"line":42,"column":null}},"22":{"start":{"line":42,"column":50},"end":{"line":42,"column":null}},"23":{"start":{"line":43,"column":4},"end":{"line":43,"column":null}},"24":{"start":{"line":43,"column":17},"end":{"line":43,"column":null}},"25":{"start":{"line":47,"column":22},"end":{"line":47,"column":null}},"26":{"start":{"line":48,"column":2},"end":{"line":48,"column":null}},"27":{"start":{"line":48,"column":33},"end":{"line":48,"column":null}},"28":{"start":{"line":50,"column":24},"end":{"line":57,"column":null}},"29":{"start":{"line":51,"column":4},"end":{"line":51,"column":null}},"30":{"start":{"line":51,"column":19},"end":{"line":51,"column":null}},"31":{"start":{"line":52,"column":4},"end":{"line":52,"column":null}},"32":{"start":{"line":53,"column":24},"end":{"line":53,"column":49}},"33":{"start":{"line":54,"column":4},"end":{"line":54,"column":null}},"34":{"start":{"line":54,"column":32},"end":{"line":54,"column":null}},"35":{"start":{"line":55,"column":4},"end":{"line":55,"column":null}},"36":{"start":{"line":56,"column":4},"end":{"line":56,"column":null}},"37":{"start":{"line":64,"column":25},"end":{"line":64,"column":null}},"38":{"start":{"line":88,"column":25},"end":{"line":88,"column":null}},"39":{"start":{"line":95,"column":28},"end":{"line":95,"column":null}},"40":{"start":{"line":99,"column":29},"end":{"line":99,"column":null}}},"fnMap":{"0":{"name":"InstallAppPrompt","decl":{"start":{"line":19,"column":24},"end":{"line":19,"column":null}},"loc":{"start":{"line":19,"column":24},"end":{"line":180,"column":null}}},"1":{"name":"(anonymous_3)","decl":{"start":{"line":25,"column":12},"end":{"line":25,"column":null}},"loc":{"start":{"line":25,"column":12},"end":{"line":44,"column":5}}},"2":{"name":"(anonymous_4)","decl":{"start":{"line":37,"column":18},"end":{"line":37,"column":19}},"loc":{"start":{"line":37,"column":19},"end":{"line":40,"column":null}}},"3":{"name":"(anonymous_5)","decl":{"start":{"line":42,"column":44},"end":{"line":42,"column":50}},"loc":{"start":{"line":42,"column":50},"end":{"line":42,"column":null}}},"4":{"name":"(anonymous_6)","decl":{"start":{"line":43,"column":11},"end":{"line":43,"column":17}},"loc":{"start":{"line":43,"column":17},"end":{"line":43,"column":null}}},"5":{"name":"(anonymous_7)","decl":{"start":{"line":50,"column":24},"end":{"line":50,"column":null}},"loc":{"start":{"line":50,"column":24},"end":{"line":57,"column":null}}},"6":{"name":"(anonymous_8)","decl":{"start":{"line":64,"column":19},"end":{"line":64,"column":25}},"loc":{"start":{"line":64,"column":25},"end":{"line":64,"column":null}}},"7":{"name":"(anonymous_9)","decl":{"start":{"line":88,"column":19},"end":{"line":88,"column":25}},"loc":{"start":{"line":88,"column":25},"end":{"line":88,"column":null}}},"8":{"name":"(anonymous_10)","decl":{"start":{"line":95,"column":21},"end":{"line":95,"column":22}},"loc":{"start":{"line":95,"column":28},"end":{"line":95,"column":null}}},"9":{"name":"(anonymous_11)","decl":{"start":{"line":99,"column":23},"end":{"line":99,"column":29}},"loc":{"start":{"line":99,"column":29},"end":{"line":99,"column":null}}},"10":{"name":"Step","decl":{"start":{"line":182,"column":9},"end":{"line":182,"column":14}},"loc":{"start":{"line":182,"column":54},"end":{"line":191,"column":null}}},"11":{"name":"Feature","decl":{"start":{"line":193,"column":9},"end":{"line":193,"column":17}},"loc":{"start":{"line":193,"column":43},"end":{"line":211,"column":null}}}},"branchMap":{"0":{"loc":{"start":{"line":27,"column":6},"end":{"line":28,"column":null}},"type":"binary-expr","locations":[{"start":{"line":27,"column":6},"end":{"line":27,"column":61}},{"start":{"line":28,"column":6},"end":{"line":28,"column":null}}]},"1":{"loc":{"start":{"line":29,"column":4},"end":{"line":32,"column":null}},"type":"if","locations":[{"start":{"line":29,"column":4},"end":{"line":32,"column":null}}]},"2":{"loc":{"start":{"line":34,"column":16},"end":{"line":34,"column":null}},"type":"binary-expr","locations":[{"start":{"line":34,"column":16},"end":{"line":34,"column":48}},{"start":{"line":34,"column":48},"end":{"line":34,"column":null}}]},"3":{"loc":{"start":{"line":47,"column":22},"end":{"line":47,"column":null}},"type":"binary-expr","locations":[{"start":{"line":47,"column":22},"end":{"line":47,"column":36}},{"start":{"line":47,"column":36},"end":{"line":47,"column":null}}]},"4":{"loc":{"start":{"line":48,"column":2},"end":{"line":48,"column":null}},"type":"if","locations":[{"start":{"line":48,"column":2},"end":{"line":48,"column":null}}]},"5":{"loc":{"start":{"line":48,"column":6},"end":{"line":48,"column":33}},"type":"binary-expr","locations":[{"start":{"line":48,"column":6},"end":{"line":48,"column":19}},{"start":{"line":48,"column":19},"end":{"line":48,"column":33}}]},"6":{"loc":{"start":{"line":51,"column":4},"end":{"line":51,"column":null}},"type":"if","locations":[{"start":{"line":51,"column":4},"end":{"line":51,"column":null}}]},"7":{"loc":{"start":{"line":54,"column":4},"end":{"line":54,"column":null}},"type":"if","locations":[{"start":{"line":54,"column":4},"end":{"line":54,"column":null}}]},"8":{"loc":{"start":{"line":61,"column":7},"end":{"line":61,"column":null}},"type":"binary-expr","locations":[{"start":{"line":61,"column":7},"end":{"line":61,"column":null}}]},"9":{"loc":{"start":{"line":83,"column":7},"end":{"line":83,"column":null}},"type":"binary-expr","locations":[{"start":{"line":83,"column":7},"end":{"line":83,"column":null}}]},"10":{"loc":{"start":{"line":123,"column":16},"end":{"line":129,"column":17}},"type":"cond-expr","locations":[{"start":{"line":123,"column":16},"end":{"line":129,"column":17}}]},"11":{"loc":{"start":{"line":142,"column":15},"end":{"line":142,"column":null}},"type":"binary-expr","locations":[{"start":{"line":142,"column":15},"end":{"line":142,"column":null}}]}},"s":{"0":13,"1":2,"2":2,"3":2,"4":2,"5":16,"6":16,"7":16,"8":16,"9":16,"10":6,"11":6,"12":0,"13":0,"14":6,"15":6,"16":6,"17":6,"18":0,"19":0,"20":6,"21":6,"22":0,"23":6,"24":6,"25":16,"26":16,"27":13,"28":3,"29":0,"30":0,"31":0,"32":0,"33":0,"34":0,"35":0,"36":0,"37":1,"38":0,"39":0,"40":0},"f":{"0":16,"1":6,"2":0,"3":0,"4":6,"5":0,"6":1,"7":0,"8":0,"9":0,"10":3,"11":3},"b":{"0":[6,6],"1":[0],"2":[6,2],"3":[16,16],"4":[13],"5":[16,16],"6":[0],"7":[0],"8":[3],"9":[3],"10":[1],"11":[1]}}
,"F:\\Projects\\ai-avatar-companion\\ai-avatar-companion\\components\\MicButton.tsx": {"path":"F:\\Projects\\ai-avatar-companion\\ai-avatar-companion\\components\\MicButton.tsx","statementMap":{"0":{"start":{"line":18,"column":24},"end":{"line":18,"column":34}},"1":{"start":{"line":25,"column":19},"end":{"line":25,"column":null}},"2":{"start":{"line":26,"column":17},"end":{"line":26,"column":null}},"3":{"start":{"line":28,"column":19},"end":{"line":36,"column":null}},"4":{"start":{"line":30,"column":29},"end":{"line":30,"column":null}},"5":{"start":{"line":31,"column":27},"end":{"line":31,"column":null}},"6":{"start":{"line":32,"column":30},"end":{"line":32,"column":null}},"7":{"start":{"line":35,"column":23},"end":{"line":35,"column":null}}},"fnMap":{"0":{"name":"MicButton","decl":{"start":{"line":18,"column":24},"end":{"line":18,"column":34}},"loc":{"start":{"line":24,"column":17},"end":{"line":69,"column":null}}},"1":{"name":"(anonymous_2)","decl":{"start":{"line":30,"column":23},"end":{"line":30,"column":29}},"loc":{"start":{"line":30,"column":29},"end":{"line":30,"column":null}}},"2":{"name":"(anonymous_3)","decl":{"start":{"line":31,"column":21},"end":{"line":31,"column":27}},"loc":{"start":{"line":31,"column":27},"end":{"line":31,"column":null}}},"3":{"name":"(anonymous_4)","decl":{"start":{"line":32,"column":24},"end":{"line":32,"column":30}},"loc":{"start":{"line":32,"column":30},"end":{"line":32,"column":null}}},"4":{"name":"(anonymous_5)","decl":{"start":{"line":35,"column":17},"end":{"line":35,"column":23}},"loc":{"start":{"line":35,"column":23},"end":{"line":35,"column":null}}},"5":{"name":"MicIcon","decl":{"start":{"line":71,"column":9},"end":{"line":71,"column":17}},"loc":{"start":{"line":71,"column":48},"end":{"line":94,"column":null}}}},"branchMap":{"0":{"loc":{"start":{"line":23,"column":2},"end":{"line":23,"column":20}},"type":"default-arg","locations":[{"start":{"line":23,"column":15},"end":{"line":23,"column":20}}]},"1":{"loc":{"start":{"line":26,"column":17},"end":{"line":26,"column":null}},"type":"binary-expr","locations":[{"start":{"line":26,"column":17},"end":{"line":26,"column":41}},{"start":{"line":26,"column":41},"end":{"line":26,"column":null}}]},"2":{"loc":{"start":{"line":28,"column":19},"end":{"line":36,"column":null}},"type":"cond-expr","locations":[{"start":{"line":29,"column":6},"end":{"line":33,"column":null}},{"start":{"line":34,"column":6},"end":{"line":36,"column":null}}]},"3":{"loc":{"start":{"line":30,"column":29},"end":{"line":30,"column":null}},"type":"binary-expr","locations":[{"start":{"line":30,"column":29},"end":{"line":30,"column":42}},{"start":{"line":30,"column":42},"end":{"line":30,"column":null}}]},"4":{"loc":{"start":{"line":31,"column":27},"end":{"line":31,"column":null}},"type":"binary-expr","locations":[{"start":{"line":31,"column":27},"end":{"line":31,"column":40}},{"start":{"line":31,"column":40},"end":{"line":31,"column":null}}]},"5":{"loc":{"start":{"line":32,"column":30},"end":{"line":32,"column":null}},"type":"binary-expr","locations":[{"start":{"line":32,"column":30},"end":{"line":32,"column":43}},{"start":{"line":32,"column":43},"end":{"line":32,"column":55}},{"start":{"line":32,"column":55},"end":{"line":32,"column":null}}]},"6":{"loc":{"start":{"line":35,"column":23},"end":{"line":35,"column":null}},"type":"binary-expr","locations":[{"start":{"line":35,"column":23},"end":{"line":35,"column":36}},{"start":{"line":35,"column":36},"end":{"line":35,"column":null}}]},"7":{"loc":{"start":{"line":41,"column":16},"end":{"
[...]
ll}},{"start":{"line":121,"column":4},"end":{"line":121,"column":null}},{"start":{"line":122,"column":4},"end":{"line":122,"column":null}},{"start":{"line":123,"column":4},"end":{"line":123,"column":null}},{"start":{"line":124,"column":4},"end":{"line":124,"column":null}},{"start":{"line":125,"column":4},"end":{"line":125,"column":null}}]},"17":{"loc":{"start":{"line":141,"column":4},"end":{"line":146,"column":null}},"type":"if","locations":[{"start":{"line":141,"column":4},"end":{"line":146,"column":null}}]},"18":{"loc":{"start":{"line":141,"column":8},"end":{"line":141,"column":17}},"type":"binary-expr","locations":[{"start":{"line":141,"column":8},"end":{"line":141,"column":13}},{"start":{"line":141,"column":13},"end":{"line":141,"column":17}}]},"19":{"loc":{"start":{"line":145,"column":6},"end":{"line":145,"column":null}},"type":"if","locations":[{"start":{"line":145,"column":6},"end":{"line":145,"column":null}}]},"20":{"loc":{"start":{"line":158,"column":4},"end":{"line":164,"column":null}},"type":"if","locations":[{"start":{"line":158,"column":4},"end":{"line":164,"column":null}}]},"21":{"loc":{"start":{"line":158,"column":8},"end":{"line":158,"column":17}},"type":"binary-expr","locations":[{"start":{"line":158,"column":8},"end":{"line":158,"column":13}},{"start":{"line":158,"column":13},"end":{"line":158,"column":17}}]},"22":{"loc":{"start":{"line":163,"column":6},"end":{"line":163,"column":null}},"type":"if","locations":[{"start":{"line":163,"column":6},"end":{"line":163,"column":null}}]},"23":{"loc":{"start":{"line":163,"column":10},"end":{"line":163,"column":57}},"type":"binary-expr","locations":[{"start":{"line":163,"column":10},"end":{"line":163,"column":18}},{"start":{"line":163,"column":18},"end":{"line":163,"column":57}}]}},"s":{"0":13,"1":3,"2":3,"3":3,"4":3,"5":2,"6":13,"7":13,"8":13,"9":1,"10":1,"11":1,"12":1,"13":12,"14":12,"15":1,"16":1,"17":11,"18":1,"19":10,"20":1,"21":9,"22":1,"23":8,"24":1,"25":7,"26":5,"27":2,"28":2,"29":2,"30":4,"31":4,"32":2,"33":2,"34":2,"35":2,"36":0,"37":1,"38":1,"39":1,"40":1,"41":1,"42":1,"43":1,"44":0},"f":{"0":3,"1":13,"2":2,"3":1},"b":{"0":[1],"1":[13,1],"2":[1,0],"3":[1,1],"4":[0,1],"5":[1],"6":[12,2],"7":[1],"8":[11,1],"9":[1],"10":[10,1],"11":[1],"12":[9,8,8,8,0],"13":[1],"14":[8,7],"15":[5],"16":[7,6,5,4,4,4,4,3,3,3,2],"17":[2],"18":[4,2],"19":[2],"20":[1],"21":[1,1],"22":[1],"23":[1,1]}}
,"F:\\Projects\\ai-avatar-companion\\ai-avatar-companion\\lib\\visualMemory.ts": {"path":"F:\\Projects\\ai-avatar-companion\\ai-avatar-companion\\lib\\visualMemory.ts","statementMap":{"0":{"start":{"line":107,"column":22},"end":{"line":107,"column":34}},"1":{"start":{"line":131,"column":22},"end":{"line":131,"column":36}},"2":{"start":{"line":87,"column":22},"end":{"line":87,"column":31}},"3":{"start":{"line":137,"column":22},"end":{"line":137,"column":36}},"4":{"start":{"line":81,"column":22},"end":{"line":81,"column":34}},"5":{"start":{"line":61,"column":22},"end":{"line":61,"column":32}},"6":{"start":{"line":95,"column":22},"end":{"line":95,"column":36}},"7":{"start":{"line":112,"column":22},"end":{"line":112,"column":34}},"8":{"start":{"line":9,"column":16},"end":{"line":9,"column":null}},"9":{"start":{"line":10,"column":19},"end":{"line":10,"column":null}},"10":{"start":{"line":11,"column":14},"end":{"line":11,"column":null}},"11":{"start":{"line":14,"column":2},"end":{"line":14,"column":null}},"12":{"start":{"line":18,"column":2},"end":{"line":30,"column":null}},"13":{"start":{"line":19,"column":16},"end":{"line":19,"column":null}},"14":{"start":{"line":20,"column":4},"end":{"line":27,"column":null}},"15":{"start":{"line":21,"column":17},"end":{"line":21,"column":27}},"16":{"start":{"line":22,"column":6},"end":{"line":26,"column":null}},"17":{"start":{"line":23,"column":22},"end":{"line":23,"column":null}},"18":{"start":{"line":24,"column":8},"end":{"line":24,"column":null}},"19":{"start":{"line":25,"column":8},"end":{"line":25,"column":null}},"20":{"start":{"line":28,"column":4},"end":{"line":28,"column":null}},"21":{"start":{"line":28,"column":26},"end":{"line":28,"column":null}},"22":{"start":{"line":29,"column":4},"end":{"line":29,"column":null}},"23":{"start":{"line":29,"column":24},"end":{"line":29,"column":null}},"24":{"start":{"line":37,"column":2},"end":{"line":46,"column":null}},"25":{"start":{"line":39,"column":6},"end":{"line":46,"column":null}},"26":{"start":{"line":40,"column":28},"end":{"line":40,"column":null}},"27":{"start":{"line":41,"column":22},"end":{"line":41,"column":null}},"28":{"start":{"line":42,"column":24},"end":{"line":42,"column":null}},"29":{"start":{"line":43,"column":8},"end":{"line":43,"column":null}},"30":{"start":{"line":43,"column":34},"end":{"line":43,"column":null}},"31":{"start":{"line":44,"column":8},"end":{"line":44,"column":null}},"32":{"start":{"line":44,"column":32},"end":{"line":44,"column":null}},"33":{"start":{"line":45,"column":8},"end":{"line":45,"column":null}},"34":{"start":{"line":45,"column":39},"end":{"line":45,"column":null}},"35":{"start":{"line":62,"column":14},"end":{"line":62,"column":null}},"36":{"start":{"line":63,"column":31},"end":{"line":75,"column":null}},"37":{"start":{"line":76,"column":2},"end":{"line":76,"column":null}},"38":{"start":{"line":76,"column":23},"end":{"line":76,"column":null}},"39":{"start":{"line":77,"column":2},"end":{"line":77,"column":null}},"40":{"start":{"line":77,"column":31},"end":{"line":77,"column":null}},"41":{"start":{"line":78,"column":2},"end":{"line":78,"column":null}},"42":{"start":{"line":82,"column":2},"end":{"line":82,"column":null}},"43":{"start":{"line":82,"column":23},"end":{"line":82,"column":null}},"44":{"start":{"line":83,"column":14},"end":{"line":83,"column":null}},"45":{"start":{"line":83,"column":58},"end":{"line":83,"column":null}},"46":{"start":{"line":84,"column":2},"end":{"line":84,"column":null}},"47":{"start":{"line":84,"column":29},"end":{"line":84,"column":null}},"48":{"start":{"line":88,"column":2},"end":{"line":88,"column":null}},"49":{"start":{"line":88,"column":23},"end":{"line":88,"column":null}},"50":{"start":{"line":89,"column":2},"end":{"line":91,"column":null}},"51":{"start":{"line":91,"column":11},"end":{"line":91,"column":null}},"52":{"start":{"line":96,"column":12},"end":{"line":96,"column":null}},"53":{"start":{"line":97,"column":14},"end":{"line":97,"column":null}},"54":{"start":{"line":98,"column":2},"end":{"line":98,"column":null}},"55":{"start":{"line":98,"column":10},"end":{"line":98,"column":null}},"56":{"start":{"line":99,"column":2},"end":{"line":103,"column":null}},"57":{"start":{"line":101,"column":6},"end":{"line":103,"column":null}},"58":{"start":{"line":103,"column":25},"end":{"line":103,"column":null}},"59":{"start":{"line":108,"column":2},"end":{"line":108,"column":null}},"60":{"start":{"line":108,"column":23},"end":{"line":108,"column":null}},"61":{"start":{"line":109,"column":2},"end":{"line":109,"column":null}},"62":{"start":{"line":109,"column":31},"end":{"line":109,"column":null}},"63":{"start":{"line":116,"column":19},"end":{"line":116,"column":null}},"64":{"start":{"line":117,"column":2},"end":{"line":117,"column":null}},"65":{"start":{"line":117,"column":17},"end":{"line":117,"column":null}},"66":{"start":{"line":118,"column":32},"end":{"line":124,"column":null}},"67":{"start":{"line":125,"column":2},"end":{"line":125,"column":null}},"68":{"start":{"line":125,"column":23},"end":{"line":125,"column":null}},"69":{"start":{"line":126,"column":2},"end":{"line":126,"column":null}},"70":{"start":{"line":126,"column":31},"end":{"line":126,"column":null}},"71":{"start":{"line":127,"column":2},"end":{"line":127,"column":null}},"72":{"start":{"line":132,"column":14},"end":{"line":132,"column":null}},"73":{"start":{"line":133,"column":2},"end":{"line":133,"column":null}},"74":{"start":{"line":139,"column":2},"end":{"line":143,"column":null}},"75":{"start":{"line":140,"column":4},"end":{"line":140,"column":null}},"76":{"start":{"line":142,"column":4},"end":{"line":142,"column":null}},"77":{"start":{"line":144,"column":2},"end":{"line":144,"column":null}},"78":{"start":{"line":144,"column":30},"end":{"line":144,"column":null}},"79":{"start":{"line":145,"column":14},"end":{"line":145,"column":null}},"80":{"start":{"line":146,"column":2},"end":{"line":151,"column":null}},"81":{"start":{"line":147,"column":4},"end":{"line":150,"column":null}},"82":{"start":{"line":148,"column":6},"end":{"line":148,"column":null}},"83":{"start":{"line":148,"column":26},"end":{"line":148,"column":null}},"84":{"start":{"line":148,"column":55},"end":{"line":148,"column":null}},"85":{"start":{"line":149,"column":6},"end":{"line":149,"column":null}},"86":{"start":{"line":152,"column":2},"end":{"line":152,"column":null}}},"fnMap":{"0":{"name":"hasIndexedDB","decl":{"start":{"line":13,"column":9},"end":{"line":13,"column":null}},"loc":{"start":{"line":13,"column":9},"end":{"line":15,"column":null}}},"1":{"name":"openDB","decl":{"start":{"line":17,"column":9},"end":{"line":17,"column":null}},"loc":{"start":{"line":17,"column":9},"end":{"line":31,"column":null}}},"2":{"name":"(anonymous_11)","decl":{"start":{"line":18,"column":21},"end":{"line":18,"column":22}},"loc":{"start":{"line":18,"column":31},"end":{"line":30,"column":null}}},"3":{"name":"(anonymous_12)","decl":{"start":{"line":20,"column":26},"end":{"line":20,"column":null}},"loc":{"start":{"line":20,"column":26},"end":{"line":27,"column":null}}},"4":{"name":"(anonymous_13)","decl":{"start":{"line":28,"column":20},"end":{"line":28,"column":26}},"loc":{"start":{"line":28,"column":26},"end":{"line":28,"column":null}}},"5":{"name":"(anonymous_14)","decl":{"start":{"line":29,"column":18},"end":{"line":29,"column":24}},"loc":{"start":{"line":29,"column":24},"end":{"line":29,"column":null}}},"6":{"name":"tx","decl":{"start":{"line":33,"column":9},"end":{"line":33,"column":null}},"loc":{"start":{"line":35,"column":47},"end":{"line":48,"column":null}}},"7":{"name":"(anonymous_16)","decl":{"start":{"line":38,"column":4},"end":{"line":38,"column":5}},"loc":{"start":{"line":39,"column":6},"end":{"line":46,"column":null}}},"8":{"name":"(anonymous_17)","decl":{"start":{"line":39,"column":21},"end":{"line":39,"column":22}},"loc":{"start":{"line":39,"column":31},"end":{"line":46,"column":null}}},"9":{"name":"(anonymous_18)","decl":{"start":{"line":43,"column":28},"end":{"line":43,"column":34}},"loc":{"start":{"line":43,"column":34},"end":{"line":43,"column":null}}},"10":{"name":"(anonymous_19)","decl":{"start":{"line":44,"column":26},"end":{"line":44,"column":32}},"loc":{"start":{"line":44,"column":32},"end":{"line":44,"column":null}}},"11":{"name":"(anonymous_20)","decl":{"start":{"line":45,"column":33},"end":{"line":45,"column":39}},"loc":{"start":{"line":45,"column":39},"end":{"line":45,"column":null}}},"12":{"name":"saveMemory","decl":{"start":{"line":61,"column":22},"end":{"line":61,"column":32}},"loc":{"start":{"line":61,"column":55},"end":{"line":79,"column":null}}},"13":{"name":"(anonymous_22)","decl":{"start":{"line":77,"column":24},"end":{"line":77,"column":25}},"loc":{"start":{"line":77,"column":31},"end":{"line":77,"column":null}}},"14":{"name":"listMemories","decl":{"start":{"line":81,"column":22},"end":{"line":81,"column":34}},"loc":{"start":{"line":81,"column":22},"end":{"line":85,"column":null}}},"15":{"name":"(anonymous_24)","decl":{"start":{"line":83,"column":51},"end":{"line":83,"column":52}},"loc":{"start":{"line":83,"column":58},"end":{"line":83,"column":null}}},"16":{"name":"(anonymous_25)","decl":{"start":{"line":84,"column":18},"end":{"line":84,"column":19}},"loc":{"start":{"line":84,"column":29},"end":{"line":84,"column":null}}},"17":{"name":"getMemory","decl":{"start":{"line":87,"column":22},"end":{"line":87,"column":31}},"loc":{"start":{"line":87,"column":42},"end":{"line":93,"column":null}}},"18":{"name":"(anonymous_27)","decl":{"start":{"line":91,"column":4},"end":{"line":91,"column":5}},"loc":{"start":{"line":91,"column":11},"end":{"line":91,"column":null}}},"19":{"name":"searchMemories","decl":{"start":{"line":95,"column":22},"end":{"line":95,"column":36}},"loc":{"start":{"line":95,"column":50},"end":{"line":105,"column":null}}},"20":{"name":"(anonymous_29)","decl":{"start":{"line":100,"column":4},"end":{"line":100,"column":5}},"loc":{"start":{"line":101,"column":6},"end":{"line":103,"column":null}}},"21":{"name":"(anonymous_30)","decl":{"start":{"line":103,"column":18},"end":{"line":103,"column":19}},"loc":{"start":{"line":103,"column":25},"end":{"line":103,"column":null}}},"22":{"name":"deleteMemory","decl":{"start":{"line":107,"column":22},"end":{"line":107,"column":34}},"loc":{"start":{"line":107,"column":45},"end":{"line":110,"column":null}}},"23":{"name":"(anonymous_32)","decl":{"start":{"line":109,"column":24},"end":{"line":109,"column":25}},"loc":{"start":{"line":109,"column":31},"end":{"line":109,"column":null}}},"24":{"name":"updateMemory","decl":{"start":{"line":112,"column":22},"end":{"line":112,"column":34}},"loc":{"start":{"line":114,"column":56},"end":{"line":128,"column":null}}},"25":{"name":"(anonymous_34)","decl":{"start":{"line":126,"column":24},"end":{"line":126,"column":25}},"loc":{"start":{"line":126,"column":31},"end":{"line":126,"column":null}}},"26":{"name":"exportMemories","decl":{"start":{"line":131,"column":22},"end":{"line":131,"column":36}},"loc":{"start":{"line":131,"column":22},"end":{"line":134,"column":null}}},"27":{"name":"importMemories","decl":{"start":{"line":137,"column":22},"end":{"line":137,"column":36}},"loc":{"start":{"line":137,"column":49},"end":{"line":153,"column":null}}},"28":{"name":"(anonymous_37)","decl":{"start":{"line":148,"column":48},"end":{"line":148,"column":49}},"loc":{"start":{"line":148,"column":55},"end":{"line":148,"column":null}}}},"branchMap":{"0":{"loc":{"start":{"line":14,"column":9},"end":{"line":14,"column":null}},"type":"binary-expr","locations":[{"start":{"line":14,"column":9},"end":{"line":14,"column":42}},{"start":{"line":14,"column":42},"end":{"line":14,"column":null}}]},"1":{"loc":{"start":{"line":22,"column":6},"end":{"line":26,"column":null}},"type":"if","locations":[{"start":{"line":22,"column":6},"end":{"line":26,"column":null}}]},"2":{"loc":{"start":{"line":67,"column":17},"end":{"line":67,"column":null}},"type":"binary-expr","locations":[{"start":{"line":67,"column":17},"end":{"line":67,"column":46}},{"start":{"line":67,"column":46},"end":{"line":67,"column":null}}]},"3":{"loc":{"start":{"line":72,"column":10},"end":{"line":72,"column":26}},"type":"binary-expr","locations":[{"start":{"line":72,"column":10},"end":{"line":72,"column":20}},{"start":{"line":72,"column":24},"end":{"line":72,"column":26}}]},"4":{"loc":{"start":{"line":73,"column":15},"end":{"line":73,"column":null}},"type":"binary-expr","locations":[{"start":{"line":73,"column":15},"end":{"line":73,"column":30}},{"start":{"line":73,"column":34},"end":{"line":73,"column":null}}]},"5":{"loc":{"start":{"line":74,"column":25},"end":{"line":74,"column":null}},"type":"binary-expr","locations":[{"start":{"line":74,"column":25},"end":{"line":74,"column":50}},{"start":{"line":74,"column":54},"end":{"line":74,"column":null}}]},"6":{"loc":{"start":{"line":76,"column":2},"end":{"line":76,"column":null}},"type":"if","locations":[{"start":{"line":76,"column":2},"end":{"line":76,"column":null}}]},"7":{"loc":{"start":{"line":82,"column":2},"end":{"line":82,"column":null}},"type":"if","locations":[{"start":{"line":82,"column":2},"end":{"line":82,"column":null}}]},"8":{"loc":{"start":{"line":84,"column":29},"end":{"line":84,"column":null}},"type":"cond-expr","locations":[{"start":{"line":84,"column":57},"end":{"line":84,"column":61}},{"start":{"line":84,"column":61},"end":{"line":84,"column":null}}]},"9":{"loc":{"start":{"line":88,"column":2},"end":{"line":88,"column":null}},"type":"if","locations":[{"start":{"line":88,"column":2},"end":{"line":88,"column":null}}]},"10":{"loc":{"start":{"line":98,"column":2},"end":{"line":98,"column":null}},"type":"if","locations":[{"start":{"line":98,"column":2},"end":{"line":98,"column":null}}]},"11":{"loc":{"start":{"line":101,"column":6},"end":{"line":103,"column":null}},"type":"binary-expr","locations":[{"start":{"line":101,"column":6},"end":{"line":101,"column":null}},{"start":{"line":102,"column":6},"end":{"line":102,"column":null}},{"start":{"line":103,"column":6},"end":{"line":103,"column":null}}]},"12":{"loc":{"start":{"line":108,"column":2},"end":{"line":108,"column":null}},"type":"if","locations":[{"start":{"line":108,"column":2},"end":{"line":108,"column":null}}]},"13":{"loc":{"start":{"line":117,"column":2},"end":{"line":117,"column":null}},"type":"if","locations":[{"start":{"line":117,"column":2},"end":{"line":117,"column":null}}]},"14":{"loc":{"start":{"line":125,"column":2},"end":{"line":125,"column":null}},"type":"if","locations":[{"start":{"line":125,"column":2},"end":{"line":125,"column":null}}]},"15":{"loc":{"start":{"line":144,"column":2},"end":{"line":144,"column":null}},"type":"if","locations":[{"start":{"line":144,"column":2},"end":{"line":144,"column":null}}]},"16":{"loc":{"start":{"line":147,"column":4},"end":{"line":150,"column":null}},"type":"if","locations":[{"start":{"line":147,"column":4},"end":{"line":150,"column":null}}]},"17":{"loc":{"start":{"line":147,"column":8},"end":{"line":147,"column":50}},"type":"binary-expr","locations":[{"start":{"line":147,"column":8},"end":{"line":147,"column":16}},{"start":{"line":147,"column":16},"end":{"line":147,"column":23}},{"start":{"line":147,"column":27},"end":{"line":147,"column":37}},{"start":{"line":147,"column":41},"end":{"line":147,"column":50}}]},"18":{"loc":{"start":{"line":148,"column":6},"end":{"line":148,"column":null}},"type":"if","locations":[{"start":{"line":148,"column":6},"end":{"line":148,"column":null}}]}},"s":{"0":1,"1":1,"2":3,"3":3,"4":7,"5":9,"6":3,"7":2,"8":4,"9":4,"10":4,"11":29,"12":29,"13":29,"14":29,"15":14,"16":14,"17":14,"18":14,"19":14,"20":29,"21":29,"22":29,"23":0,"24":29,"25":29,"26":29,"27":29,"28":29,"29":29,"30":29,"31":29,"32":0,"33":29,"34":28,"35":9,"36":9,"37":9,"38":0,"39":9,"40":9,"41":9,"42":11,"43":0,"44":11,"45":11,"46":11,"47":3,"48":5,"49":0,"50":5,"51":5,"52":3,"53":3,"54":3,"55":1,"56":2,"57":4,"58":1,"59":1,"60":0,"61":1,"62":1,"63":2,"64":2,"65":1,"66":1,"67":1,"68":0,"69":1,"70":1,"71":1,"72":1,"73":1,"74":3,"75":3,"76":0,"77":3,"78":1,"79":2,"80":2,"81":3,"82":2,"83":2,"84":2,"85":2,"86":2},"f":{"0":29,"1":29,"2":29,"3":14,"4":29,"5":0,"6":29,"7":29,"8":29,"9":29,"10":0,"11":28,"12":9,"13":9,"14":11,"15":11,"16":3,"17":5,"18":5,"19":3,"20":4,"21":1,"22":1,"23":1,"24":2,"25":1,"26":1,"27":3,"28":2},"b":{"0":[29,29],"1":[14],"2":[9,2],"3":[9,8],"4":[9,9],"5":[9,9],"6":[0],"7":[0],"8":[0,3],"9":[0],"10":[1],"11":[4,3,3],"12":[0],"13":[1],"14":[0],"15":[1],"16":[2],"17":[3,3,2,2],"18":[2]}}
,"F:\\Projects\\ai-avatar-companion\\ai-avatar-companion\\lib\\design\\tokens.ts": {"path":"F:\\Projects\\ai-avatar-companion\\ai-avatar-companion\\lib\\design\\tokens.ts","statementMap":{"0":{"start":{"line":60,"column":13},"end":{"line":60,"column":26}},"1":{"start":{"line":12,"column":13},"end":{"line":12,"column":19}},"2":{"start":{"line":53,"column":13},"end":{"line":53,"column":18}},"3":{"start":{"line":63,"column":13},"end":{"line":63,"column":25}},"4":{"start":{"line":81,"column":13},"end":{"line":81,"column":23}},"5":{"start":{"line":93,"column":13},"end":{"line":93,"column":19}},"6":{"start":{"line":12,"column":22},"end":{"line":50,"column":null}},"7":{"start":{"line":53,"column":21},"end":{"line":57,"column":null}},"8":{"start":{"line":60,"column":29},"end":{"line":60,"column":128}},"9":{"start":{"line":63,"column":28},"end":{"line":68,"column":null}},"10":{"start":{"line":84,"column":4},"end":{"line":90,"column":null}},"11":{"start":{"line":93,"column":22},"end":{"line":97,"column":null}}},"fnMap":{},"branchMap":{},"s":{"0":3,"1":5,"2":0,"3":0,"4":43,"5":0,"6":3,"7":3,"8":3,"9":3,"10":3,"11":3},"f":{},"b":{}}
}
