TN:
SF:components\AvatarModeModal.tsx
FN:21,AvatarModeModal
FN:30,(anonymous_3)
FN:34,(anonymous_4)
FN:36,(anonymous_5)
FN:38,(anonymous_6)
FN:41,(anonymous_7)
FN:65,(anonymous_8)
FN:123,(anonymous_9)
FN:138,(anonymous_10)
FN:180,(anonymous_11)
FN:180,(anonymous_12)
FN:232,ModeCard
FN:296,(anonymous_14)
FN:313,WifiIcon
FN:329,ShieldIcon
FNF:15
FNH:11
FNDA:14,AvatarModeModal
FNDA:8,(anonymous_3)
FNDA:12,(anonymous_4)
FNDA:0,(anonymous_5)
FNDA:2,(anonymous_6)
FNDA:1,(anonymous_7)
FNDA:2,(anonymous_8)
FNDA:1,(anonymous_9)
FNDA:0,(anonymous_10)
FNDA:0,(anonymous_11)
FNDA:0,(anonymous_12)
FNDA:6,ModeCard
FNDA:18,(anonymous_14)
FNDA:3,WifiIcon
FNDA:3,ShieldIcon
DA:3,3
DA:4,3
DA:5,3
DA:6,3
DA:21,12
DA:27,14
DA:28,14
DA:30,14
DA:31,8
DA:34,14
DA:35,12
DA:36,2
DA:37,2
DA:38,2
DA:41,14
DA:42,1
DA:43,1
DA:48,14
DA:65,2
DA:123,1
DA:138,0
DA:180,0
DA:297,18
LF:23
LH:21
BRDA:27,0,0,0
BRDA:27,0,1,14
BRDA:31,1,0,2
BRDA:31,2,0,0
BRDA:31,2,1,2
BRDA:35,3,0,10
BRDA:36,4,0,0
BRDA:36,4,1,0
BRDA:48,5,0,10
BRDA:181,6,0,4
BRDA:181,6,1,0
BRDA:187,7,0,4
BRDA:187,7,1,0
BRDA:258,8,0,3
BRDA:258,8,1,3
BRDA:260,9,0,6
BRDA:282,10,0,3
BRDA:282,10,1,3
BRDA:285,11,0,3
BRDA:285,11,1,3
BRDA:304,12,0,3
BRDA:304,12,1,3
BRF:22
BRH:16
end_of_record
TN:
SF:components\AvatarOrb.tsx
FN:10,(anonymous_7)
FN:10,(anonymous_8)
FN:24,avatarToOrb
FN:46,usePrefersReducedMotion
FN:48,(anonymous_12)
FN:51,(anonymous_13)
FN:53,(anonymous_14)
FN:64,AvatarOrb
FN:77,(anonymous_16)
FN:78,(anonymous_17)
FN:80,(anonymous_18)
FN:106,(anonymous_19)
FN:133,OrbErrorGuard
FN:137,(anonymous_21)
FN:149,CssOrb
FNF:15
FNH:13
FNDA:2,(anonymous_7)
FNDA:2,(anonymous_8)
FNDA:22,avatarToOrb
FNDA:14,usePrefersReducedMotion
FNDA:5,(anonymous_12)
FNDA:0,(anonymous_13)
FNDA:5,(anonymous_14)
FNDA:14,AvatarOrb
FNDA:5,(anonymous_16)
FNDA:0,(anonymous_17)
FNDA:5,(anonymous_18)
FNDA:5,(anonymous_19)
FNDA:5,OrbErrorGuard
FNDA:5,(anonymous_21)
FNDA:9,CssOrb
DA:3,2
DA:4,2
DA:5,2
DA:10,4
DA:24,8
DA:25,22
DA:27,3
DA:32,3
DA:34,1
DA:36,1
DA:42,14
DA:47,14
DA:48,14
DA:49,5
DA:50,5
DA:51,5
DA:52,5
DA:53,5
DA:55,14
DA:64,13
DA:71,14
DA:72,14
DA:73,14
DA:74,14
DA:75,14
DA:77,14
DA:78,5
DA:79,5
DA:80,5
DA:83,14
DA:85,14
DA:86,14
DA:106,5
DA:137,5
DA:138,5
DA:139,5
DA:140,5
DA:142,0
DA:150,9
LF:39
LH:38
BRDA:25,0,0,3
BRDA:25,0,1,1
BRDA:25,0,2,2
BRDA:25,0,3,3
BRDA:25,0,4,3
BRDA:25,0,5,1
BRDA:25,0,6,1
BRDA:25,0,7,1
BRDA:25,0,8,1
BRDA:25,0,9,14
BRDA:25,0,10,14
BRDA:25,0,11,14
BRDA:67,1,0,2
BRDA:69,2,0,14
BRDA:86,3,0,14
BRDA:86,3,1,14
BRDA:104,4,0,9
BRDA:140,5,0,5
BRDA:140,6,0,5
BRDA:140,6,1,5
BRF:20
BRH:20
end_of_record
TN:
SF:components\AvatarStage.tsx
FN:28,AvatarStage
FN:39,(anonymous_3)
FN:46,(anonymous_4)
FN:47,(anonymous_5)
FN:53,(anonymous_6)
FN:77,(anonymous_7)
FN:78,(anonymous_8)
FN:81,(anonymous_9)
FN:82,(anonymous_10)
FN:99,(anonymous_11)
FNF:10
FNH:5
FNDA:12,AvatarStage
FNDA:4,(anonymous_3)
FNDA:4,(anonymous_4)
FNDA:4,(anonymous_5)
FNDA:4,(anonymous_6)
FNDA:0,(anonymous_7)
FNDA:0,(anonymous_8)
FNDA:0,(anonymous_9)
FNDA:0,(anonymous_10)
FNDA:0,(anonymous_11)
DA:3,2
DA:4,2
DA:5,2
DA:6,2
DA:28,11
DA:35,12
DA:37,12
DA:38,12
DA:39,12
DA:40,4
DA:45,12
DA:46,12
DA:47,4
DA:48,4
DA:49,4
DA:51,4
DA:52,4
DA:53,4
DA:56,12
DA:57,12
DA:58,12
DA:77,0
DA:78,0
DA:81,0
DA:82,0
DA:99,0
LF:26
LH:21
BRDA:32,0,0,2
BRDA:40,1,0,4
BRDA:49,2,0,0
BRDA:49,2,1,4
BRDA:49,3,0,0
BRDA:49,3,1,4
BRDA:49,4,0,0
BRDA:49,4,1,4
BRDA:56,5,0,12
BRDA:56,5,1,0
BRDA:57,6,0,12
BRDA:57,6,1,0
BRDA:65,7,0,0
BRDA:65,7,1,12
BRDA:71,8,0,12
BRDA:84,9,0,0
BRDA:84,9,1,10
BRDA:88,10,0,12
BRDA:90,11,0,12
BRDA:92,12,0,12
BRDA:100,13,0,0
BRDA:100,13,1,12
BRDA:105,14,0,12
BRF:23
BRH:15
end_of_record
TN:
SF:components\CameraPanel.tsx
FN:41,CameraPanel
FN:93,(anonymous_3)
FN:102,(anonymous_4)
FN:170,(anonymous_5)
FN:298,(anonymous_6)
FN:306,(anonymous_7)
FN:336,(anonymous_8)
FN:372,(anonymous_9)
FN:379,(anonymous_10)
FN:416,(anonymous_11)
FN:431,(anonymous_12)
FN:459,(anonymous_13)
FN:461,(anonymous_14)
FN:490,(anonymous_15)
FN:497,(anonymous_16)
FN:514,Brackets
FN:535,FocusCard
FN:583,TeachShell
FN:624,LocalMemoryNote
FN:638,FieldLabel
FN:642,CosmicInput
FN:657,(anonymous_23)
FN:665,PanelButton
FN:695,ShieldIcon
FN:702,EyeIcon
FN:710,CubeIcon
FN:718,PersonIcon
FN:726,CamOffIcon
FN:734,LockIcon
FN:742,ChipIcon
FNF:30
FNH:11
FNDA:5,CameraPanel
FNDA:0,(anonymous_3)
FNDA:0,(anonymous_4)
FNDA:0,(anonymous_5)
FNDA:1,(anonymous_6)
FNDA:0,(anonymous_7)
FNDA:0,(anonymous_8)
FNDA:0,(anonymous_9)
FNDA:0,(anonymous_10)
FNDA:0,(anonymous_11)
FNDA:0,(anonymous_12)
FNDA:0,(anonymous_13)
FNDA:0,(anonymous_14)
FNDA:0,(anonymous_15)
FNDA:0,(anonymous_16)
FNDA:5,Brackets
FNDA:16,FocusCard
FNDA:1,TeachShell
FNDA:0,LocalMemoryNote
FNDA:0,FieldLabel
FNDA:0,CosmicInput
FNDA:0,(anonymous_23)
FNDA:2,PanelButton
FNDA:5,ShieldIcon
FNDA:4,EyeIcon
FNDA:4,CubeIcon
FNDA:4,PersonIcon
FNDA:4,CamOffIcon
FNDA:0,LockIcon
FNDA:0,ChipIcon
DA:9,2
DA:10,2
DA:11,2
DA:41,4
DA:64,5
DA:65,5
DA:69,5
DA:71,5
DA:72,5
DA:73,5
DA:75,5
DA:76,5
DA:77,5
DA:78,5
DA:80,5
DA:81,5
DA:82,5
DA:85,5
DA:93,5
DA:94,0
DA:95,0
DA:96,0
DA:97,0
DA:98,0
DA:99,0
DA:100,0
DA:102,5
DA:103,0
DA:104,0
DA:171,0
DA:172,0
DA:173,0
DA:174,0
DA:298,1
DA:306,0
DA:336,0
DA:373,0
DA:374,0
DA:379,0
DA:416,0
DA:432,0
DA:460,0
DA:461,0
DA:491,0
DA:492,0
DA:497,0
DA:515,5
DA:516,5
DA:551,16
DA:657,0
DA:688,2
LF:51
LH:25
BRDA:82,0,0,5
BRDA:82,0,1,5
BRDA:82,0,2,5
BRDA:85,1,0,0
BRDA:85,1,1,5
BRDA:87,2,0,0
BRDA:87,2,1,5
BRDA:89,3,0,0
BRDA:89,3,1,5
BRDA:125,4,0,5
BRDA:125,4,1,0
BRDA:128,5,0,5
BRDA:128,5,1,0
BRDA:130,6,0,5
BRDA:130,6,1,0
BRDA:172,7,0,0
BRDA:172,8,0,0
BRDA:172,8,1,0
BRDA:180,9,0,5
BRDA:183,10,0,0
BRDA:183,10,1,0
BRDA:184,11,0,0
BRDA:184,11,1,0
BRDA:184,11,2,0
BRDA:185,12,0,0
BRDA:185,12,1,0
BRDA:185,12,2,0
BRDA:186,13,0,0
BRDA:186,13,1,0
BRDA:194,14,0,5
BRDA:202,15,0,5
BRDA:202,15,1,0
BRDA:213,16,0,5
BRDA:221,17,0,5
BRDA:221,17,1,5
BRDA:226,18,0,0
BRDA:226,18,1,0
BRDA:238,19,0,0
BRDA:238,19,1,0
BRDA:243,20,0,0
BRDA:243,20,1,0
BRDA:247,21,0,5
BRDA:253,22,0,5
BRDA:253,22,1,5
BRDA:253,22,2,0
BRDA:264,23,0,5
BRDA:273,24,0,4
BRDA:273,24,1,4
BRDA:276,25,0,4
BRDA:276,25,1,0
BRDA:289,26,0,4
BRDA:289,26,1,4
BRDA:297,27,0,4
BRDA:297,27,1,4
BRDA:305,28,0,4
BRDA:305,28,1,4
BRDA:325,29,0,5
BRDA:332,30,0,1
BRDA:335,31,0,1
BRDA:335,31,1,1
BRDA:371,32,0,0
BRDA:371,32,1,0
BRDA:392,33,0,5
BRDA:399,34,0,0
BRDA:436,35,0,0
BRDA:455,36,0,0
BRDA:458,37,0,0
BRDA:458,37,1,0
BRDA:461,38,0,0
BRDA:489,39,0,0
BRDA:489,39,1,0
BRDA:515,40,0,0
BRDA:515,40,1,5
BRDA:516,41,0,0
BRDA:516,41,1,5
BRDA:551,42,0,4
BRDA:551,42,1,12
BRDA:553,43,0,4
BRDA:553,43,1,8
BRDA:561,44,0,4
BRDA:561,44,1,12
BRDA:681,45,0,1
BRDA:681,45,1,1
BRF:83
BRH:43
end_of_record
TN:
SF:components\ChatTranscript.tsx
FN:21,ChatTranscript
FN:30,(anonymous_3)
FN:36,(anonymous_4)
FN:38,(anonymous_5)
FN:41,(anonymous_6)
FN:129,(anonymous_7)
FN:153,(anonymous_8)
FN:190,TranscriptCard
FN:236,formatTime
FNF:9
FNH:9
FNDA:19,ChatTranscript
FNDA:9,(anonymous_3)
FNDA:15,(anonymous_4)
FNDA:12,(anonymous_5)
FNDA:9,(anonymous_6)
FNDA:10,(anonymous_7)
FNDA:6,(anonymous_8)
FNDA:10,TranscriptCard
FNDA:10,formatTime
DA:3,2
DA:4,2
DA:5,2
DA:21,13
DA:27,19
DA:28,19
DA:30,19
DA:31,9
DA:32,2
DA:36,19
DA:37,15
DA:38,15
DA:41,19
DA:42,9
DA:43,9
DA:44,9
DA:46,0
DA:130,10
DA:153,6
DA:197,10
DA:237,10
DA:238,10
DA:240,0
LF:23
LH:21
BRDA:31,0,0,2
BRDA:31,1,0,9
BRDA:31,1,1,2
BRDA:38,2,0,6
BRDA:38,2,1,9
BRDA:44,3,0,9
BRDA:44,3,1,6
BRDA:53,4,0,19
BRDA:124,5,0,0
BRDA:124,5,1,8
BRDA:126,6,0,0
BRDA:126,6,1,0
BRDA:200,7,0,2
BRDA:200,7,1,8
BRDA:204,8,0,2
BRDA:221,9,0,2
BRDA:221,9,1,8
BRDA:223,10,0,2
BRDA:223,10,1,8
BRF:19
BRH:16
end_of_record
TN:
SF:components\ChatView.tsx
FN:26,ChatView
FN:40,(anonymous_3)
FN:45,(anonymous_4)
FN:48,(anonymous_5)
FN:52,(anonymous_6)
FN:58,(anonymous_7)
FN:66,(anonymous_8)
FN:157,(anonymous_9)
FN:186,(anonymous_10)
FN:206,(anonymous_11)
FN:217,(anonymous_12)
FN:225,(anonymous_13)
FN:245,(anonymous_14)
FN:279,PortraitHalo
FN:301,Bubble
FN:352,TypingBubble
FN:357,(anonymous_18)
FN:370,formatTime
FNF:18
FNH:10
FNDA:17,ChatView
FNDA:5,(anonymous_3)
FNDA:5,(anonymous_4)
FNDA:0,(anonymous_5)
FNDA:0,(anonymous_6)
FNDA:1,(anonymous_7)
FNDA:0,(anonymous_8)
FNDA:2,(anonymous_9)
FNDA:0,(anonymous_10)
FNDA:1,(anonymous_11)
FNDA:0,(anonymous_12)
FNDA:0,(anonymous_13)
FNDA:11,(anonymous_14)
FNDA:17,PortraitHalo
FNDA:2,Bubble
FNDA:0,TypingBubble
FNDA:0,(anonymous_18)
FNDA:2,formatTime
DA:3,2
DA:4,2
DA:5,2
DA:6,2
DA:7,2
DA:26,5
DA:33,17
DA:34,17
DA:35,17
DA:36,17
DA:37,17
DA:38,17
DA:40,17
DA:41,5
DA:42,5
DA:45,17
DA:46,5
DA:47,5
DA:48,0
DA:49,0
DA:50,0
DA:51,0
DA:52,0
DA:53,0
DA:54,0
DA:58,17
DA:59,1
DA:60,1
DA:61,1
DA:62,1
DA:63,1
DA:66,17
DA:67,0
DA:68,0
DA:69,0
DA:70,0
DA:71,0
DA:75,0
DA:158,2
DA:186,0
DA:207,1
DA:208,1
DA:218,0
DA:219,0
DA:225,0
DA:245,11
DA:280,17
DA:302,2
DA:358,0
DA:371,2
DA:372,2
DA:374,0
LF:52
LH:33
BRDA:42,0,0,5
BRDA:47,1,0,5
BRDA:60,2,0,0
BRDA:60,3,0,1
BRDA:60,3,1,0
BRDA:61,4,0,1
BRDA:61,4,1,1
BRDA:67,5,0,0
BRDA:67,6,0,0
BRDA:67,6,1,0
BRDA:71,7,0,0
BRDA:84,8,0,0
BRDA:84,8,1,17
BRDA:116,9,0,0
BRDA:116,9,1,17
BRDA:118,10,0,0
BRDA:118,10,1,17
BRDA:143,11,0,15
BRDA:142,12,0,17
BRDA:142,12,1,15
BRDA:152,13,0,2
BRDA:162,14,0,17
BRDA:162,14,1,0
BRDA:168,15,0,17
BRDA:168,15,1,17
BRDA:171,16,0,0
BRDA:181,17,0,0
BRDA:181,17,1,0
BRDA:183,18,0,0
BRDA:246,19,0,0
BRDA:246,19,1,17
BRDA:253,20,0,17
BRDA:253,20,1,6
BRDA:253,20,2,11
BRDA:279,21,0,15
BRDA:280,22,0,2
BRDA:280,22,1,15
BRDA:308,23,0,2
BRDA:308,23,1,0
BRDA:312,24,0,2
BRDA:312,24,1,0
BRDA:317,25,0,2
BRDA:325,26,0,2
BRDA:329,27,0,2
BRDA:329,27,1,0
BRDA:332,28,0,2
BRF:46
BRH:28
end_of_record
TN:
SF:components\ErrorBoundary.tsx
FN:18,(anonymous_1)
FN:22,(anonymous_2)
FN:30,(anonymous_3)
FN:28,(anonymous_5)
FNF:4
FNH:3
FNDA:2,(anonymous_1)
FNDA:1,(anonymous_2)
FNDA:15,(anonymous_3)
FNDA:0,(anonymous_5)
DA:3,2
DA:15,12
DA:16,6
DA:19,2
DA:25,1
DA:28,6
DA:31,15
DA:52,13
LF:8
LH:8
BRDA:31,0,0,2
BRDA:33,1,0,2
BRDA:38,2,0,2
BRDA:38,2,1,0
BRF:4
BRH:3
end_of_record
TN:
SF:components\InstallAppPrompt.tsx
FN:19,InstallAppPrompt
FN:25,(anonymous_3)
FN:37,(anonymous_4)
FN:42,(anonymous_5)
FN:43,(anonymous_6)
FN:50,(anonymous_7)
FN:64,(anonymous_8)
FN:88,(anonymous_9)
FN:95,(anonymous_10)
FN:99,(anonymous_11)
FN:182,Step
FN:193,Feature
FNF:12
FNH:6
FNDA:16,InstallAppPrompt
FNDA:6,(anonymous_3)
FNDA:0,(anonymous_4)
FNDA:0,(anonymous_5)
FNDA:6,(anonymous_6)
FNDA:0,(anonymous_7)
FNDA:1,(anonymous_8)
FNDA:0,(anonymous_9)
FNDA:0,(anonymous_10)
FNDA:0,(anonymous_11)
FNDA:3,Step
FNDA:3,Feature
DA:3,2
DA:4,2
DA:5,2
DA:6,2
DA:19,13
DA:20,16
DA:21,16
DA:22,16
DA:23,16
DA:25,16
DA:27,6
DA:29,6
DA:30,0
DA:31,0
DA:33,6
DA:34,6
DA:35,6
DA:37,6
DA:38,0
DA:39,0
DA:41,6
DA:42,6
DA:43,6
DA:47,16
DA:48,16
DA:50,3
DA:51,0
DA:52,0
DA:53,0
DA:54,0
DA:55,0
DA:56,0
DA:64,1
DA:88,0
DA:95,0
DA:99,0
LF:36
LH:23
BRDA:27,0,0,6
BRDA:27,0,1,6
BRDA:29,1,0,0
BRDA:34,2,0,6
BRDA:34,2,1,2
BRDA:47,3,0,16
BRDA:47,3,1,16
BRDA:48,4,0,13
BRDA:48,5,0,16
BRDA:48,5,1,16
BRDA:51,6,0,0
BRDA:54,7,0,0
BRDA:61,8,0,3
BRDA:83,9,0,3
BRDA:123,10,0,1
BRDA:142,11,0,1
BRF:16
BRH:13
end_of_record
TN:
SF:components\MicButton.tsx
FN:18,MicButton
FN:30,(anonymous_2)
FN:31,(anonymous_3)
FN:32,(anonymous_4)
FN:35,(anonymous_5)
FN:71,MicIcon
FNF:6
FNH:5
FNDA:7,MicButton
FNDA:1,(anonymous_2)
FNDA:1,(anonymous_3)
FNDA:0,(anonymous_4)
FNDA:1,(anonymous_5)
FNDA:7,MicIcon
DA:18,7
DA:25,7
DA:26,7
DA:28,7
DA:30,1
DA:31,1
DA:32,0
DA:35,1
LF:8
LH:7
BRDA:23,0,0,2
BRDA:26,1,0,7
BRDA:26,1,1,6
BRDA:28,2,0,1
BRDA:28,2,1,6
BRDA:30,3,0,1
BRDA:30,3,1,1
BRDA:31,4,0,1
BRDA:31,4,1,1
BRDA:32,5,0,0
BRDA:32,5,1,0
BRDA:32,5,2,0
BRDA:35,6,0,1
BRDA:35,6,1,1
BRDA:41,7,0,7
BRDA:41,7,1,7
BRDA:42,8,0,0
BRDA:42,8,1,7
BRDA:58,9,0,0
BRDA:58,9,1,7
BRDA:64,10,0,0
BRDA:64,10,1,7
BRDA:87,11,0,7
BRF:23
BRH:17
end_of_record
TN:
SF:components\PermissionSetup.tsx
FN:20,PermissionSetup
FN:26,(anonymous_3)
FN:215,PermCard
FN:258,MobileGuidance
FN:281,ShieldIcon
FN:289,MicIcon
FN:297,CamIcon
FN:306,LockIcon
FNF:8
FNH:8
FNDA:19,PermissionSetup
FNDA:2,(anonymous_3)
FNDA:22,PermCard
FNDA:1,MobileGuidance
FNDA:33,ShieldIcon
FNDA:11,MicIcon
FNDA:22,CamIcon
FNDA:11,LockIcon
DA:6,2
DA:7,2
DA:8,2
DA:9,2
DA:10,2
DA:20,15
DA:21,19
DA:22,19
DA:24,19
DA:26,12
DA:27,2
DA:28,2
DA:29,2
DA:30,2
DA:31,1
DA:32,1
DA:274,2
DA:282,33
DA:298,22
LF:19
LH:19
BRDA:24,0,0,7
BRDA:30,1,0,1
BRDA:30,1,1,1
BRDA:31,2,0,0
BRDA:31,2,1,1
BRDA:54,3,0,12
BRDA:111,4,0,2
BRDA:111,4,1,9
BRDA:139,5,0,12
BRDA:154,6,0,0
BRDA:154,6,1,1
BRDA:166,7,0,12
BRDA:282,8,0,22
BRDA:282,8,1,11
BRDA:298,9,0,11
BRDA:298,9,1,11
BRF:16
BRH:14
end_of_record
TN:
SF:components\ServiceWorkerRegistrar.tsx
FN:16,ServiceWorkerRegistrar
FN:17,(anonymous_2)
FN:23,(anonymous_3)
FN:23,(anonymous_4)
FN:24,(anonymous_5)
FN:28,(anonymous_6)
FN:28,(anonymous_7)
FN:29,(anonymous_8)
FN:34,(anonymous_9)
FN:35,(anonymous_10)
FN:41,(anonymous_11)
FNF:11
FNH:3
FNDA:2,ServiceWorkerRegistrar
FNDA:2,(anonymous_2)
FNDA:1,(anonymous_3)
FNDA:0,(anonymous_4)
FNDA:0,(anonymous_5)
FNDA:0,(anonymous_6)
FNDA:0,(anonymous_7)
FNDA:0,(anonymous_8)
FNDA:0,(anonymous_9)
FNDA:0,(anonymous_10)
FNDA:0,(anonymous_11)
DA:3,1
DA:16,2
DA:17,2
DA:18,2
DA:20,1
DA:21,1
DA:23,1
DA:25,1
DA:26,0
DA:28,0
DA:31,1
DA:34,0
DA:35,0
DA:36,0
DA:40,0
DA:41,0
DA:44,2
LF:17
LH:10
BRDA:18,0,0,1
BRDA:18,1,0,2
BRDA:18,1,1,2
BRDA:20,2,0,1
BRDA:25,3,0,0
BRF:5
BRH:4
end_of_record
TN:
SF:components\SettingsPanel.tsx
FN:54,SettingsPanel
FN:96,(anonymous_3)
FN:98,(anonymous_4)
FN:100,(anonymous_5)
FN:107,(anonymous_6)
FN:113,(anonymous_7)
FN:115,(anonymous_8)
FN:136,(anonymous_9)
FN:139,(anonymous_10)
FN:169,(anonymous_11)
FN:210,(anonymous_12)
FN:224,(anonymous_13)
FN:252,(anonymous_14)
FN:270,(anonymous_15)
FN:274,(anonymous_16)
FN:318,(anonymous_17)
FN:326,(anonymous_18)
FN:326,(anonymous_19)
FN:356,(anonymous_20)
FN:366,(anonymous_21)
FN:403,(anonymous_22)
FN:437,(anonymous_23)
FN:447,(anonymous_24)
FN:463,(anonymous_25)
FN:483,(anonymous_26)
FN:503,(anonymous_27)
FN:506,(anonymous_28)
FN:513,(anonymous_29)
FN:526,Row
FN:560,Segmented
FN:571,(anonymous_32)
FN:577,(anonymous_33)
FN:582,(anonymous_34)
FN:598,Switch
FN:613,(anonymous_36)
FN:626,SelectField
FN:641,(anonymous_38)
FN:661,MiniField
FN:679,ToggleRow
FN:709,GearIcon
FN:717,UserIcon
FN:725,PencilIcon
FN:732,VoiceIcon
FN:739,VolumeIcon
FN:746,VideoIcon
FN:755,ImageIcon
FN:764,HandIcon
FN:771,CaptionIcon
FN:779,MicIcon
FN:788,CursorIcon
FN:795,ResetIcon
FN:802,TrashIcon
FN:809,BackupIcon
FNF:53
FNH:28
FNDA:20,SettingsPanel
FNDA:8,(anonymous_3)
FNDA:8,(anonymous_4)
FNDA:0,(anonymous_5)
FNDA:8,(anonymous_6)
FNDA:15,(anonymous_7)
FNDA:0,(anonymous_8)
FNDA:5,(anonymous_9)
FNDA:0,(anonymous_10)
FNDA:3,(anonymous_11)
FNDA:0,(anonymous_12)
FNDA:0,(anonymous_13)
FNDA:0,(anonymous_14)
FNDA:0,(anonymous_15)
FNDA:0,(anonymous_16)
FNDA:0,(anonymous_17)
FNDA:0,(anonymous_18)
FNDA:0,(anonymous_19)
FNDA:0,(anonymous_20)
FNDA:0,(anonymous_21)
FNDA:0,(anonymous_22)
FNDA:0,(anonymous_23)
FNDA:0,(anonymous_24)
FNDA:0,(anonymous_25)
FNDA:0,(anonymous_26)
FNDA:0,(anonymous_27)
FNDA:0,(anonymous_28)
FNDA:0,(anonymous_29)
FNDA:90,Row
FNDA:18,Segmented
FNDA:36,(anonymous_32)
FNDA:0,(anonymous_33)
FNDA:36,(anonymous_34)
FNDA:18,Switch
FNDA:1,(anonymous_36)
FNDA:9,SelectField
FNDA:0,(anonymous_38)
FNDA:0,MiniField
FNDA:0,ToggleRow
FNDA:9,GearIcon
FNDA:9,UserIcon
FNDA:9,PencilIcon
FNDA:9,VoiceIcon
FNDA:9,VolumeIcon
FNDA:18,VideoIcon
FNDA:9,ImageIcon
FNDA:9,HandIcon
FNDA:9,CaptionIcon
FNDA:18,MicIcon
FNDA:9,CursorIcon
FNDA:9,ResetIcon
FNDA:9,TrashIcon
FNDA:9,BackupIcon
DA:3,2
DA:4,2
DA:5,2
DA:6,2
DA:7,2
DA:8,2
DA:9,2
DA:54,15
DA:87,20
DA:89,20
DA:90,20
DA:91,20
DA:92,20
DA:93,20
DA:94,20
DA:96,20
DA:97,8
DA:98,8
DA:99,8
DA:100,8
DA:101,8
DA:102,8
DA:103,8
DA:104,8
DA:107,8
DA:108,8
DA:113,20
DA:114,15
DA:115,5
DA:116,0
DA:117,0
DA:118,0
DA:120,0
DA:121,0
DA:124,0
DA:125,0
DA:126,0
DA:127,0
DA:128,0
DA:129,0
DA:130,0
DA:131,0
DA:132,0
DA:135,5
DA:136,5
DA:139,20
DA:140,0
DA:141,0
DA:150,20
DA:169,3
DA:210,0
DA:225,0
DA:252,0
DA:270,0
DA:274,0
DA:318,0
DA:326,0
DA:357,0
DA:367,0
DA:403,0
DA:437,0
DA:448,0
DA:449,0
DA:450,0
DA:464,0
DA:465,0
DA:466,0
DA:484,0
DA:485,0
DA:486,0
DA:503,0
DA:506,0
DA:513,0
DA:572,36
DA:573,36
DA:577,0
DA:582,36
DA:613,1
DA:641,0
DA:702,2
DA:747,18
DA:780,18
LF:82
LH:41
BRDA:99,0,0,0
BRDA:101,1,0,0
BRDA:101,1,1,8
BRDA:102,2,0,8
BRDA:104,3,0,0
BRDA:114,4,0,10
BRDA:116,5,0,0
BRDA:120,6,0,0
BRDA:120,7,0,0
BRDA:120,7,1,0
BRDA:124,8,0,0
BRDA:127,9,0,0
BRDA:127,9,1,0
BRDA:127,10,0,0
BRDA:127,10,1,0
BRDA:130,11,0,0
BRDA:130,12,0,0
BRDA:130,12,1,0
BRDA:150,13,0,11
BRDA:209,14,0,9
BRDA:209,14,1,1
BRDA:220,15,0,9
BRDA:220,15,1,9
BRDA:221,16,0,9
BRDA:221,16,1,0
BRDA:261,17,0,9
BRDA:269,18,0,0
BRDA:269,18,1,9
BRDA:317,19,0,0
BRDA:317,19,1,9
BRDA:337,20,0,0
BRDA:337,20,1,9
BRDA:343,21,0,9
BRDA:359,22,0,0
BRDA:359,22,1,0
BRDA:357,23,0,0
BRDA:357,23,1,0
BRDA:367,24,0,0
BRDA:367,24,1,0
BRDA:449,25,0,0
BRDA:464,26,0,0
BRDA:484,27,0,0
BRDA:510,28,0,9
BRDA:545,29,0,9
BRDA:545,29,1,81
BRDA:550,30,0,9
BRDA:550,30,1,81
BRDA:578,31,0,18
BRDA:578,31,1,18
BRDA:580,32,0,36
BRDA:614,33,0,0
BRDA:614,33,1,18
BRDA:620,34,0,0
BRDA:620,34,1,18
BRDA:638,35,0,0
BRDA:638,35,1,9
BRDA:674,36,0,0
BRDA:694,37,0,0
BRDA:747,38,0,9
BRDA:747,38,1,9
BRDA:780,39,0,9
BRDA:780,39,1,9
BRF:62
BRH:29
end_of_record
TN:
SF:components\VisionMemoryPanel.tsx
FN:30,VisionMemoryPanel
FN:45,(anonymous_2)
FN:49,(anonymous_3)
FN:52,(anonymous_4)
FN:55,(anonymous_5)
FN:59,(anonymous_6)
FN:60,(anonymous_7)
FN:64,(anonymous_8)
FN:65,(anonymous_9)
FN:75,(anonymous_10)
FN:81,(anonymous_11)
FN:89,(anonymous_12)
FN:99,(anonymous_13)
FN:108,(anonymous_14)
FN:110,(anonymous_15)
FN:119,(anonymous_16)
FN:160,(anonymous_17)
FN:164,(anonymous_18)
FN:188,(anonymous_19)
FN:198,(anonymous_20)
FN:224,(anonymous_21)
FN:232,(anonymous_22)
FN:254,(anonymous_23)
FN:274,(anonymous_24)
FN:306,(anonymous_25)
FN:322,(anonymous_26)
FN:340,(anonymous_27)
FN:347,(anonymous_28)
FN:348,(anonymous_29)
FN:349,(anonymous_30)
FN:378,MemoryCard
FN:457,relTime
FNF:32
FNH:14
FNDA:24,VisionMemoryPanel
FNDA:4,(anonymous_2)
FNDA:4,(anonymous_3)
FNDA:10,(anonymous_4)
FNDA:11,(anonymous_5)
FNDA:15,(anonymous_6)
FNDA:1,(anonymous_7)
FNDA:0,(anonymous_8)
FNDA:0,(anonymous_9)
FNDA:0,(anonymous_10)
FNDA:0,(anonymous_11)
FNDA:0,(anonymous_12)
FNDA:0,(anonymous_13)
FNDA:0,(anonymous_14)
FNDA:0,(anonymous_15)
FNDA:2,(anonymous_16)
FNDA:28,(anonymous_17)
FNDA:1,(anonymous_18)
FNDA:0,(anonymous_19)
FNDA:0,(anonymous_20)
FNDA:0,(anonymous_21)
FNDA:0,(anonymous_22)
FNDA:0,(anonymous_23)
FNDA:0,(anonymous_24)
FNDA:0,(anonymous_25)
FNDA:36,(anonymous_26)
FNDA:1,(anonymous_27)
FNDA:0,(anonymous_28)
FNDA:0,(anonymous_29)
FNDA:0,(anonymous_30)
FNDA:1,MemoryCard
FNDA:1,relTime
DA:8,3
DA:9,3
DA:16,3
DA:17,3
DA:30,14
DA:36,24
DA:37,24
DA:38,24
DA:39,24
DA:40,24
DA:41,24
DA:42,24
DA:43,24
DA:45,24
DA:46,4
DA:47,4
DA:49,4
DA:52,24
DA:53,10
DA:55,24
DA:56,11
DA:59,24
DA:60,15
DA:61,1
DA:63,15
DA:64,15
DA:65,15
DA:66,0
DA:67,0
DA:68,0
DA:69,0
DA:73,24
DA:75,14
DA:76,0
DA:77,0
DA:78,0
DA:79,0
DA:81,14
DA:82,0
DA:83,0
DA:84,0
DA:85,0
DA:86,0
DA:87,0
DA:89,14
DA:90,0
DA:91,0
DA:92,0
DA:93,0
DA:94,0
DA:95,0
DA:96,0
DA:97,0
DA:99,14
DA:100,0
DA:101,0
DA:102,0
DA:103,0
DA:105,0
DA:108,14
DA:109,0
DA:110,0
DA:111,0
DA:119,2
DA:161,28
DA:164,1
DA:188,0
DA:199,0
DA:200,0
DA:201,0
DA:224,0
DA:232,0
DA:254,0
DA:274,0
DA:306,0
DA:323,36
DA:341,1
DA:347,0
DA:348,0
DA:349,0
DA:395,1
DA:458,1
DA:459,1
DA:460,1
DA:461,0
DA:462,0
DA:463,0
DA:464,0
DA:465,0
LF:89
LH:42
BRDA:53,0,0,4
BRDA:56,1,0,5
BRDA:61,2,0,0
BRDA:61,2,1,1
BRDA:64,3,0,0
BRDA:64,3,1,15
BRDA:66,4,0,0
BRDA:69,5,0,0
BRDA:69,5,1,0
BRDA:73,6,0,10
BRDA:76,7,0,0
BRDA:84,8,0,0
BRDA:85,9,0,0
BRDA:85,9,1,0
BRDA:86,10,0,0
BRDA:86,10,1,0
BRDA:109,11,0,0
BRDA:165,12,0,14
BRDA:165,12,1,14
BRDA:167,13,0,28
BRDA:200,14,0,0
BRDA:256,15,0,14
BRDA:256,15,1,0
BRDA:276,16,0,0
BRDA:276,16,1,14
BRDA:294,17,0,14
BRDA:307,18,0,0
BRDA:307,18,1,3
BRDA:312,19,0,0
BRDA:312,19,1,3
BRDA:321,20,0,6
BRDA:327,21,0,7
BRDA:328,22,0,0
BRDA:328,22,1,7
BRDA:330,23,0,1
BRDA:330,23,1,6
BRDA:337,24,0,1
BRDA:337,24,1,0
BRDA:347,25,0,0
BRDA:347,25,1,0
BRDA:404,26,0,1
BRDA:404,26,1,0
BRDA:410,27,0,1
BRDA:410,27,1,0
BRDA:412,28,0,1
BRDA:412,28,1,0
BRDA:420,29,0,1
BRDA:420,29,1,0
BRDA:429,30,0,1
BRDA:460,31,0,1
BRDA:462,32,0,0
BRDA:464,33,0,0
BRF:52
BRH:25
end_of_record
TN:
SF:components\avatar\OrbCanvas.tsx
FN:22,OrbCanvas
FN:33,(anonymous_3)
FNF:2
FNH:0
FNDA:0,OrbCanvas
FNDA:0,(anonymous_3)
DA:3,0
DA:5,0
DA:22,0
DA:34,0
DA:40,0
DA:41,0
DA:42,0
LF:7
LH:0
BRDA:26,0,0,0
BRDA:30,1,0,0
BRDA:30,1,1,0
BRDA:41,2,0,0
BRF:4
BRH:0
end_of_record
TN:
SF:components\avatar\OrbScene.tsx
FN:16,useParticleTexture
FN:17,(anonymous_5)
FN:50,OrbScene
FN:62,(anonymous_7)
FN:63,(anonymous_8)
FN:64,(anonymous_9)
FN:66,(anonymous_10)
FN:67,(anonymous_11)
FN:80,(anonymous_12)
FN:82,(anonymous_13)
FNF:10
FNH:0
FNDA:0,useParticleTexture
FNDA:0,(anonymous_5)
FNDA:0,OrbScene
FNDA:0,(anonymous_7)
FNDA:0,(anonymous_8)
FNDA:0,(anonymous_9)
FNDA:0,(anonymous_10)
FNDA:0,(anonymous_11)
FNDA:0,(anonymous_12)
FNDA:0,(anonymous_13)
DA:3,0
DA:4,0
DA:5,0
DA:6,0
DA:17,0
DA:18,0
DA:19,0
DA:20,0
DA:21,0
DA:22,0
DA:23,0
DA:24,0
DA:25,0
DA:26,0
DA:27,0
DA:28,0
DA:29,0
DA:30,0
DA:34,0
DA:35,0
DA:50,0
DA:51,0
DA:52,0
DA:53,0
DA:54,0
DA:55,0
DA:56,0
DA:58,0
DA:59,0
DA:62,0
DA:63,0
DA:64,0
DA:66,0
DA:67,0
DA:68,0
DA:69,0
DA:70,0
DA:80,0
DA:82,0
DA:83,0
DA:85,0
DA:86,0
DA:87,0
DA:89,0
DA:90,0
DA:91,0
DA:94,0
DA:95,0
DA:99,0
DA:100,0
DA:101,0
DA:102,0
DA:105,0
DA:106,0
DA:107,0
DA:109,0
DA:110,0
DA:112,0
DA:113,0
DA:118,0
DA:119,0
DA:120,0
DA:121,0
DA:122,0
DA:125,0
DA:126,0
DA:127,0
DA:128,0
DA:130,0
DA:131,0
DA:133,0
DA:134,0
LF:72
LH:0
BRDA:50,0,0,0
BRDA:74,1,0,0
BRDA:74,1,1,0
BRDA:83,2,0,0
BRDA:83,2,1,0
BRDA:86,3,0,0
BRDA:86,3,1,0
BRDA:89,4,0,0
BRDA:91,5,0,0
BRDA:94,6,0,0
BRDA:94,7,0,0
BRDA:94,7,1,0
BRDA:105,8,0,0
BRDA:106,9,0,0
BRDA:106,9,1,0
BRDA:109,10,0,0
BRDA:112,11,0,0
BRDA:121,12,0,0
BRDA:121,13,0,0
BRDA:121,13,1,0
BRDA:122,14,0,0
BRDA:122,14,1,0
BRDA:125,15,0,0
BRDA:125,15,1,0
BRDA:128,16,0,0
BRDA:128,16,1,0
BRDA:130,17,0,0
BRDA:133,18,0,0
BRF:28
BRH:0
end_of_record
TN:
SF:components\ui\BuiltByFooter.tsx
FN:10,BuiltByFooter
FNF:1
FNH:1
FNDA:50,BuiltByFooter
DA:10,51
LF:1
LH:1
BRDA:10,0,0,40
BRDA:10,1,0,50
BRDA:30,2,0,50
BRF:3
BRH:3
end_of_record
TN:
SF:components\ui\CosmicBackground.tsx
FN:20,CosmicBackground
FN:23,(anonymous_2)
FN:43,seed
FN:48,(anonymous_4)
FN:58,resize
FN:70,draw
FN:119,loop
FN:125,onVisibility
FN:144,(anonymous_9)
FNF:9
FNH:6
FNDA:1,CosmicBackground
FNDA:1,(anonymous_2)
FNDA:1,seed
FNDA:121,(anonymous_4)
FNDA:1,resize
FNDA:0,draw
FNDA:0,loop
FNDA:0,onVisibility
FNDA:1,(anonymous_9)
DA:3,2
DA:20,1
DA:21,1
DA:23,1
DA:24,1
DA:25,1
DA:26,1
DA:27,1
DA:29,1
DA:30,1
DA:31,1
DA:41,1
DA:44,1
DA:45,1
DA:47,1
DA:48,121
DA:59,1
DA:60,1
DA:61,1
DA:62,1
DA:63,1
DA:64,1
DA:65,1
DA:66,1
DA:67,1
DA:71,0
DA:72,0
DA:73,0
DA:75,0
DA:76,0
DA:77,0
DA:79,0
DA:80,0
DA:82,0
DA:83,0
DA:84,0
DA:85,0
DA:86,0
DA:89,0
DA:91,0
DA:93,0
DA:94,0
DA:95,0
DA:96,0
DA:97,0
DA:98,0
DA:99,0
DA:100,0
DA:101,0
DA:102,0
DA:103,0
DA:104,0
DA:105,0
DA:106,0
DA:107,0
DA:109,0
DA:110,0
DA:111,0
DA:112,0
DA:113,0
DA:114,0
DA:120,0
DA:121,0
DA:122,0
DA:126,0
DA:127,0
DA:128,0
DA:129,0
DA:130,0
DA:131,0
DA:135,1
DA:136,1
DA:137,0
DA:139,1
DA:142,1
DA:143,1
DA:144,1
DA:145,1
DA:146,1
DA:147,1
LF:80
LH:34
BRDA:25,0,0,0
BRDA:27,1,0,0
BRDA:59,2,0,1
BRDA:59,2,1,0
BRDA:75,3,0,0
BRDA:75,3,1,0
BRDA:76,4,0,0
BRDA:76,4,1,0
BRDA:77,5,0,0
BRDA:77,5,1,0
BRDA:82,6,0,0
BRDA:84,7,0,0
BRDA:89,8,0,0
BRDA:89,8,1,0
BRDA:91,9,0,0
BRDA:91,9,1,0
BRDA:93,10,0,0
BRDA:93,10,1,0
BRDA:110,11,0,0
BRDA:110,11,1,0
BRDA:113,12,0,0
BRDA:113,12,1,0
BRDA:120,13,0,0
BRDA:126,14,0,0
BRDA:126,14,1,0
BRDA:129,15,0,0
BRDA:136,16,0,0
BRDA:136,16,1,1
BRF:28
BRH:2
end_of_record
TN:
SF:components\ui\GlassPanel.tsx
FN:25,GlassPanel
FNF:1
FNH:1
FNDA:2,GlassPanel
DA:3,2
DA:14,2
DA:25,2
DA:40,2
LF:4
LH:4
BRDA:26,0,0,1
BRDA:26,1,0,2
BRDA:26,2,0,2
BRDA:32,3,0,0
BRDA:32,3,1,2
BRF:5
BRH:4
end_of_record
TN:
SF:components\ui\GradientButton.tsx
FN:29,GradientButton
FNF:1
FNH:1
FNDA:3,GradientButton
DA:3,2
DA:18,2
DA:29,3
LF:3
LH:3
BRDA:31,0,0,2
BRDA:32,1,0,2
BRDA:33,2,0,3
BRDA:34,3,0,3
BRDA:35,4,0,3
BRDA:44,5,0,1
BRDA:44,5,1,2
BRDA:45,6,0,1
BRDA:45,6,1,2
BRDA:47,7,0,1
BRDA:47,7,1,2
BRDA:57,8,0,3
BRDA:68,9,0,0
BRDA:68,9,1,3
BRF:14
BRH:13
end_of_record
TN:
SF:components\ui\MiraLogo.tsx
FN:14,MiraLogo
FNF:1
FNH:1
FNDA:37,MiraLogo
DA:14,37
LF:1
LH:1
BRDA:14,0,0,1
BRDA:14,1,0,29
BRDA:14,2,0,37
BRDA:20,3,0,37
BRF:4
BRH:4
end_of_record
TN:
SF:components\ui\NeonFrame.tsx
FN:16,NeonFrame
FNF:1
FNH:1
FNDA:1,NeonFrame
DA:16,1
LF:1
LH:1
BRDA:17,0,0,1
BRDA:18,1,0,1
BRDA:28,2,0,0
BRDA:28,2,1,1
BRF:4
BRH:3
end_of_record
TN:
SF:components\ui\RingGauge.tsx
FN:22,RingGauge
FNF:1
FNH:1
FNDA:2,RingGauge
DA:3,2
DA:4,2
DA:22,2
DA:30,2
DA:31,2
DA:32,2
DA:33,2
DA:34,2
LF:8
LH:8
BRDA:24,0,0,2
BRDA:25,1,0,2
BRDA:28,2,0,2
BRDA:70,3,0,2
BRDA:70,3,1,1
BRDA:73,4,0,2
BRF:6
BRH:6
end_of_record
TN:
SF:components\ui\Skeleton.tsx
FN:15,Skeleton
FN:20,CardSkeleton
FNF:2
FNH:2
FNDA:107,Skeleton
FNDA:31,CardSkeleton
DA:15,14
DA:20,37
LF:2
LH:2
BRDA:15,0,0,1
BRDA:15,1,0,63
BRF:2
BRH:2
end_of_record
TN:
SF:components\ui\StatusPill.tsx
FN:69,StatusPill
FNF:1
FNH:1
FNDA:14,StatusPill
DA:17,2
DA:69,14
DA:70,14
DA:71,14
LF:4
LH:4
BRDA:69,0,0,14
BRDA:71,1,0,14
BRDA:71,1,1,14
BRDA:77,2,0,14
BRDA:84,3,0,14
BRDA:84,3,1,13
BRF:6
BRH:6
end_of_record
TN:
SF:components\ui\ThemeToggle.tsx
FN:12,ThemeToggle
FN:16,(anonymous_2)
FN:21,(anonymous_3)
FNF:3
FNH:3
FNDA:15,ThemeToggle
FNDA:4,(anonymous_2)
FNDA:3,(anonymous_3)
DA:3,2
DA:12,11
DA:14,15
DA:16,15
DA:17,4
DA:18,4
DA:21,15
DA:22,3
DA:23,3
DA:24,3
DA:25,3
DA:26,3
LF:12
LH:12
BRDA:12,0,0,15
BRDA:18,1,0,0
BRDA:18,1,1,4
BRDA:22,2,0,1
BRDA:22,2,1,2
BRDA:36,3,0,2
BRDA:36,3,1,13
BRDA:41,4,0,2
BRF:8
BRH:7
end_of_record
TN:
SF:components\ui\index.ts
FNF:0
FNH:0
DA:1,1
DA:2,1
DA:3,10
DA:4,1
DA:5,1
DA:6,10
DA:7,10
DA:8,1
DA:9,1
DA:10,1
LF:10
LH:10
BRF:0
BRH:0
end_of_record
TN:
SF:components\voice\CaptionBar.tsx
FN:21,CaptionBar
FNF:1
FNH:1
FNDA:2,CaptionBar
DA:3,2
DA:5,2
DA:21,2
DA:28,2
LF:4
LH:4
BRDA:25,0,0,1
BRDA:26,1,0,2
BRDA:41,2,0,1
BRDA:41,2,1,1
BRDA:43,3,0,1
BRDA:43,3,1,1
BRDA:45,4,0,2
BRDA:45,4,1,0
BRDA:45,5,0,0
BRDA:45,5,1,0
BRDA:50,6,0,1
BRDA:50,6,1,1
BRF:12
BRH:9
end_of_record
TN:
SF:components\voice\OfflineBanner.tsx
FN:6,OfflineBanner
FNF:1
FNH:1
FNDA:2,OfflineBanner
DA:3,2
DA:6,2
LF:2
LH:2
BRDA:18,0,0,2
BRF:1
BRH:1
end_of_record
TN:
SF:components\voice\ThinkingIndicator.tsx
FN:6,ThinkingIndicator
FN:28,(anonymous_2)
FNF:2
FNH:2
FNDA:1,ThinkingIndicator
FNDA:3,(anonymous_2)
DA:3,2
DA:6,1
DA:29,3
LF:3
LH:3
BRDA:6,0,0,1
BRF:1
BRH:1
end_of_record
TN:
SF:components\voice\VoiceMic.tsx
FN:22,VoiceMic
FN:39,(anonymous_3)
FN:40,(anonymous_4)
FN:41,(anonymous_5)
FN:43,(anonymous_6)
FN:105,MicGlyph
FNF:6
FNH:3
FNDA:12,VoiceMic
FNDA:0,(anonymous_3)
FNDA:0,(anonymous_4)
FNDA:0,(anonymous_5)
FNDA:1,(anonymous_6)
FNDA:12,MicGlyph
DA:3,2
DA:5,2
DA:22,12
DA:30,12
DA:31,12
DA:35,12
DA:37,12
DA:39,0
DA:40,0
DA:41,0
DA:43,1
LF:11
LH:8
BRDA:27,0,0,2
BRDA:28,1,0,12
BRDA:35,2,0,1
BRDA:35,2,1,11
BRDA:35,3,0,0
BRDA:35,3,1,11
BRDA:37,4,0,0
BRDA:37,4,1,12
BRDA:39,5,0,0
BRDA:39,5,1,0
BRDA:40,6,0,0
BRDA:40,6,1,0
BRDA:41,7,0,0
BRDA:41,7,1,0
BRDA:41,7,2,0
BRDA:43,8,0,1
BRDA:43,8,1,1
BRDA:58,9,0,1
BRDA:58,9,1,11
BRDA:60,10,0,0
BRDA:60,10,1,12
BRDA:68,11,0,1
BRDA:68,11,1,11
BRDA:70,12,0,0
BRDA:70,12,1,11
BRDA:73,13,0,12
BRDA:73,13,1,0
BRDA:79,14,0,1
BRDA:79,14,1,11
BRDA:79,15,0,0
BRDA:79,15,1,11
BRDA:87,16,0,1
BRDA:87,16,1,11
BRDA:87,17,0,0
BRDA:87,17,1,11
BRDA:89,18,0,1
BRDA:89,18,1,11
BRDA:89,19,0,12
BRDA:89,19,1,11
BRDA:105,20,0,0
BRF:40
BRH:25
end_of_record
TN:
SF:components\voice\Waveform.tsx
FN:30,Waveform
FN:41,(anonymous_2)
FN:62,(anonymous_3)
FN:65,(anonymous_4)
FN:94,(anonymous_5)
FNF:5
FNH:5
FNDA:27,Waveform
FNDA:13,(anonymous_2)
FNDA:656,(anonymous_3)
FNDA:24,(anonymous_4)
FNDA:13,(anonymous_5)
DA:3,2
DA:19,2
DA:30,27
DA:39,27
DA:41,27
DA:42,13
DA:43,13
DA:44,13
DA:45,13
DA:46,13
DA:47,13
DA:48,13
DA:49,13
DA:50,13
DA:52,13
DA:53,13
DA:54,13
DA:55,13
DA:56,13
DA:58,13
DA:59,13
DA:60,13
DA:62,656
DA:63,13
DA:65,13
DA:68,24
DA:69,24
DA:70,24
DA:72,0
DA:73,0
DA:74,0
DA:75,0
DA:76,0
DA:78,0
DA:79,0
DA:80,0
DA:81,0
DA:82,0
DA:83,0
DA:84,0
DA:85,0
DA:87,0
DA:88,0
DA:89,0
DA:91,0
DA:93,13
DA:94,13
LF:47
LH:30
BRDA:32,0,0,25
BRDA:33,1,0,0
BRDA:34,2,0,0
BRDA:35,3,0,0
BRDA:36,4,0,1
BRDA:37,5,0,27
BRDA:43,6,0,0
BRDA:45,7,0,0
BRDA:47,8,0,13
BRDA:47,8,1,0
BRDA:68,9,0,24
BRDA:72,10,0,0
BRDA:72,10,1,0
BRDA:80,11,0,0
BRDA:80,11,1,0
BRDA:81,12,0,0
BRDA:81,12,1,0
BRF:17
BRH:5
end_of_record
TN:
SF:lib\apiClient.ts
FN:6,sendChat
FNF:1
FNH:1
FNDA:4,sendChat
DA:6,4
DA:7,4
DA:14,4
DA:15,2
DA:16,2
DA:17,2
DA:18,1
DA:20,1
DA:22,2
DA:25,2
LF:10
LH:10
BRDA:14,0,0,2
BRDA:18,1,0,1
BRDA:18,1,1,0
BRF:3
BRH:2
end_of_record
TN:
SF:lib\apiGuard.ts
FN:44,clientIp
FN:57,allowedOrigin
FN:89,getRedis
FN:94,getLimiter
FN:116,memRateLimited
FN:119,(anonymous_6)
FN:132,(anonymous_7)
FN:140,tooMany
FN:151,guard
FNF:9
FNH:6
FNDA:9,clientIp
FNDA:10,allowedOrigin
FNDA:0,getRedis
FNDA:0,getLimiter
FNDA:9,memRateLimited
FNDA:4,(anonymous_6)
FNDA:0,(anonymous_7)
FNDA:2,tooMany
FNDA:10,guard
DA:24,1
DA:25,1
DA:26,1
DA:45,9
DA:46,9
DA:47,6
DA:48,6
DA:50,3
DA:51,3
DA:52,3
DA:59,10
DA:60,10
DA:62,9
DA:65,9
DA:67,2
DA:68,2
DA:69,2
DA:70,2
DA:72,0
DA:79,1
DA:82,1
DA:85,1
DA:87,1
DA:90,0
DA:91,0
DA:95,0
DA:96,0
DA:97,0
DA:98,0
DA:99,0
DA:106,0
DA:108,0
DA:113,1
DA:114,1
DA:117,9
DA:118,9
DA:119,9
DA:121,9
DA:122,2
DA:123,2
DA:124,2
DA:127,7
DA:128,7
DA:130,7
DA:131,0
DA:132,0
DA:133,0
DA:134,0
DA:137,7
DA:141,2
DA:151,10
DA:156,10
DA:157,1
DA:160,9
DA:162,9
DA:163,0
DA:164,0
DA:165,0
DA:166,0
DA:167,0
DA:169,0
DA:172,0
DA:176,9
DA:177,9
DA:178,7
LF:65
LH:44
BRDA:46,0,0,6
BRDA:48,1,0,6
BRDA:51,2,0,0
BRDA:60,3,0,1
BRDA:60,4,0,10
BRDA:60,4,1,1
BRDA:65,5,0,7
BRDA:70,6,0,2
BRDA:70,6,1,0
BRDA:79,7,0,1
BRDA:79,7,1,0
BRDA:90,8,0,0
BRDA:97,9,0,0
BRDA:119,10,0,9
BRDA:119,10,1,6
BRDA:121,11,0,2
BRDA:130,12,0,0
BRDA:133,13,0,0
BRDA:133,13,1,0
BRDA:156,14,0,1
BRDA:162,15,0,0
BRDA:162,16,0,9
BRDA:162,16,1,0
BRDA:165,17,0,0
BRDA:177,18,0,2
BRF:25
BRH:14
end_of_record
TN:
SF:lib\audio.ts
FN:8,base64ToUint8
FN:18,pcm16ToFloat32
FN:29,float32ToPcm16
FN:42,getDecodeCtx
FN:63,decodeCompressedToSimliPcm
FN:89,decodeToSimliPcm
FNF:6
FNH:4
FNDA:4,base64ToUint8
FNDA:2,pcm16ToFloat32
FNDA:2,float32ToPcm16
FNDA:0,getDecodeCtx
FNDA:0,decodeCompressedToSimliPcm
FNDA:2,decodeToSimliPcm
DA:8,2
DA:9,4
DA:10,4
DA:11,4
DA:12,13
DA:14,4
DA:19,2
DA:20,2
DA:21,2
DA:22,2
DA:23,5
DA:25,2
DA:30,2
DA:31,2
DA:32,2
DA:33,5
DA:34,5
DA:36,2
DA:41,4
DA:43,0
DA:45,0
DA:49,0
DA:50,0
DA:52,0
DA:53,0
DA:55,0
DA:63,0
DA:67,0
DA:69,0
DA:73,0
DA:75,0
DA:76,0
DA:77,0
DA:78,0
DA:79,0
DA:80,0
DA:81,0
DA:82,0
DA:89,2
DA:94,2
DA:95,2
DA:97,2
DA:98,2
DA:101,0
DA:102,0
DA:103,0
DA:104,0
DA:106,0
DA:107,0
DA:108,0
DA:109,0
DA:111,0
DA:112,0
LF:53
LH:24
BRDA:34,0,0,2
BRDA:34,0,1,3
BRDA:43,1,0,0
BRDA:45,2,0,0
BRDA:45,2,1,0
BRDA:45,2,2,0
BRDA:45,2,3,0
BRDA:52,3,0,0
BRDA:65,4,0,0
BRDA:92,5,0,0
BRDA:97,6,0,2
BRDA:97,7,0,2
BRDA:97,7,1,1
BRF:13
BRH:5
end_of_record
TN:
SF:lib\imageAttachment.ts
FN:12,fileToAttachment
FN:18,(anonymous_2)
FN:20,(anonymous_3)
FNF:3
FNH:3
FNDA:3,fileToAttachment
FNDA:1,(anonymous_2)
FNDA:1,(anonymous_3)
DA:3,3
DA:12,3
DA:17,3
DA:18,1
DA:19,1
DA:20,1
DA:21,1
DA:22,1
DA:24,1
LF:9
LH:9
BRDA:14,0,0,3
BRDA:15,1,0,3
BRDA:17,2,0,2
BRDA:17,3,0,3
BRDA:17,3,1,2
BRF:5
BRH:5
end_of_record
TN:
SF:lib\memoryManager.ts
FN:10,loadMemory
FN:20,saveMemory
FN:29,clearMemory
FN:38,loadHistory
FN:48,saveHistory
FN:59,clearHistory
FN:75,exportConversation
FN:87,isValidMessage
FN:103,importConversation
FN:112,(anonymous_34)
FN:129,loadTtsModel
FN:138,saveTtsModel
FN:149,loadGeminiVoice
FN:158,saveGeminiVoice
FN:171,loadKnownPersonRecognition
FN:180,saveKnownPersonRecognition
FN:190,loadBool
FN:200,saveBool
FN:214,(anonymous_43)
FN:215,(anonymous_44)
FN:216,(anonymous_45)
FN:217,(anonymous_46)
FN:219,(anonymous_47)
FN:220,(anonymous_48)
FN:222,(anonymous_49)
FN:223,(anonymous_50)
FN:229,loadPreferredCamera
FN:239,savePreferredCamera
FNF:28
FNH:28
FNDA:8,loadMemory
FNDA:9,saveMemory
FNDA:1,clearMemory
FNDA:8,loadHistory
FNDA:10,saveHistory
FNDA:1,clearHistory
FNDA:1,exportConversation
FNDA:7,isValidMessage
FNDA:7,importConversation
FNDA:4,(anonymous_34)
FNDA:3,loadTtsModel
FNDA:3,saveTtsModel
FNDA:3,loadGeminiVoice
FNDA:3,saveGeminiVoice
FNDA:3,loadKnownPersonRecognition
FNDA:3,saveKnownPersonRecognition
FNDA:12,loadBool
FNDA:12,saveBool
FNDA:3,(anonymous_43)
FNDA:3,(anonymous_44)
FNDA:3,(anonymous_45)
FNDA:3,(anonymous_46)
FNDA:3,(anonymous_47)
FNDA:3,(anonymous_48)
FNDA:3,(anonymous_49)
FNDA:3,(anonymous_50)
FNDA:1,loadPreferredCamera
FNDA:1,savePreferredCamera
DA:7,3
DA:8,3
DA:10,7
DA:11,8
DA:12,8
DA:13,8
DA:14,8
DA:16,1
DA:20,9
DA:21,9
DA:22,9
DA:23,9
DA:29,1
DA:30,1
DA:31,1
DA:38,7
DA:39,8
DA:40,8
DA:41,8
DA:42,8
DA:44,0
DA:48,10
DA:49,10
DA:50,10
DA:52,10
DA:53,10
DA:59,1
DA:60,1
DA:61,1
DA:75,1
DA:76,1
DA:83,1
DA:88,7
DA:89,7
DA:90,7
DA:103,7
DA:107,7
DA:108,6
DA:109,6
DA:110,1
DA:112,5
DA:119,5
DA:120,4
DA:121,4
DA:122,4
DA:127,3
DA:129,3
DA:130,3
DA:131,3
DA:132,3
DA:134,0
DA:138,3
DA:139,3
DA:140,3
DA:141,3
DA:147,3
DA:149,3
DA:150,3
DA:151,3
DA:152,3
DA:154,0
DA:158,3
DA:159,3
DA:160,3
DA:161,3
DA:169,3
DA:171,3
DA:172,3
DA:173,3
DA:174,3
DA:176,0
DA:180,3
DA:181,3
DA:182,3
DA:183,3
DA:191,12
DA:192,12
DA:193,12
DA:194,12
DA:196,0
DA:201,12
DA:202,12
DA:203,12
DA:209,3
DA:210,3
DA:211,3
DA:212,3
DA:214,3
DA:215,3
DA:216,3
DA:217,3
DA:219,3
DA:220,3
DA:222,3
DA:223,3
DA:226,3
DA:229,1
DA:230,1
DA:231,1
DA:232,1
DA:233,1
DA:235,0
DA:239,1
DA:240,1
DA:241,1
DA:242,1
LF:106
LH:100
BRDA:11,0,0,0
BRDA:14,1,0,5
BRDA:14,1,1,3
BRDA:21,2,0,0
BRDA:30,3,0,0
BRDA:39,4,0,0
BRDA:42,5,0,6
BRDA:42,5,1,2
BRDA:49,6,0,0
BRDA:60,7,0,0
BRDA:88,8,0,0
BRDA:88,9,0,7
BRDA:88,9,1,7
BRDA:91,10,0,7
BRDA:91,10,1,3
BRDA:91,10,2,4
BRDA:91,10,3,4
BRDA:108,11,0,1
BRDA:108,11,1,5
BRDA:108,12,0,5
BRDA:108,12,1,1
BRDA:109,13,0,1
BRDA:113,14,0,3
BRDA:113,14,1,1
BRDA:113,15,0,4
BRDA:113,15,1,3
BRDA:117,16,0,1
BRDA:117,16,1,3
BRDA:119,17,0,1
BRDA:120,18,0,3
BRDA:120,18,1,1
BRDA:121,19,0,1
BRDA:121,19,1,3
BRDA:121,20,0,4
BRDA:121,20,1,1
BRDA:130,21,0,0
BRDA:132,22,0,3
BRDA:132,22,1,3
BRDA:139,23,0,0
BRDA:150,24,0,0
BRDA:152,25,0,3
BRDA:152,25,1,3
BRDA:159,26,0,0
BRDA:172,27,0,0
BRDA:181,28,0,0
BRDA:191,29,0,0
BRDA:194,30,0,4
BRDA:194,30,1,8
BRDA:201,31,0,0
BRDA:230,32,0,0
BRDA:233,33,0,0
BRDA:233,33,1,1
BRDA:233,34,0,1
BRDA:233,34,1,1
BRDA:240,35,0,0
BRF:55
BRH:37
end_of_record
TN:
SF:lib\perf.ts
FN:13,enabled
FN:28,perfStart
FN:39,perfMark
FN:45,perfFlush
FN:48,(anonymous_8)
FNF:5
FNH:5
FNDA:1,enabled
FNDA:1,perfStart
FNDA:3,perfMark
FNDA:3,perfFlush
FNDA:2,(anonymous_8)
DA:14,1
DA:15,1
DA:16,0
DA:17,0
DA:19,0
DA:23,2
DA:24,2
DA:25,2
DA:28,1
DA:29,1
DA:30,0
DA:31,0
DA:33,1
DA:34,1
DA:35,1
DA:39,3
DA:40,3
DA:41,2
DA:45,3
DA:46,3
DA:47,1
DA:48,2
DA:50,1
LF:23
LH:18
BRDA:14,0,0,0
BRDA:15,1,0,1
BRDA:29,2,0,0
BRDA:40,3,0,1
BRDA:46,4,0,2
BRF:5
BRH:3
end_of_record
TN:
SF:lib\permissionManager.ts
FN:12,isPermissionsInitialized
FN:21,setPermissionsInitialized
FN:32,markPermissionGranted
FN:37,resetPermissions
FN:46,queryPermissionState
FN:49,(anonymous_12)
FN:50,(anonymous_13)
FN:55,(anonymous_14)
FN:74,requestCameraAndMic
FN:79,(anonymous_16)
FN:81,(anonymous_17)
FNF:11
FNH:10
FNDA:8,isPermissionsInitialized
FNDA:6,setPermissionsInitialized
FNDA:4,markPermissionGranted
FNDA:1,resetPermissions
FNDA:7,queryPermissionState
FNDA:6,(anonymous_12)
FNDA:0,(anonymous_13)
FNDA:3,(anonymous_14)
FNDA:4,requestCameraAndMic
FNDA:4,(anonymous_16)
FNDA:2,(anonymous_17)
DA:10,3
DA:12,8
DA:13,8
DA:14,8
DA:15,8
DA:17,0
DA:21,1
DA:22,6
DA:23,6
DA:24,6
DA:25,1
DA:32,2
DA:33,4
DA:37,1
DA:38,1
DA:46,7
DA:47,7
DA:48,3
DA:49,3
DA:50,6
DA:51,3
DA:52,3
DA:53,3
DA:54,3
DA:55,3
DA:56,1
DA:57,0
DA:58,0
DA:60,0
DA:74,4
DA:75,4
DA:76,1
DA:79,3
DA:80,4
DA:81,2
DA:84,3
DA:85,3
DA:86,1
DA:87,1
DA:89,2
DA:90,2
DA:91,1
DA:94,1
DA:95,1
DA:96,1
DA:97,1
DA:99,0
DA:100,0
DA:101,0
DA:103,0
LF:50
LH:42
BRDA:13,0,0,0
BRDA:22,1,0,0
BRDA:24,2,0,5
BRDA:24,2,1,1
BRDA:47,3,0,4
BRDA:47,4,0,7
BRDA:47,4,1,7
BRDA:53,5,0,0
BRDA:54,6,0,1
BRDA:55,7,0,1
BRDA:55,8,0,2
BRDA:55,8,1,2
BRDA:56,9,0,1
BRDA:57,10,0,0
BRDA:75,11,0,1
BRDA:75,12,0,4
BRDA:75,12,1,4
BRDA:89,13,0,2
BRDA:89,13,1,0
BRDA:90,14,0,1
BRDA:90,15,0,2
BRDA:90,15,1,1
BRDA:99,16,0,0
BRDA:99,16,1,0
BRDA:100,17,0,0
BRDA:100,18,0,0
BRDA:100,18,1,0
BRF:27
BRH:17
end_of_record
TN:
SF:lib\speechRecognition.ts
FN:57,isSpeechRecognitionSupported
FN:72,createRecognizer
FN:91,(anonymous_5)
FN:99,(anonymous_6)
FN:113,(anonymous_7)
FN:138,(anonymous_8)
FN:148,(anonymous_9)
FNF:7
FNH:7
FNDA:10,isSpeechRecognitionSupported
FNDA:8,createRecognizer
FNDA:8,(anonymous_5)
FNDA:3,(anonymous_6)
FNDA:6,(anonymous_7)
FNDA:2,(anonymous_8)
FNDA:1,(anonymous_9)
DA:57,2
DA:58,10
DA:59,10
DA:72,8
DA:76,8
DA:78,7
DA:79,7
DA:80,7
DA:83,7
DA:84,7
DA:85,7
DA:87,7
DA:88,7
DA:89,7
DA:91,7
DA:92,8
DA:93,2
DA:94,2
DA:99,7
DA:100,3
DA:101,3
DA:102,3
DA:103,3
DA:104,3
DA:105,3
DA:106,3
DA:107,3
DA:113,7
DA:117,6
DA:120,5
DA:121,5
DA:122,5
DA:123,6
DA:124,6
DA:125,6
DA:126,4
DA:128,5
DA:129,5
DA:132,5
DA:133,2
DA:134,2
DA:138,7
DA:139,2
DA:141,2
DA:142,1
DA:143,1
DA:145,1
DA:148,7
DA:149,1
DA:152,1
DA:153,1
DA:156,7
LF:52
LH:52
BRDA:58,0,0,0
BRDA:59,1,0,10
BRDA:59,1,1,2
BRDA:74,2,0,4
BRDA:76,3,0,1
BRDA:78,4,0,6
BRDA:78,5,0,4
BRDA:79,6,0,7
BRDA:79,6,1,0
BRDA:92,7,0,2
BRDA:100,8,0,0
BRDA:102,9,0,0
BRDA:117,10,0,1
BRDA:125,11,0,2
BRDA:125,11,1,4
BRDA:129,12,0,3
BRDA:129,13,0,5
BRDA:129,13,1,5
BRDA:132,14,0,2
BRDA:141,15,0,1
BRDA:141,16,0,2
BRDA:141,16,1,1
BRDA:145,17,0,1
BRDA:145,17,1,0
BRDA:145,17,2,0
BRDA:152,18,0,1
BRDA:152,19,0,1
BRDA:152,19,1,1
BRF:28
BRH:22
end_of_record
TN:
SF:lib\speechSynthesis.ts
FN:19,isSpeechSynthesisSupported
FN:29,primeSpeechSynthesis
FN:48,getVoices
FN:51,(anonymous_10)
FN:57,(anonymous_11)
FN:63,(anonymous_12)
FN:68,pickDefaultVoice
FN:82,(anonymous_14)
FN:87,(anonymous_15)
FN:91,(anonymous_16)
FN:94,speak
FN:108,(anonymous_18)
FN:109,(anonymous_19)
FN:110,(anonymous_20)
FN:114,(anonymous_21)
FN:124,stopSpeaking
FNF:16
FNH:11
FNDA:17,isSpeechSynthesisSupported
FNDA:0,primeSpeechSynthesis
FNDA:9,getVoices
FNDA:1,(anonymous_10)
FNDA:0,(anonymous_11)
FNDA:0,(anonymous_12)
FNDA:12,pickDefaultVoice
FNDA:24,(anonymous_14)
FNDA:3,(anonymous_15)
FNDA:1,(anonymous_16)
FNDA:2,speak
FNDA:0,(anonymous_18)
FNDA:1,(anonymous_19)
FNDA:0,(anonymous_20)
FNDA:1,(anonymous_21)
FNDA:4,stopSpeaking
DA:19,2
DA:20,17
DA:28,3
DA:29,0
DA:30,0
DA:31,0
DA:32,0
DA:33,0
DA:34,0
DA:35,0
DA:37,0
DA:38,0
DA:48,9
DA:49,9
DA:50,1
DA:51,1
DA:52,1
DA:53,1
DA:54,1
DA:55,1
DA:57,0
DA:58,0
DA:59,0
DA:61,0
DA:63,0
DA:68,12
DA:69,12
DA:72,3
DA:81,3
DA:82,24
DA:83,15
DA:87,3
DA:88,2
DA:91,1
DA:94,2
DA:95,2
DA:96,1
DA:97,1
DA:99,1
DA:101,1
DA:103,1
DA:104,1
DA:105,1
DA:106,1
DA:108,1
DA:109,1
DA:110,1
DA:112,1
DA:113,1
DA:114,1
DA:115,1
DA:118,1
DA:121,1
DA:124,4
DA:125,4
DA:126,1
LF:56
LH:42
BRDA:20,0,0,17
BRDA:20,0,1,17
BRDA:30,1,0,0
BRDA:30,2,0,0
BRDA:30,2,1,0
BRDA:49,3,0,8
BRDA:53,4,0,1
BRDA:69,5,0,9
BRDA:83,6,0,1
BRDA:87,7,0,3
BRDA:87,7,1,2
BRDA:88,8,0,1
BRDA:91,9,0,1
BRDA:91,9,1,0
BRDA:95,10,0,1
BRDA:104,11,0,1
BRDA:104,11,1,1
BRDA:105,12,0,1
BRDA:105,12,1,0
BRDA:106,13,0,1
BRDA:106,13,1,1
BRDA:110,14,0,0
BRDA:110,14,1,0
BRDA:112,15,0,1
BRDA:115,16,0,1
BRDA:125,17,0,1
BRF:26
BRH:19
end_of_record
TN:
SF:lib\textChunks.ts
FN:20,splitIntoSpeechChunks
FN:33,(anonymous_2)
FN:40,(anonymous_3)
FNF:3
FNH:3
FNDA:8,splitIntoSpeechChunks
FNDA:13,(anonymous_2)
FNDA:10,(anonymous_3)
DA:20,8
DA:21,8
DA:22,8
DA:23,8
DA:24,8
DA:25,8
DA:28,6
DA:30,6
DA:31,6
DA:33,6
DA:34,13
DA:35,13
DA:36,13
DA:40,10
DA:42,6
DA:43,10
DA:44,10
DA:47,10
DA:48,3
DA:49,3
DA:50,3
DA:51,3
DA:52,3
DA:53,3
DA:56,10
DA:57,10
DA:59,6
DA:61,6
LF:28
LH:28
BRDA:20,0,0,7
BRDA:21,1,0,8
BRDA:21,1,1,7
BRDA:22,2,0,8
BRDA:22,2,1,7
BRDA:23,3,0,8
BRDA:23,3,1,7
BRDA:25,4,0,2
BRDA:28,5,0,6
BRDA:28,5,1,0
BRDA:35,6,0,8
BRDA:40,7,0,6
BRDA:40,7,1,4
BRDA:44,8,0,0
BRDA:50,9,0,3
BRDA:50,9,1,0
BRDA:56,10,0,2
BRDA:56,10,1,8
BRDA:57,11,0,4
BRDA:61,12,0,6
BRDA:61,12,1,0
BRF:21
BRH:17
end_of_record
TN:
SF:lib\ttsAudio.ts
FN:25,fetchTtsAudio
FN:58,getCtx
FN:68,isTtsAudioSupported
FN:77,primeTtsAudio
FN:79,(anonymous_12)
FN:83,stopServerTts
FN:126,pcmToBuffer
FN:139,decodeToAudioBuffer
FN:152,playBuffer
FN:158,(anonymous_17)
FN:164,(anonymous_18)
FN:178,playServerTts
FN:181,(anonymous_20)
FN:205,playServerTtsChunks
FN:208,(anonymous_22)
FN:218,(anonymous_23)
FN:236,(anonymous_24)
FN:269,streamServerTts
FN:272,(anonymous_26)
FN:277,(anonymous_27)
FN:300,(anonymous_28)
FN:314,(anonymous_29)
FN:322,(anonymous_30)
FN:375,(anonymous_31)
FN:377,(anonymous_32)
FNF:25
FNH:5
FNDA:3,fetchTtsAudio
FNDA:1,getCtx
FNDA:1,isTtsAudioSupported
FNDA:1,primeTtsAudio
FNDA:0,(anonymous_12)
FNDA:4,stopServerTts
FNDA:0,pcmToBuffer
FNDA:0,decodeToAudioBuffer
FNDA:0,playBuffer
FNDA:0,(anonymous_17)
FNDA:0,(anonymous_18)
FNDA:0,playServerTts
FNDA:0,(anonymous_20)
FNDA:0,playServerTtsChunks
FNDA:0,(anonymous_22)
FNDA:0,(anonymous_23)
FNDA:0,(anonymous_24)
FNDA:0,streamServerTts
FNDA:0,(anonymous_26)
FNDA:0,(anonymous_27)
FNDA:0,(anonymous_28)
FNDA:0,(anonymous_29)
FNDA:0,(anonymous_30)
FNDA:0,(anonymous_31)
FNDA:0,(anonymous_32)
DA:11,3
DA:25,3
DA:30,3
DA:35,3
DA:36,1
DA:37,1
DA:38,1
DA:39,1
DA:43,1
DA:45,2
DA:46,2
DA:47,1
DA:52,3
DA:53,3
DA:55,3
DA:56,3
DA:59,1
DA:61,1
DA:63,1
DA:64,0
DA:65,0
DA:68,1
DA:69,1
DA:70,1
DA:77,1
DA:78,1
DA:79,1
DA:83,4
DA:84,4
DA:85,4
DA:86,0
DA:87,0
DA:91,0
DA:93,4
DA:94,0
DA:95,0
DA:100,4
DA:101,4
DA:102,0
DA:103,0
DA:107,0
DA:123,3
DA:127,0
DA:128,0
DA:129,0
DA:130,0
DA:131,0
DA:132,0
DA:133,0
DA:134,0
DA:135,0
DA:140,0
DA:141,0
DA:142,0
DA:146,0
DA:148,0
DA:158,0
DA:159,0
DA:160,0
DA:161,0
DA:162,0
DA:163,0
DA:164,0
DA:165,0
DA:166,0
DA:168,0
DA:169,0
DA:170,0
DA:178,0
DA:179,0
DA:180,0
DA:181,0
DA:183,0
DA:184,0
DA:185,0
DA:186,0
DA:205,0
DA:206,0
DA:207,0
DA:208,0
DA:210,0
DA:211,0
DA:216,0
DA:217,0
DA:218,0
DA:221,0
DA:223,0
DA:225,0
DA:226,0
DA:228,0
DA:229,0
DA:231,0
DA:234,0
DA:235,0
DA:236,0
DA:239,0
DA:240,0
DA:241,0
DA:242,0
DA:244,0
DA:245,0
DA:247,0
DA:260,3
DA:261,3
DA:269,0
DA:270,0
DA:271,0
DA:272,0
DA:275,0
DA:276,0
DA:277,0
DA:279,0
DA:284,0
DA:285,0
DA:286,0
DA:289,0
DA:290,0
DA:292,0
DA:293,0
DA:294,0
DA:295,0
DA:296,0
DA:297,0
DA:298,0
DA:300,0
DA:301,0
DA:302,0
DA:303,0
DA:304,0
DA:305,0
DA:306,0
DA:307,0
DA:308,0
DA:310,0
DA:311,0
DA:312,0
DA:313,0
DA:314,0
DA:315,0
DA:316,0
DA:317,0
DA:318,0
DA:322,0
DA:323,0
DA:324,0
DA:325,0
DA:326,0
DA:327,0
DA:328,0
DA:330,0
DA:331,0
DA:332,0
DA:333,0
DA:334,0
DA:335,0
DA:336,0
DA:337,0
DA:339,0
DA:340,0
DA:341,0
DA:342,0
DA:343,0
DA:344,0
DA:345,0
DA:346,0
DA:349,0
DA:350,0
DA:351,0
DA:352,0
DA:353,0
DA:354,0
DA:358,0
DA:360,0
DA:361,0
DA:362,0
DA:363,0
DA:364,0
DA:367,0
DA:369,0
DA:372,0
DA:375,0
DA:376,0
DA:377,0
LF:183
LH:34
BRDA:35,0,0,1
BRDA:39,1,0,1
BRDA:46,2,0,1
BRDA:47,3,0,1
BRDA:47,3,1,0
BRDA:59,4,0,0
BRDA:61,5,0,1
BRDA:61,5,1,1
BRDA:63,6,0,1
BRDA:64,7,0,0
BRDA:69,8,0,0
BRDA:71,9,0,1
BRDA:71,9,1,1
BRDA:79,10,0,0
BRDA:79,11,0,1
BRDA:79,11,1,0
BRDA:85,12,0,0
BRDA:101,13,0,0
BRDA:130,14,0,0
BRDA:133,15,0,0
BRDA:133,15,1,0
BRDA:140,16,0,0
BRDA:148,17,0,0
BRDA:148,17,1,0
BRDA:165,18,0,0
BRDA:180,19,0,0
BRDA:181,20,0,0
BRDA:186,21,0,0
BRDA:186,21,1,0
BRDA:207,22,0,0
BRDA:208,23,0,0
BRDA:211,24,0,0
BRDA:228,25,0,0
BRDA:231,26,0,0
BRDA:234,27,0,0
BRDA:241,28,0,0
BRDA:242,29,0,0
BRDA:242,29,1,0
BRDA:242,30,0,0
BRDA:242,30,1,0
BRDA:244,31,0,0
BRDA:247,32,0,0
BRDA:271,33,0,0
BRDA:272,34,0,0
BRDA:284,35,0,0
BRDA:284,35,1,0
BRDA:285,36,0,0
BRDA:285,37,0,0
BRDA:285,37,1,0
BRDA:285,37,2,0
BRDA:292,38,0,0
BRDA:292,38,1,0
BRDA:310,39,0,0
BRDA:316,40,0,0
BRDA:323,41,0,0
BRDA:323,42,0,0
BRDA:323,42,1,0
BRDA:332,43,0,0
BRDA:340,44,0,0
BRDA:341,45,0,0
BRDA:352,46,0,0
BRDA:360,47,0,0
BRDA:361,48,0,0
BRDA:361,49,0,0
BRDA:361,49,1,0
BRDA:364,50,0,0
BRDA:369,51,0,0
BRDA:372,52,0,0
BRDA:376,53,0,0
BRDA:376,54,0,0
BRDA:376,54,1,0
BRF:71
BRH:10
end_of_record
TN:
SF:lib\ttsModels.ts
FN:52,(anonymous_7)
FN:55,isAllowedTtsModel
FN:85,(anonymous_9)
FN:88,isAllowedGeminiVoice
FNF:4
FNH:4
FNDA:15,(anonymous_7)
FNDA:4,isAllowedTtsModel
FNDA:39,(anonymous_9)
FNDA:4,isAllowedGeminiVoice
DA:18,3
DA:52,15
DA:55,4
DA:56,4
DA:68,3
DA:85,39
DA:88,4
DA:89,4
LF:8
LH:8
BRDA:56,0,0,4
BRDA:56,0,1,3
BRDA:89,1,0,4
BRDA:89,1,1,3
BRF:4
BRH:4
end_of_record
TN:
SF:lib\useAudioLevel.ts
FN:18,useAudioLevel
FN:27,(anonymous_2)
FN:45,(anonymous_3)
FN:47,(anonymous_4)
FN:64,(anonymous_5)
FN:80,(anonymous_6)
FN:98,(anonymous_7)
FN:104,(anonymous_8)
FN:105,(anonymous_9)
FNF:9
FNH:6
FNDA:3,useAudioLevel
FNDA:1,(anonymous_2)
FNDA:0,(anonymous_3)
FNDA:0,(anonymous_4)
FNDA:1,(anonymous_5)
FNDA:0,(anonymous_6)
FNDA:1,(anonymous_7)
FNDA:3,(anonymous_8)
FNDA:3,(anonymous_9)
DA:3,1
DA:18,3
DA:19,3
DA:20,3
DA:21,3
DA:22,3
DA:23,3
DA:24,3
DA:25,3
DA:27,3
DA:28,1
DA:30,1
DA:32,1
DA:34,0
DA:35,0
DA:36,0
DA:37,0
DA:38,0
DA:39,0
DA:40,0
DA:42,0
DA:45,3
DA:46,0
DA:47,0
DA:48,0
DA:49,0
DA:50,0
DA:51,0
DA:52,0
DA:53,0
DA:54,0
DA:56,0
DA:58,0
DA:60,0
DA:63,3
DA:65,1
DA:66,1
DA:67,0
DA:68,0
DA:69,0
DA:70,0
DA:71,0
DA:79,3
DA:81,0
DA:82,0
DA:83,0
DA:84,0
DA:85,0
DA:86,0
DA:88,0
DA:89,0
DA:90,0
DA:98,3
DA:99,1
DA:100,1
DA:101,1
DA:104,3
DA:105,3
DA:106,3
DA:107,3
DA:108,3
DA:112,3
LF:62
LH:28
BRDA:28,0,0,1
BRDA:30,1,0,1
BRDA:30,1,1,1
BRDA:34,2,0,0
BRDA:35,3,0,0
BRDA:46,4,0,0
BRDA:50,5,0,0
BRDA:50,6,0,0
BRDA:50,6,1,0
BRDA:84,7,0,0
BRF:10
BRH:3
end_of_record
TN:
SF:lib\useCamera.ts
FN:28,useCamera
FN:39,(anonymous_2)
FN:40,(anonymous_3)
FN:44,(anonymous_4)
FN:51,(anonymous_5)
FN:54,(anonymous_6)
FN:66,(anonymous_7)
FN:74,(anonymous_8)
FN:102,(anonymous_9)
FN:113,(anonymous_10)
FN:147,(anonymous_11)
FN:171,(anonymous_12)
FN:190,(anonymous_13)
FN:198,(anonymous_14)
FN:202,(anonymous_15)
FN:207,(anonymous_16)
FN:207,(anonymous_17)
FNF:17
FNH:10
FNDA:18,useCamera
FNDA:10,(anonymous_2)
FNDA:1,(anonymous_3)
FNDA:0,(anonymous_4)
FNDA:1,(anonymous_5)
FNDA:0,(anonymous_6)
FNDA:2,(anonymous_7)
FNDA:0,(anonymous_8)
FNDA:0,(anonymous_9)
FNDA:3,(anonymous_10)
FNDA:0,(anonymous_11)
FNDA:1,(anonymous_12)
FNDA:0,(anonymous_13)
FNDA:18,(anonymous_14)
FNDA:0,(anonymous_15)
FNDA:8,(anonymous_16)
FNDA:8,(anonymous_17)
DA:10,2
DA:11,2
DA:12,2
DA:28,18
DA:29,18
DA:30,18
DA:31,18
DA:32,18
DA:33,18
DA:34,18
DA:35,18
DA:37,18
DA:39,18
DA:40,10
DA:41,10
DA:44,18
DA:45,0
DA:46,0
DA:47,0
DA:51,18
DA:52,1
DA:53,1
DA:54,1
DA:65,18
DA:71,2
DA:72,2
DA:73,2
DA:74,2
DA:76,2
DA:77,2
DA:78,0
DA:80,2
DA:84,2
DA:85,2
DA:87,2
DA:88,2
DA:89,2
DA:90,4
DA:91,4
DA:92,1
DA:94,3
DA:97,2
DA:99,1
DA:100,1
DA:101,0
DA:102,0
DA:104,1
DA:105,1
DA:106,1
DA:107,1
DA:112,18
DA:114,3
DA:115,1
DA:116,1
DA:117,1
DA:119,2
DA:120,2
DA:121,2
DA:122,2
DA:123,2
DA:124,1
DA:125,1
DA:126,1
DA:127,1
DA:129,1
DA:130,1
DA:131,1
DA:132,1
DA:133,0
DA:134,0
DA:135,0
DA:137,0
DA:138,0
DA:140,1
DA:147,18
DA:148,0
DA:149,0
DA:150,0
DA:151,0
DA:152,0
DA:153,0
DA:154,0
DA:155,0
DA:157,0
DA:159,0
DA:160,0
DA:162,0
DA:164,0
DA:166,0
DA:171,18
DA:172,1
DA:173,1
DA:174,0
DA:175,0
DA:176,0
DA:177,0
DA:178,0
DA:179,0
DA:180,0
DA:181,0
DA:182,0
DA:183,0
DA:190,18
DA:191,0
DA:192,0
DA:193,0
DA:194,0
DA:198,18
DA:199,18
DA:200,18
DA:201,0
DA:202,0
DA:207,18
DA:209,18
LF:114
LH:73
BRDA:46,0,0,0
BRDA:73,1,0,0
BRDA:74,2,0,0
BRDA:77,3,0,0
BRDA:97,4,0,1
BRDA:97,5,0,1
BRDA:97,5,1,0
BRDA:100,6,0,0
BRDA:114,7,0,1
BRDA:114,8,0,3
BRDA:114,8,1,3
BRDA:121,9,0,2
BRDA:121,9,1,1
BRDA:121,9,2,1
BRDA:129,10,0,1
BRDA:129,10,1,0
BRDA:130,11,0,1
BRDA:130,11,1,0
BRDA:130,12,0,1
BRDA:130,12,1,0
BRDA:133,13,0,0
BRDA:133,13,1,0
BRDA:133,14,0,0
BRDA:133,14,1,0
BRDA:148,15,0,0
BRDA:150,16,0,0
BRDA:150,16,1,0
BRDA:171,17,0,1
BRDA:171,18,0,1
BRDA:173,19,0,1
BRDA:173,20,0,1
BRDA:173,20,1,0
BRDA:181,21,0,0
BRDA:191,22,0,0
BRDA:193,23,0,0
BRDA:200,24,0,0
BRDA:200,25,0,18
BRDA:200,25,1,0
BRDA:200,25,2,0
BRF:39
BRH:16
end_of_record
TN:
SF:lib\useSimliAvatar.ts
FN:75,installSimliConsoleFilter
FN:79,(anonymous_5)
FN:81,(anonymous_6)
FN:90,decodeForSimli
FN:96,useSimliAvatar
FN:109,(anonymous_9)
FN:117,(anonymous_10)
FN:124,(anonymous_11)
FN:132,(anonymous_12)
FN:136,(anonymous_13)
FN:166,(anonymous_14)
FN:176,(anonymous_15)
FN:177,(anonymous_16)
FN:178,(anonymous_17)
FN:187,(anonymous_18)
FN:193,(anonymous_19)
FN:201,(anonymous_20)
FN:228,(anonymous_21)
FN:233,(anonymous_22)
FN:237,(anonymous_23)
FN:247,(anonymous_24)
FN:267,(anonymous_25)
FN:283,(anonymous_26)
FN:305,(anonymous_27)
FN:357,(anonymous_28)
FN:383,(anonymous_29)
FN:384,(anonymous_30)
FNF:27
FNH:10
FNDA:0,installSimliConsoleFilter
FNDA:0,(anonymous_5)
FNDA:0,(anonymous_6)
FNDA:0,decodeForSimli
FNDA:13,useSimliAvatar
FNDA:7,(anonymous_9)
FNDA:0,(anonymous_10)
FNDA:0,(anonymous_11)
FNDA:13,(anonymous_12)
FNDA:1,(anonymous_13)
FNDA:0,(anonymous_14)
FNDA:0,(anonymous_15)
FNDA:0,(anonymous_16)
FNDA:0,(anonymous_17)
FNDA:0,(anonymous_18)
FNDA:0,(anonymous_19)
FNDA:0,(anonymous_20)
FNDA:13,(anonymous_21)
FNDA:1,(anonymous_22)
FNDA:1,(anonymous_23)
FNDA:0,(anonymous_24)
FNDA:0,(anonymous_25)
FNDA:0,(anonymous_26)
FNDA:0,(anonymous_27)
FNDA:1,(anonymous_28)
FNDA:6,(anonymous_29)
FNDA:6,(anonymous_30)
DA:18,2
DA:19,2
DA:20,2
DA:47,2
DA:54,2
DA:57,2
DA:58,2
DA:69,2
DA:74,2
DA:76,0
DA:77,0
DA:78,0
DA:79,0
DA:80,0
DA:81,0
DA:82,0
DA:83,0
DA:85,0
DA:91,0
DA:96,13
DA:97,13
DA:98,13
DA:99,13
DA:100,13
DA:103,13
DA:105,13
DA:106,13
DA:109,13
DA:110,7
DA:111,7
DA:112,0
DA:113,0
DA:115,7
DA:116,0
DA:117,0
DA:121,0
DA:122,0
DA:124,0
DA:127,13
DA:128,13
DA:131,13
DA:132,13
DA:133,13
DA:136,13
DA:137,1
DA:138,0
DA:139,0
DA:140,0
DA:141,0
DA:142,0
DA:143,0
DA:149,0
DA:150,0
DA:151,0
DA:153,0
DA:154,0
DA:155,0
DA:156,0
DA:166,0
DA:167,0
DA:176,0
DA:177,0
DA:178,0
DA:179,0
DA:182,0
DA:186,0
DA:187,0
DA:188,0
DA:190,0
DA:193,0
DA:199,0
DA:200,0
DA:201,0
DA:202,0
DA:203,0
DA:204,0
DA:205,0
DA:206,0
DA:208,0
DA:212,0
DA:213,0
DA:215,0
DA:216,0
DA:217,0
DA:227,13
DA:228,13
DA:229,13
DA:233,13
DA:234,1
DA:235,1
DA:236,1
DA:237,1
DA:239,1
DA:240,1
DA:243,1
DA:247,13
DA:248,0
DA:249,0
DA:251,0
DA:252,0
DA:254,0
DA:255,0
DA:256,0
DA:266,13
DA:268,0
DA:269,0
DA:270,0
DA:272,0
DA:273,0
DA:275,0
DA:276,0
DA:278,0
DA:279,0
DA:281,0
DA:282,0
DA:283,0
DA:285,0
DA:286,0
DA:287,0
DA:288,0
DA:289,0
DA:292,0
DA:293,0
DA:305,13
DA:306,0
DA:307,0
DA:309,0
DA:314,0
DA:315,0
DA:316,0
DA:319,0
DA:320,0
DA:321,0
DA:322,0
DA:324,0
DA:325,0
DA:326,0
DA:328,0
DA:329,0
DA:330,0
DA:332,0
DA:333,0
DA:334,0
DA:335,0
DA:336,0
DA:337,0
DA:338,0
DA:340,0
DA:341,0
DA:342,0
DA:343,0
DA:344,0
DA:345,0
DA:346,0
DA:350,0
DA:353,0
DA:357,13
DA:364,1
DA:365,1
DA:367,0
DA:369,1
DA:370,0
DA:371,0
DA:375,0
DA:380,13
DA:383,13
DA:384,6
DA:387,13
LF:168
LH:50
BRDA:76,0,0,0
BRDA:76,1,0,0
BRDA:76,1,1,0
BRDA:80,2,0,0
BRDA:80,2,1,0
BRDA:81,3,0,0
BRDA:81,4,0,0
BRDA:81,4,1,0
BRDA:91,5,0,0
BRDA:91,5,1,0
BRDA:93,6,0,0
BRDA:93,6,1,0
BRDA:111,7,0,0
BRDA:115,8,0,7
BRDA:115,9,0,7
BRDA:115,9,1,7
BRDA:124,10,0,0
BRDA:124,10,1,0
BRDA:137,11,0,1
BRDA:137,12,0,1
BRDA:137,12,1,0
BRDA:149,13,0,0
BRDA:153,14,0,0
BRDA:153,15,0,0
BRDA:153,15,1,0
BRDA:155,16,0,0
BRDA:155,16,1,0
BRDA:179,17,0,0
BRDA:179,17,1,0
BRDA:186,18,0,0
BRDA:200,19,0,0
BRDA:203,20,0,0
BRDA:204,21,0,0
BRDA:216,22,0,0
BRDA:216,22,1,0
BRDA:234,23,0,0
BRDA:235,24,0,0
BRDA:236,25,0,1
BRDA:239,26,0,1
BRDA:249,27,0,0
BRDA:269,28,0,0
BRDA:270,29,0,0
BRDA:278,30,0,0
BRDA:281,31,0,0
BRDA:292,32,0,0
BRDA:307,33,0,0
BRDA:314,34,0,0
BRDA:314,34,1,0
BRDA:315,35,0,0
BRDA:315,36,0,0
BRDA:315,36,1,0
BRDA:315,36,2,0
BRDA:328,37,0,0
BRDA:329,38,0,0
BRDA:330,39,0,0
BRDA:330,40,0,0
BRDA:330,40,1,0
BRDA:333,41,0,0
BRDA:341,42,0,0
BRDA:350,43,0,0
BRDA:353,44,0,0
BRDA:369,45,0,0
BRF:62
BRH:7
end_of_record
TN:
SF:lib\useVoiceLevel.ts
FN:21,useVoiceLevel
FN:26,(anonymous_2)
FN:32,(anonymous_3)
FN:55,(anonymous_4)
FNF:4
FNH:4
FNDA:13,useVoiceLevel
FNDA:5,(anonymous_2)
FNDA:10,(anonymous_3)
FNDA:5,(anonymous_4)
DA:3,2
DA:21,13
DA:22,13
DA:23,13
DA:24,13
DA:26,13
DA:27,5
DA:28,5
DA:29,5
DA:30,5
DA:32,5
DA:33,10
DA:34,10
DA:35,10
DA:36,10
DA:37,2
DA:38,0
DA:40,2
DA:41,2
DA:42,2
DA:44,2
DA:45,2
DA:47,2
DA:48,2
DA:51,10
DA:52,10
DA:54,5
DA:55,5
DA:58,13
LF:29
LH:28
BRDA:34,0,0,10
BRDA:34,0,1,10
BRDA:36,1,0,2
BRDA:37,2,0,0
BRDA:37,2,1,2
BRDA:44,3,0,2
BRDA:44,3,1,0
BRDA:45,4,0,2
BRDA:45,4,1,0
BRDA:51,5,0,2
BRDA:51,5,1,8
BRF:11
BRH:8
end_of_record
TN:
SF:lib\visionClient.ts
FN:10,analyzeImage
FN:35,makeThumbnail
FN:36,(anonymous_8)
FN:38,(anonymous_9)
FN:53,(anonymous_10)
FN:59,buildRecognitionPrompt
FN:63,(anonymous_12)
FN:70,(anonymous_13)
FN:94,buildCandidates
FN:100,(anonymous_15)
FN:102,(anonymous_16)
FN:115,matchMemory
FN:123,(anonymous_18)
FN:141,(anonymous_19)
FN:142,(anonymous_20)
FNF:15
FNH:10
FNDA:0,analyzeImage
FNDA:0,makeThumbnail
FNDA:0,(anonymous_8)
FNDA:0,(anonymous_9)
FNDA:0,(anonymous_10)
FNDA:3,buildRecognitionPrompt
FNDA:1,(anonymous_12)
FNDA:1,(anonymous_13)
FNDA:2,buildCandidates
FNDA:13,(anonymous_15)
FNDA:4,(anonymous_16)
FNDA:5,matchMemory
FNDA:4,(anonymous_18)
FNDA:10,(anonymous_19)
FNDA:9,(anonymous_20)
DA:10,0
DA:16,0
DA:21,0
DA:22,0
DA:23,0
DA:24,0
DA:25,0
DA:29,0
DA:31,0
DA:35,0
DA:36,0
DA:37,0
DA:38,0
DA:39,0
DA:40,0
DA:41,0
DA:42,0
DA:43,0
DA:44,0
DA:45,0
DA:46,0
DA:47,0
DA:48,0
DA:50,0
DA:51,0
DA:53,0
DA:54,0
DA:59,3
DA:63,3
DA:64,3
DA:65,2
DA:69,1
DA:70,1
DA:72,1
DA:73,1
DA:80,0
DA:94,2
DA:99,2
DA:100,13
DA:102,4
DA:115,5
DA:121,5
DA:122,2
DA:123,4
DA:124,2
DA:126,1
DA:130,4
DA:132,4
DA:133,4
DA:134,12
DA:135,7
DA:136,7
DA:137,7
DA:139,7
DA:141,10
DA:142,9
DA:143,7
DA:144,2
DA:145,2
DA:148,4
LF:60
LH:32
BRDA:21,0,0,0
BRDA:25,1,0,0
BRDA:35,2,0,0
BRDA:35,3,0,0
BRDA:46,4,0,0
BRDA:64,5,0,2
BRDA:65,6,0,1
BRDA:65,6,1,1
BRDA:70,7,0,1
BRDA:70,7,1,0
BRDA:72,8,0,1
BRDA:97,9,0,1
BRDA:100,10,0,13
BRDA:100,10,1,12
BRDA:121,11,0,2
BRDA:123,12,0,4
BRDA:123,12,1,2
BRDA:124,13,0,1
BRDA:126,14,0,1
BRDA:126,14,1,0
BRDA:134,15,0,5
BRDA:136,16,0,0
BRDA:143,17,0,2
BRDA:143,18,0,7
BRDA:143,18,1,6
BRDA:144,19,0,1
BRDA:144,19,1,1
BRDA:144,20,0,2
BRDA:144,20,1,0
BRDA:145,21,0,2
BRDA:145,22,0,2
BRDA:145,22,1,0
BRF:32
BRH:22
end_of_record
TN:
SF:lib\visionIntentRouter.ts
FN:29,cleanLabel
FN:43,detectVisionIntent
FN:133,extractObjectLabel
FN:151,extractPersonName
FNF:4
FNH:4
FNDA:3,cleanLabel
FNDA:13,detectVisionIntent
FNDA:2,extractObjectLabel
FNDA:1,extractPersonName
DA:30,3
DA:34,3
DA:36,3
DA:37,3
DA:41,2
DA:43,13
DA:44,13
DA:45,13
DA:48,13
DA:53,1
DA:56,1
DA:57,1
DA:58,1
DA:62,12
DA:63,12
DA:64,1
DA:65,1
DA:75,11
DA:76,1
DA:84,10
DA:85,1
DA:94,9
DA:100,1
DA:104,8
DA:110,1
DA:114,7
DA:127,5
DA:130,2
DA:134,2
DA:139,2
DA:140,4
DA:141,4
DA:143,2
DA:144,2
DA:145,2
DA:148,0
DA:152,1
DA:156,1
DA:157,1
DA:158,1
DA:159,1
DA:163,1
DA:166,0
LF:43
LH:41
BRDA:48,0,0,1
BRDA:49,1,0,13
BRDA:49,1,1,1
BRDA:56,2,0,1
BRDA:56,2,1,0
BRDA:56,3,0,1
BRDA:56,3,1,1
BRDA:57,4,0,0
BRDA:57,4,1,1
BRDA:63,5,0,1
BRDA:63,6,0,12
BRDA:63,6,1,2
BRDA:75,7,0,1
BRDA:75,8,0,11
BRDA:75,8,1,1
BRDA:84,9,0,1
BRDA:84,10,0,10
BRDA:84,10,1,1
BRDA:94,11,0,1
BRDA:95,12,0,9
BRDA:95,12,1,8
BRDA:95,12,2,8
BRDA:95,12,3,8
BRDA:95,12,4,0
BRDA:104,13,0,1
BRDA:105,14,0,8
BRDA:105,14,1,7
BRDA:114,15,0,5
BRDA:115,16,0,7
BRDA:115,16,1,6
BRDA:115,16,2,5
BRDA:115,16,3,4
BRDA:115,16,4,4
BRDA:115,16,5,4
BRDA:115,16,6,4
BRDA:115,16,7,3
BRDA:115,16,8,3
BRDA:115,16,9,3
BRDA:115,16,10,2
BRDA:141,17,0,2
BRDA:141,18,0,4
BRDA:141,18,1,2
BRDA:145,19,0,2
BRDA:158,20,0,1
BRDA:158,21,0,1
BRDA:158,21,1,1
BRDA:163,22,0,1
BRDA:163,23,0,1
BRDA:163,23,1,1
BRF:49
BRH:46
end_of_record
TN:
SF:lib\visualMemory.ts
FN:13,hasIndexedDB
FN:17,openDB
FN:18,(anonymous_11)
FN:20,(anonymous_12)
FN:28,(anonymous_13)
FN:29,(anonymous_14)
FN:33,tx
FN:38,(anonymous_16)
FN:39,(anonymous_17)
FN:43,(anonymous_18)
FN:44,(anonymous_19)
FN:45,(anonymous_20)
FN:61,saveMemory
FN:77,(anonymous_22)
FN:81,listMemories
FN:83,(anonymous_24)
FN:84,(anonymous_25)
FN:87,getMemory
FN:91,(anonymous_27)
FN:95,searchMemories
FN:100,(anonymous_29)
FN:103,(anonymous_30)
FN:107,deleteMemory
FN:109,(anonymous_32)
FN:112,updateMemory
FN:126,(anonymous_34)
FN:131,exportMemories
FN:137,importMemories
FN:148,(anonymous_37)
FNF:29
FNH:27
FNDA:29,hasIndexedDB
FNDA:29,openDB
FNDA:29,(anonymous_11)
FNDA:14,(anonymous_12)
FNDA:29,(anonymous_13)
FNDA:0,(anonymous_14)
FNDA:29,tx
FNDA:29,(anonymous_16)
FNDA:29,(anonymous_17)
FNDA:29,(anonymous_18)
FNDA:0,(anonymous_19)
FNDA:28,(anonymous_20)
FNDA:9,saveMemory
FNDA:9,(anonymous_22)
FNDA:11,listMemories
FNDA:11,(anonymous_24)
FNDA:3,(anonymous_25)
FNDA:5,getMemory
FNDA:5,(anonymous_27)
FNDA:3,searchMemories
FNDA:4,(anonymous_29)
FNDA:1,(anonymous_30)
FNDA:1,deleteMemory
FNDA:1,(anonymous_32)
FNDA:2,updateMemory
FNDA:1,(anonymous_34)
FNDA:1,exportMemories
FNDA:3,importMemories
FNDA:2,(anonymous_37)
DA:9,4
DA:10,4
DA:11,4
DA:14,29
DA:18,29
DA:19,29
DA:20,29
DA:21,14
DA:22,14
DA:23,14
DA:24,14
DA:25,14
DA:28,29
DA:29,29
DA:37,29
DA:39,29
DA:40,29
DA:41,29
DA:42,29
DA:43,29
DA:44,29
DA:45,29
DA:61,9
DA:62,9
DA:63,9
DA:76,9
DA:77,9
DA:78,9
DA:81,7
DA:82,11
DA:83,11
DA:84,11
DA:87,3
DA:88,5
DA:89,5
DA:91,5
DA:95,3
DA:96,3
DA:97,3
DA:98,3
DA:99,2
DA:101,4
DA:103,1
DA:107,1
DA:108,1
DA:109,1
DA:112,2
DA:116,2
DA:117,2
DA:118,1
DA:125,1
DA:126,1
DA:127,1
DA:131,1
DA:132,1
DA:133,1
DA:137,3
DA:139,3
DA:140,3
DA:142,0
DA:144,3
DA:145,2
DA:146,2
DA:147,3
DA:148,2
DA:149,2
DA:152,2
LF:67
LH:66
BRDA:14,0,0,29
BRDA:14,0,1,29
BRDA:22,1,0,14
BRDA:67,2,0,9
BRDA:67,2,1,2
BRDA:72,3,0,9
BRDA:72,3,1,8
BRDA:73,4,0,9
BRDA:73,4,1,9
BRDA:74,5,0,9
BRDA:74,5,1,9
BRDA:76,6,0,0
BRDA:82,7,0,0
BRDA:84,8,0,0
BRDA:84,8,1,3
BRDA:88,9,0,0
BRDA:98,10,0,1
BRDA:101,11,0,4
BRDA:101,11,1,3
BRDA:101,11,2,3
BRDA:108,12,0,0
BRDA:117,13,0,1
BRDA:125,14,0,0
BRDA:144,15,0,1
BRDA:147,16,0,2
BRDA:147,17,0,3
BRDA:147,17,1,3
BRDA:147,17,2,2
BRDA:147,17,3,2
BRDA:148,18,0,2
BRF:30
BRH:24
end_of_record
TN:
SF:lib\design\tokens.ts
FNF:0
FNH:0
DA:12,5
DA:53,3
DA:60,3
DA:63,3
DA:81,43
DA:84,3
DA:93,3
LF:7
LH:7
BRF:0
BRH:0
end_of_record
